 Reading grid           2           2           1
 Reading D3 matrices...
 Reading 'FILD3DYN/anh_Q1.0_0_0_Q2.0_0_0_Q3.0_0_0'...
     1   xq     0.0000    0.0000    0.0000       0.0000    0.0000    0.0000       0.0000    0.0000    0.0000     1  1  1     1  1  1    1 2 3   FILD3DYN/anh_Q1.0_0_0_Q2.0_0_0_Q3.0_0_0     1
 Reading 'FILD3DYN/anh_Q1.0_0_0_Q2.0_-1o2_0_Q3.0_1o2_0'...
     2   xq     0.0000    0.0000    0.0000       0.0000   -0.5774    0.0000       0.0000    0.5774    0.0000     1  2  1     1  2  1    1 2 3   FILD3DYN/anh_Q1.0_0_0_Q2.0_-1o2_0_Q3.0_1o2_0     1
     3   xq     0.0000   -0.5774    0.0000       0.0000    0.5774    0.0000       0.0000    0.0000    0.0000     1  2  1     1  1  1    2 3 1   FILD3DYN/anh_Q1.0_0_0_Q2.0_-1o2_0_Q3.0_1o2_0     2
     4   xq     0.0000    0.5774    0.0000       0.0000    0.0000    0.0000       0.0000   -0.5774    0.0000     1  1  1     1  2  1    3 1 2   FILD3DYN/anh_Q1.0_0_0_Q2.0_-1o2_0_Q3.0_1o2_0     3
 Reading 'FILD3DYN/anh_Q1.0_0_0_Q2.1o2_0_0_Q3.-1o2_0_0'...
     5   xq     0.0000    0.0000    0.0000       0.5000    0.2887    0.0000      -0.5000   -0.2887    0.0000     2  1  1     2  1  1    1 2 3   FILD3DYN/anh_Q1.0_0_0_Q2.1o2_0_0_Q3.-1o2_0_0     1
     6   xq     0.5000    0.2887    0.0000      -0.5000   -0.2887    0.0000       0.0000    0.0000    0.0000     2  1  1     1  1  1    2 3 1   FILD3DYN/anh_Q1.0_0_0_Q2.1o2_0_0_Q3.-1o2_0_0     2
     7   xq    -0.5000   -0.2887    0.0000       0.0000    0.0000    0.0000       0.5000    0.2887    0.0000     1  1  1     2  1  1    3 1 2   FILD3DYN/anh_Q1.0_0_0_Q2.1o2_0_0_Q3.-1o2_0_0     3
 Reading 'FILD3DYN/anh_Q1.0_0_0_Q2.-1o2_1o2_0_Q3.1o2_-1o2_0'...
     8   xq     0.0000    0.0000    0.0000      -0.5000    0.2887    0.0000       0.5000   -0.2887    0.0000     2  2  1     2  2  1    1 2 3   FILD3DYN/anh_Q1.0_0_0_Q2.-1o2_1o2_0_Q3.1o2_-1o2_0     1
     9   xq    -0.5000    0.2887    0.0000       0.5000   -0.2887    0.0000       0.0000    0.0000    0.0000     2  2  1     1  1  1    2 3 1   FILD3DYN/anh_Q1.0_0_0_Q2.-1o2_1o2_0_Q3.1o2_-1o2_0     2
    10   xq     0.5000   -0.2887    0.0000       0.0000    0.0000    0.0000      -0.5000    0.2887    0.0000     1  1  1     2  2  1    3 1 2   FILD3DYN/anh_Q1.0_0_0_Q2.-1o2_1o2_0_Q3.1o2_-1o2_0     3
 Reading 'FILD3DYN/anh_Q1.0_-1o2_0_Q2.-1o2_0_0_Q3.1o2_1o2_0'...
    11   xq     0.0000   -0.5774    0.0000      -0.5000   -0.2887    0.0000       0.5000    0.8660    0.0000     2  1  1     2  2  1    1 2 3   FILD3DYN/anh_Q1.0_-1o2_0_Q2.-1o2_0_0_Q3.1o2_1o2_0     1
    12   xq    -0.5000   -0.2887    0.0000       0.5000    0.8660    0.0000       0.0000   -0.5774    0.0000     2  2  1     1  2  1    2 3 1   FILD3DYN/anh_Q1.0_-1o2_0_Q2.-1o2_0_0_Q3.1o2_1o2_0     2
    13   xq     0.5000    0.8660    0.0000       0.0000   -0.5774    0.0000      -0.5000   -0.2887    0.0000     1  2  1     2  1  1    3 1 2   FILD3DYN/anh_Q1.0_-1o2_0_Q2.-1o2_0_0_Q3.1o2_1o2_0     3
    14   xq     0.5000    0.8660    0.0000      -0.5000   -0.2887    0.0000       0.0000   -0.5774    0.0000     2  1  1     1  2  1    3 2 1   FILD3DYN/anh_Q1.0_-1o2_0_Q2.-1o2_0_0_Q3.1o2_1o2_0     4
    15   xq    -0.5000   -0.2887    0.0000       0.0000   -0.5774    0.0000       0.5000    0.8660    0.0000     1  2  1     2  2  1    2 1 3   FILD3DYN/anh_Q1.0_-1o2_0_Q2.-1o2_0_0_Q3.1o2_1o2_0     5
    16   xq     0.0000   -0.5774    0.0000       0.5000    0.8660    0.0000      -0.5000   -0.2887    0.0000     2  2  1     2  1  1    1 3 2   FILD3DYN/anh_Q1.0_-1o2_0_Q2.-1o2_0_0_Q3.1o2_1o2_0     6
 Reading 'FILD3DYN/anh_Q1.0_-1o2_0_Q2.1o2_-1o2_0_Q3.-1o2_1_0'...
 Reading 'FILD3DYN/anh_Q1.1o2_0_0_Q2.0_1o2_0_Q3.-1o2_-1o2_0'...
 Reading 'FILD3DYN/anh_Q1.-1o2_0_0_Q2.-1o2_1o2_0_Q3.1_-1o2_0'...
 Reading 'FILD3DYN/anh_Q1.1o2_-1o2_0_Q2.0_-1o2_0_Q3.-1o2_1_0'...
 Reading 'FILD3DYN/anh_Q1.-1o2_1o2_0_Q2.-1o2_0_0_Q3.1_-1o2_0'...
 Reading D3 matrices done
 Total memory used :            0 Mb
 Doing Backward FFT...
    Sum of imaginary parts:     1.361E-02
    Average imaginary part:     8.884E-06
    Largest imaginary fraction: 8.143E-05 for  2.090E-01-1.702E-05
    Largest imaginary part:     7.988E-05
 Backward FFT done
 Total memory used :            0 Mb
 Writing FCs to file...
 Testing Forward FFT, with imaginary part...
   BW/FW FFT fine.
 Testing Forward FFT, without imaginary part...
    Imag:       5      0.0000      0.0000      0.0000         0.5000      0.2887      0.0000        -0.5000     -0.2887      0.0000         2.39524123E-04
    Imag:       6      0.5000      0.2887      0.0000        -0.5000     -0.2887      0.0000         0.0000      0.0000      0.0000         2.39524123E-04
    Imag:       7     -0.5000     -0.2887      0.0000         0.0000      0.0000      0.0000         0.5000      0.2887      0.0000         2.39524123E-04
    Imag:       8      0.0000      0.0000      0.0000        -0.5000      0.2887      0.0000         0.5000     -0.2887      0.0000         2.39524123E-04
    Imag:       9     -0.5000      0.2887      0.0000         0.5000     -0.2887      0.0000         0.0000      0.0000      0.0000         2.39524123E-04
    Imag:      10      0.5000     -0.2887      0.0000         0.0000      0.0000      0.0000        -0.5000      0.2887      0.0000         2.39524123E-04
    Imag:      11      0.0000     -0.5774      0.0000        -0.5000     -0.2887      0.0000         0.5000      0.8660      0.0000         1.61216610E-04
    Imag:      12     -0.5000     -0.2887      0.0000         0.5000      0.8660      0.0000         0.0000     -0.5774      0.0000         1.61216610E-04
    Imag:      13      0.5000      0.8660      0.0000         0.0000     -0.5774      0.0000        -0.5000     -0.2887      0.0000         1.61216610E-04
    Imag:      14      0.5000      0.8660      0.0000        -0.5000     -0.2887      0.0000         0.0000     -0.5774      0.0000         1.61216610E-04
    Imag:      15     -0.5000     -0.2887      0.0000         0.0000     -0.5774      0.0000         0.5000      0.8660      0.0000         1.61216610E-04
    Imag:      16      0.0000     -0.5774      0.0000         0.5000      0.8660      0.0000        -0.5000     -0.2887      0.0000         1.61216610E-04
   WARNING! BW/FW FFT discrepancy was found! 
 Testing forward FFT done
