 ** Reading full grid FC3 file mat3R.asr
     alat (bohr)    4.607423
     tpiba (1/bohr)    1.363709
     at_1 = (    1.000000    0.000000    0.000000 )
     at_2 = (   -0.500000    0.866025    0.000000 )
     at_3 = (    0.000000    0.000000    3.000000 )
     bg_1 = (    1.000000    0.577350    0.000000 )
     bg_2 = (    0.000000    1.154701    0.000000 )
     bg_3 = (    0.000000    0.000000    0.333333 )
     volume (bohr^3)  254.112647
    Original FC3 grid:           2           2           1
    Number of R:                 0
 FC Memory used :            0 Mb
 Cutting off FCs smaller than :   0.000000000000000E+000 Ry/bohr^3
 FC+Sparse Memory used :            0 Mb
 Running       10000 test configurations
 Max delta:   0.000000000000000E+000  0.000000000000000E+000
 Avg delta:   0.000000000000000E+000
 Speedup:      5.20425606953961     
   *         Full matrix form *      178.313535 *        0.017831 *         178.314 *        0.017831 *   45.787 *       10000. *
   *       Sparse matrix form *       34.263021 *        0.003426 *          34.263 *        0.003426 *    8.798 *       10000. *
 Sparse Memory used :            0 Mb
 
      
     For 2n+1 calculations of force constants please cite:
      1. Lorenzo Paulatto, Francesco Mauri, and Michele Lazzeri
         Phys. Rev. B 87, 214303 – Published 7 June 2013
      
     For thermal transport calculations please cite:
      2. Giorgia Fugallo, Michele Lazzeri, Lorenzo Paulatto, and Francesco Mauri
         Phys. Rev. B 88, 045430 – Published 17 July 2013
      3. A. Cepellotti, G. Fugallo, L. Paulatto, M. Lazzeri, F. Mauri, N. Marzari,
         Nature communications 6 (2015)
      4. G. Fugallo, A. Cepellotti, L. Paulatto, M. Lazzeri, N. Marzari, F. Mauri,
         Nano letters 14 (11), 6109-6114 (2014)
      
     For spectral function calculations also cite:
      5. Lorenzo Paulatto, Ion Errea, Matteo Calandra, and Francesco Mauri,
         Phys. Rev. B 91, 054304 (2015)
 
