 # qpoint [2pi/alat], linewidth [cm^-1]
#      1     T= 300.0    sigma=  10.0
    0.000000    0.000000    0.000000   -0.0000000000E+00   -0.0000000000E+00   -0.0000000000E+00    0.3025173647E+00    0.5212640459E+00    0.3861321205E+00
   -0.200000    0.200000   -0.200000    0.1090481355E-01    0.1393482987E-01    0.1056226767E+00    0.1937732231E+00    0.2289188305E+00    0.1342372909E+00
   -0.400000    0.400000   -0.400000    0.2675828230E-01    0.2311247544E-01    0.3849539198E+00    0.1132042830E+00    0.2184176694E+00    0.1973687808E+00
   -0.600000    0.600000   -0.600000    0.2978483703E-01    0.2008592071E-01    0.3849539198E+00    0.1132042830E+00    0.2270770143E+00    0.1887094360E+00
   -0.800000    0.800000   -0.800000    0.1081345926E-01    0.1402618416E-01    0.1056226767E+00    0.1937732231E+00    0.1974272617E+00    0.1657288597E+00
    0.200000    0.200000    0.200000    0.5678585949E-01    0.5678585949E-01    0.4160233042E-01    0.4243835602E-01    0.2331721215E+00    0.2331721215E+00
    0.000000    0.400000    0.000000    0.2760007032E-01    0.2822960232E-01    0.2856527334E-01    0.8338490707E-01    0.8657557197E-01    0.2220739673E+00
   -0.200000    0.600000   -0.200000    0.2733556942E-01    0.3708724126E-01    0.2477681129E+00    0.6838983687E-01    0.1796917025E+00    0.1039676437E+00
   -0.400000    0.800000   -0.400000    0.9805803927E-01    0.6468366649E-01    0.6850526886E+00    0.2621498284E+00    0.3174974325E+00    0.8255512618E-01
   -0.600000    1.000000   -0.600000    0.7305768099E-01    0.2404764572E-01    0.1563738011E+00    0.2059899836E+00    0.8981642433E-01    0.1656434062E+00
    0.400000    0.400000    0.400000    0.5290266653E-01    0.5290266653E-01    0.1304271705E+00    0.9622696036E-01    0.6575870755E+00    0.6575870755E+00
    0.200000    0.600000    0.200000    0.5025024711E-01    0.7980217752E-01    0.1722666921E+00    0.1435233502E+00    0.3906568686E+00    0.3144788778E+00
    0.000000    0.800000    0.000000    0.6260193364E-01    0.6480494888E-01    0.1750819573E+00    0.1570875776E+00    0.1592186225E+00    0.1979000912E+00
   -0.200000    1.000000   -0.200000    0.1243427798E+00    0.1240761848E+00    0.1662417808E+00    0.3286327149E+00    0.3028204708E+00    0.6591860530E-01
   -0.400000    1.200000   -0.400000    0.9513195923E-01    0.2234048642E+00    0.1620431866E+00    0.1844921297E+00    0.3559115738E+00    0.3044858521E+00
    0.600000    0.600000    0.600000    0.5290266653E-01    0.5290266653E-01    0.1304271705E+00    0.9622696036E-01    0.6575870755E+00    0.6575870755E+00
    0.400000    0.800000    0.400000    0.9513195923E-01    0.2234048642E+00    0.1620431866E+00    0.1844921297E+00    0.3559115738E+00    0.3044858521E+00
    0.200000    1.000000    0.200000    0.1243427798E+00    0.1240761848E+00    0.1662417808E+00    0.3286327149E+00    0.3028204708E+00    0.6591860530E-01
    0.000000    1.200000    0.000000    0.5964279826E-01    0.6776408426E-01    0.1750819573E+00    0.1570875776E+00    0.1652680495E+00    0.1918506642E+00
   -0.200000    1.400000   -0.200000    0.5025024711E-01    0.7980217752E-01    0.1722666921E+00    0.1435233502E+00    0.3906568686E+00    0.3144788778E+00
    0.800000    0.800000    0.800000    0.5678585949E-01    0.5678585949E-01    0.4160233042E-01    0.4243835602E-01    0.2331721215E+00    0.2331721215E+00
    0.600000    1.000000    0.600000    0.7305768099E-01    0.2404764572E-01    0.1563738011E+00    0.2059899836E+00    0.8981642433E-01    0.1656434062E+00
    0.400000    1.200000    0.400000    0.9805803927E-01    0.6468366649E-01    0.6850526886E+00    0.2621498284E+00    0.3174974325E+00    0.8255512618E-01
    0.200000    1.400000    0.200000    0.2733556942E-01    0.3708724126E-01    0.2477681129E+00    0.6838983687E-01    0.1796917025E+00    0.1039676437E+00
    0.000000    1.600000    0.000000    0.2762785051E-01    0.2820182213E-01    0.2856527334E-01    0.7997548531E-01    0.8998499374E-01    0.2220739673E+00
   -0.200000   -0.200000    0.200000    0.1342776651E-01    0.1141187691E-01    0.1056226767E+00    0.1937732231E+00    0.1423286173E+00    0.2208275041E+00
   -0.400000    0.000000    0.000000    0.2779368874E-01    0.2803598390E-01    0.2856527334E-01    0.7623777520E-01    0.9372270384E-01    0.2220739673E+00
   -0.600000    0.200000   -0.200000    0.3195767944E-01    0.5895209294E-01    0.3030653365E+00    0.3060153706E+00    0.9329072851E-01    0.1428993462E+00
   -0.800000    0.400000   -0.400000    0.2381170591E-01    0.7296065376E-01    0.8723454793E+00    0.1413578654E+00    0.9323981899E-01    0.1465424693E+00
   -1.000000    0.600000   -0.600000    0.2181135960E-01    0.3031182269E-01    0.1051663046E+00    0.7266852302E-01    0.6329866997E-01    0.1506093690E+00
    0.000000    0.000000    0.400000    0.2772955825E-01    0.2810011439E-01    0.2856527334E-01    0.9189397551E-01    0.7806650354E-01    0.2220739673E+00
   -0.200000    0.200000    0.200000    0.1354955792E-01    0.1129008550E-01    0.1056226767E+00    0.1937732231E+00    0.1554130096E+00    0.2077431118E+00
   -0.400000    0.400000    0.000000    0.2181135960E-01    0.3031182269E-01    0.1051663046E+00    0.7266852302E-01    0.6329866997E-01    0.1506093690E+00
   -0.600000    0.600000   -0.200000    0.2381170591E-01    0.7296065376E-01    0.8723454793E+00    0.1413578654E+00    0.9323981899E-01    0.1465424693E+00
   -0.800000    0.800000   -0.400000    0.3195767944E-01    0.5895209294E-01    0.3030653365E+00    0.3060153706E+00    0.9329072851E-01    0.1428993462E+00
    0.200000    0.200000    0.600000    0.5025024711E-01    0.7980217752E-01    0.1722666921E+00    0.1435233502E+00    0.3906568686E+00    0.3144788778E+00
    0.000000    0.400000    0.400000    0.7305768099E-01    0.2404764572E-01    0.1563738011E+00    0.2059899836E+00    0.8981642433E-01    0.1656434062E+00
   -0.200000    0.600000    0.200000    0.3195767944E-01    0.5895209294E-01    0.3030653365E+00    0.3060153706E+00    0.9329072851E-01    0.1428993462E+00
   -0.400000    0.800000    0.000000    0.7434884165E-01    0.8595747920E-01    0.4641682171E+00    0.1309136147E+00    0.8806491628E-01    0.9615683310E-01
   -0.600000    1.000000   -0.200000    0.1262460369E+00    0.1462915596E+00    0.2793300717E+00    0.2098085327E+00    0.1985573743E+00    0.1186137565E+00
    0.400000    0.400000    0.800000    0.9513195923E-01    0.2234048642E+00    0.1620431866E+00    0.1844921297E+00    0.3559115738E+00    0.3044858521E+00
    0.200000    0.600000    0.600000    0.9513195923E-01    0.2234048642E+00    0.1620431866E+00    0.1844921297E+00    0.3559115738E+00    0.3044858521E+00
   -0.000000    0.800000    0.400000    0.1262460369E+00    0.1462915596E+00    0.2793300717E+00    0.2098085327E+00    0.1985573743E+00    0.1186137565E+00
   -0.200000    1.000000    0.200000    0.4290486859E-01    0.1286959863E+00    0.2243060816E+00    0.1569339836E+00    0.2668865619E-01    0.1458075358E+00
   -0.400000    1.200000    0.000000    0.1262460369E+00    0.1462915596E+00    0.2793300717E+00    0.2098085327E+00    0.1985573743E+00    0.1186137565E+00
    0.600000    0.600000    1.000000    0.7305768099E-01    0.2404764572E-01    0.1563738011E+00    0.2059899836E+00    0.8981642433E-01    0.1656434062E+00
    0.400000    0.800000    0.800000    0.5025024711E-01    0.7980217752E-01    0.1722666921E+00    0.1435233502E+00    0.3906568686E+00    0.3144788778E+00
    0.200000    1.000000    0.600000    0.1262460369E+00    0.1462915596E+00    0.2793300717E+00    0.2098085327E+00    0.1985573743E+00    0.1186137565E+00
    0.000000    1.200000    0.400000    0.7434884165E-01    0.8595747920E-01    0.4641682171E+00    0.1309136147E+00    0.8806491628E-01    0.9615683310E-01
   -0.200000    1.400000    0.200000    0.3195767944E-01    0.5895209294E-01    0.3030653365E+00    0.3060153706E+00    0.9329072851E-01    0.1428993462E+00
   -0.400000   -0.400000    0.400000    0.2757181034E-01    0.2229894741E-01    0.3849539198E+00    0.1132042830E+00    0.1955427733E+00    0.2202436769E+00
   -0.600000   -0.200000    0.200000    0.3195767944E-01    0.5895209294E-01    0.3030653365E+00    0.3060153706E+00    0.9329072851E-01    0.1428993462E+00
   -0.800000    0.000000    0.000000    0.6543869742E-01    0.6196818510E-01    0.1750819573E+00    0.1570875776E+00    0.8693483995E-01    0.2701838738E+00
   -1.000000    0.200000   -0.200000    0.4290486859E-01    0.1286959863E+00    0.2243060816E+00    0.1569339836E+00    0.2668865619E-01    0.1458075358E+00
   -1.200000    0.400000   -0.400000    0.2381170591E-01    0.7296065376E-01    0.8723454793E+00    0.1413578654E+00    0.9323981899E-01    0.1465424693E+00
   -0.200000   -0.200000    0.600000    0.2733556942E-01    0.3708724126E-01    0.2477681129E+00    0.6838983687E-01    0.1796917025E+00    0.1039676437E+00
   -0.400000    0.000000    0.400000    0.2181135960E-01    0.3031182269E-01    0.1051663046E+00    0.7266852302E-01    0.6329866997E-01    0.1506093690E+00
   -0.600000    0.200000    0.200000    0.2733556942E-01    0.3708724126E-01    0.2477681129E+00    0.6838983687E-01    0.1796917025E+00    0.1039676437E+00
   -0.800000    0.400000    0.000000    0.7434884165E-01    0.8595747920E-01    0.4641682171E+00    0.1309136147E+00    0.8806491628E-01    0.9615683310E-01
   -1.000000    0.600000   -0.200000    0.7434884165E-01    0.8595747920E-01    0.4641682171E+00    0.1309136147E+00    0.8806491628E-01    0.9615683310E-01
    0.000000    0.000000    0.800000    0.6481898784E-01    0.6258789468E-01    0.1750819573E+00    0.1570875776E+00    0.1405117022E+00    0.2166070115E+00
   -0.200000    0.200000    0.600000    0.3195767944E-01    0.5895209294E-01    0.3030653365E+00    0.3060153706E+00    0.9329072851E-01    0.1428993462E+00
   -0.400000    0.400000    0.400000    0.2263591721E-01    0.2723484053E-01    0.3849539198E+00    0.1132042830E+00    0.1882259448E+00    0.2275605055E+00
   -0.600000    0.600000    0.200000    0.2381170591E-01    0.7296065376E-01    0.8723454793E+00    0.1413578654E+00    0.9323981899E-01    0.1465424693E+00
   -0.800000    0.800000    0.000000    0.4290486859E-01    0.1286959863E+00    0.2243060816E+00    0.1569339836E+00    0.2668865619E-01    0.1458075358E+00
    0.200000    0.200000    1.000000    0.1243427798E+00    0.1240761848E+00    0.1662417808E+00    0.3286327149E+00    0.3028204708E+00    0.6591860530E-01
   -0.000000    0.400000    0.800000    0.1262460369E+00    0.1462915596E+00    0.2793300717E+00    0.2098085327E+00    0.1985573743E+00    0.1186137565E+00
   -0.200000    0.600000    0.600000    0.9805803927E-01    0.6468366649E-01    0.6850526886E+00    0.2621498284E+00    0.3174974325E+00    0.8255512618E-01
   -0.400000    0.800000    0.400000    0.2381170591E-01    0.7296065376E-01    0.8723454793E+00    0.1413578654E+00    0.9323981899E-01    0.1465424693E+00
   -0.600000    1.000000    0.200000    0.7434884165E-01    0.8595747920E-01    0.4641682171E+00    0.1309136147E+00    0.8806491628E-01    0.9615683310E-01
    0.400000    0.400000    1.200000    0.9805803927E-01    0.6468366649E-01    0.6850526886E+00    0.2621498284E+00    0.3174974325E+00    0.8255512618E-01
    0.200000    0.600000    1.000000    0.1262460369E+00    0.1462915596E+00    0.2793300717E+00    0.2098085327E+00    0.1985573743E+00    0.1186137565E+00
    0.000000    0.800000    0.800000    0.1243427798E+00    0.1240761848E+00    0.1662417808E+00    0.3286327149E+00    0.3028204708E+00    0.6591860530E-01
   -0.200000    1.000000    0.600000    0.7434884165E-01    0.8595747920E-01    0.4641682171E+00    0.1309136147E+00    0.8806491628E-01    0.9615683310E-01
   -0.400000    1.200000    0.400000    0.2381170591E-01    0.7296065376E-01    0.8723454793E+00    0.1413578654E+00    0.9323981899E-01    0.1465424693E+00
   -0.600000   -0.600000    0.600000    0.2885018363E-01    0.2102057411E-01    0.3849539198E+00    0.1132042830E+00    0.1932856980E+00    0.2225007523E+00
   -0.800000   -0.400000    0.400000    0.2381170591E-01    0.7296065376E-01    0.8723454793E+00    0.1413578654E+00    0.9323981899E-01    0.1465424693E+00
   -1.000000   -0.200000    0.200000    0.4290486859E-01    0.1286959863E+00    0.2243060816E+00    0.1569339836E+00    0.2668865619E-01    0.1458075358E+00
   -1.200000    0.000000    0.000000    0.6244028346E-01    0.6496659906E-01    0.1750819573E+00    0.1570875776E+00    0.1347235320E+00    0.2223951817E+00
   -1.400000    0.200000   -0.200000    0.3195767944E-01    0.5895209294E-01    0.3030653365E+00    0.3060153706E+00    0.9329072851E-01    0.1428993462E+00
   -0.400000   -0.400000    0.800000    0.9805803927E-01    0.6468366649E-01    0.6850526886E+00    0.2621498284E+00    0.3174974325E+00    0.8255512618E-01
   -0.600000   -0.200000    0.600000    0.2381170591E-01    0.7296065376E-01    0.8723454793E+00    0.1413578654E+00    0.9323981899E-01    0.1465424693E+00
   -0.800000    0.000000    0.400000    0.7434884165E-01    0.8595747920E-01    0.4641682171E+00    0.1309136147E+00    0.8806491628E-01    0.9615683310E-01
   -1.000000    0.200000    0.200000    0.1243427798E+00    0.1240761848E+00    0.1662417808E+00    0.3286327149E+00    0.3028204708E+00    0.6591860530E-01
   -1.200000    0.400000    0.000000    0.1262460369E+00    0.1462915596E+00    0.2793300717E+00    0.2098085327E+00    0.1985573743E+00    0.1186137565E+00
   -0.200000   -0.200000    1.000000    0.1243427798E+00    0.1240761848E+00    0.1662417808E+00    0.3286327149E+00    0.3028204708E+00    0.6591860530E-01
   -0.400000    0.000000    0.800000    0.7434884165E-01    0.8595747920E-01    0.4641682171E+00    0.1309136147E+00    0.8806491628E-01    0.9615683310E-01
   -0.600000    0.200000    0.600000    0.2381170591E-01    0.7296065376E-01    0.8723454793E+00    0.1413578654E+00    0.9323981899E-01    0.1465424693E+00
   -0.800000    0.400000    0.400000    0.9805803927E-01    0.6468366649E-01    0.6850526886E+00    0.2621498284E+00    0.3174974325E+00    0.8255512618E-01
   -1.000000    0.600000    0.200000    0.1262460369E+00    0.1462915596E+00    0.2793300717E+00    0.2098085327E+00    0.1985573743E+00    0.1186137565E+00
    0.000000    0.000000    1.200000    0.6129666273E-01    0.6611021979E-01    0.1750819573E+00    0.1570875776E+00    0.1586425492E+00    0.1984761645E+00
   -0.200000    0.200000    1.000000    0.4290486859E-01    0.1286959863E+00    0.2243060816E+00    0.1569339836E+00    0.2668865619E-01    0.1458075358E+00
   -0.400000    0.400000    0.800000    0.2381170591E-01    0.7296065376E-01    0.8723454793E+00    0.1413578654E+00    0.9323981899E-01    0.1465424693E+00
   -0.600000    0.600000    0.600000    0.2017803976E-01    0.2969271799E-01    0.3849539198E+00    0.1132042830E+00    0.2040698934E+00    0.2117165568E+00
   -0.800000    0.800000    0.400000    0.3195767944E-01    0.5895209294E-01    0.3030653365E+00    0.3060153706E+00    0.9329072851E-01    0.1428993462E+00
    0.200000    0.200000    1.400000    0.2733556942E-01    0.3708724126E-01    0.2477681129E+00    0.6838983687E-01    0.1796917025E+00    0.1039676437E+00
    0.000000    0.400000    1.200000    0.7434884165E-01    0.8595747920E-01    0.4641682171E+00    0.1309136147E+00    0.8806491628E-01    0.9615683310E-01
   -0.200000    0.600000    1.000000    0.7434884165E-01    0.8595747920E-01    0.4641682171E+00    0.1309136147E+00    0.8806491628E-01    0.9615683310E-01
   -0.400000    0.800000    0.800000    0.2733556942E-01    0.3708724126E-01    0.2477681129E+00    0.6838983687E-01    0.1796917025E+00    0.1039676437E+00
   -0.600000    1.000000    0.600000    0.2181135960E-01    0.3031182269E-01    0.1051663046E+00    0.7266852302E-01    0.6329866997E-01    0.1506093690E+00
   -0.800000   -0.800000    0.800000    0.1300499544E-01    0.1183464798E-01    0.1056226767E+00    0.1937732231E+00    0.7014227308E-01    0.2930138483E+00
   -1.000000   -0.600000    0.600000    0.2181135960E-01    0.3031182269E-01    0.1051663046E+00    0.7266852302E-01    0.6329866997E-01    0.1506093690E+00
   -1.200000   -0.400000    0.400000    0.2381170591E-01    0.7296065376E-01    0.8723454793E+00    0.1413578654E+00    0.9323981899E-01    0.1465424693E+00
   -1.400000   -0.200000    0.200000    0.3195767944E-01    0.5895209294E-01    0.3030653365E+00    0.3060153706E+00    0.9329072851E-01    0.1428993462E+00
   -1.600000    0.000000    0.000000    0.2805527106E-01    0.2777440158E-01    0.2856527334E-01    0.7178118739E-01    0.9817929166E-01    0.2220739673E+00
   -0.600000   -0.600000    1.000000    0.7305768099E-01    0.2404764572E-01    0.1563738011E+00    0.2059899836E+00    0.8981642433E-01    0.1656434062E+00
   -0.800000   -0.400000    0.800000    0.3195767944E-01    0.5895209294E-01    0.3030653365E+00    0.3060153706E+00    0.9329072851E-01    0.1428993462E+00
   -1.000000   -0.200000    0.600000    0.7434884165E-01    0.8595747920E-01    0.4641682171E+00    0.1309136147E+00    0.8806491628E-01    0.9615683310E-01
   -1.200000   -0.000000    0.400000    0.1262460369E+00    0.1462915596E+00    0.2793300717E+00    0.2098085327E+00    0.1985573743E+00    0.1186137565E+00
   -1.400000    0.200000    0.200000    0.5025024711E-01    0.7980217752E-01    0.1722666921E+00    0.1435233502E+00    0.3906568686E+00    0.3144788778E+00
   -0.400000   -0.400000    1.200000    0.9513195923E-01    0.2234048642E+00    0.1620431866E+00    0.1844921297E+00    0.3559115738E+00    0.3044858521E+00
   -0.600000   -0.200000    1.000000    0.1262460369E+00    0.1462915596E+00    0.2793300717E+00    0.2098085327E+00    0.1985573743E+00    0.1186137565E+00
   -0.800000    0.000000    0.800000    0.4290486859E-01    0.1286959863E+00    0.2243060816E+00    0.1569339836E+00    0.2668865619E-01    0.1458075358E+00
   -1.000000    0.200000    0.600000    0.1262460369E+00    0.1462915596E+00    0.2793300717E+00    0.2098085327E+00    0.1985573743E+00    0.1186137565E+00
   -1.200000    0.400000    0.400000    0.9513195923E-01    0.2234048642E+00    0.1620431866E+00    0.1844921297E+00    0.3559115738E+00    0.3044858521E+00
   -0.200000   -0.200000    1.400000    0.5025024711E-01    0.7980217752E-01    0.1722666921E+00    0.1435233502E+00    0.3906568686E+00    0.3144788778E+00
   -0.400000   -0.000000    1.200000    0.1262460369E+00    0.1462915596E+00    0.2793300717E+00    0.2098085327E+00    0.1985573743E+00    0.1186137565E+00
   -0.600000    0.200000    1.000000    0.7434884165E-01    0.8595747920E-01    0.4641682171E+00    0.1309136147E+00    0.8806491628E-01    0.9615683310E-01
   -0.800000    0.400000    0.800000    0.3195767944E-01    0.5895209294E-01    0.3030653365E+00    0.3060153706E+00    0.9329072851E-01    0.1428993462E+00
   -1.000000    0.600000    0.600000    0.7305768099E-01    0.2404764572E-01    0.1563738011E+00    0.2059899836E+00    0.8981642433E-01    0.1656434062E+00
    0.000000    0.000000    1.600000    0.2889621659E-01    0.2693345606E-01    0.2856527334E-01    0.8219635264E-01    0.8776412641E-01    0.2220739673E+00
   -0.200000    0.200000    1.400000    0.3195767944E-01    0.5895209294E-01    0.3030653365E+00    0.3060153706E+00    0.9329072851E-01    0.1428993462E+00
   -0.400000    0.400000    1.200000    0.2381170591E-01    0.7296065376E-01    0.8723454793E+00    0.1413578654E+00    0.9323981899E-01    0.1465424693E+00
   -0.600000    0.600000    1.000000    0.2181135960E-01    0.3031182269E-01    0.1051663046E+00    0.7266852302E-01    0.6329866997E-01    0.1506093690E+00
   -0.800000    0.800000    0.800000    0.1368155655E-01    0.1115808687E-01    0.1056226767E+00    0.1937732231E+00    0.6547825538E-01    0.2976778660E+00
