
     Program D3_Q2R v.6.1 (svn rev. 13571M) starts on 21Jun2017 at 16:13:26 

     This program is part of the open-source Quantum ESPRESSO suite
     for quantum simulation of materials; please cite
         "P. Giannozzi et al., J. Phys.:Condens. Matter 21 395502 (2009);
          URL http://www.quantum-espresso.org", 
     in publications or presentations arising from this work. More details at
     http://www.quantum-espresso.org/quote

     Parallel version (MPI), running on     1 processors

     reading grid info from file dyn0
  reading force constants from file dyn1
 macroscopic fields = T
  24.59015   0.00000   0.00000
   0.00000  24.59015   0.00000
   0.00000   0.00000  24.59015
  na=            1
  -1.22722   0.00000   0.00000
   0.00000  -1.22722   0.00000
   0.00000   0.00000  -1.22722
  na=            2
  -1.22722   0.00000   0.00000
   0.00000  -1.22722   0.00000
   0.00000   0.00000  -1.22722
Norm of the difference between old and new effective charges:    3.00605389324619709512
  nqs=            1
         0.000000    0.000000    0.000000
  reading force constants from file dyn2
  nqs=            8
        -0.250000    0.250000   -0.250000
         0.250000   -0.250000   -0.250000
         0.250000   -0.250000    0.250000
         0.250000    0.250000    0.250000
        -0.250000   -0.250000   -0.250000
        -0.250000   -0.250000    0.250000
        -0.250000    0.250000    0.250000
         0.250000    0.250000   -0.250000
  reading force constants from file dyn3
  nqs=            4
         0.500000   -0.500000    0.500000
         0.500000    0.500000    0.500000
        -0.500000    0.500000    0.500000
         0.500000    0.500000   -0.500000
  reading force constants from file dyn4
  nqs=            6
         0.000000    0.500000    0.000000
         0.000000   -0.500000    0.000000
         0.500000    0.000000    0.000000
         0.000000    0.000000    0.500000
         0.000000    0.000000   -0.500000
        -0.500000    0.000000    0.000000
  reading force constants from file dyn5
  nqs=           24
         0.750000   -0.250000    0.750000
         0.750000   -0.250000   -0.750000
        -0.750000   -0.250000   -0.750000
        -0.750000   -0.250000    0.750000
        -0.750000    0.250000   -0.750000
        -0.250000    0.750000   -0.750000
        -0.750000    0.750000   -0.250000
         0.750000    0.250000    0.750000
        -0.750000    0.250000    0.750000
         0.750000    0.250000   -0.750000
        -0.750000    0.750000    0.250000
        -0.250000    0.750000    0.750000
         0.250000    0.750000   -0.750000
        -0.250000   -0.750000   -0.750000
         0.750000    0.750000   -0.250000
         0.750000   -0.750000    0.250000
        -0.750000   -0.750000   -0.250000
         0.250000   -0.750000    0.750000
        -0.750000   -0.750000    0.250000
         0.250000    0.750000    0.750000
        -0.250000   -0.750000    0.750000
         0.750000    0.750000    0.250000
         0.250000   -0.750000   -0.750000
         0.750000   -0.750000   -0.250000
  reading force constants from file dyn6
  nqs=           12
         0.500000    0.000000    0.500000
        -0.500000    0.000000    0.500000
        -0.500000    0.000000   -0.500000
         0.500000    0.000000   -0.500000
         0.000000    0.500000   -0.500000
        -0.500000    0.500000    0.000000
         0.000000    0.500000    0.500000
         0.000000   -0.500000   -0.500000
         0.500000    0.500000    0.000000
         0.500000   -0.500000    0.000000
        -0.500000   -0.500000    0.000000
         0.000000   -0.500000    0.500000
  reading force constants from file dyn7
  nqs=            3
         0.000000   -1.000000    0.000000
        -1.000000    0.000000    0.000000
         0.000000    0.000000   -1.000000
  reading force constants from file dyn8
  nqs=            6
        -0.500000   -1.000000    0.000000
         0.000000    1.000000    0.500000
         0.000000   -1.000000   -0.500000
         0.500000    1.000000    0.000000
        -1.000000   -0.500000    0.000000
         0.000000   -0.500000   -1.000000

      q-space grid ok, #points =   64
 seeking over         4913  vectors
 
     D3_Q2R       :     0.03s CPU         0.04s WALL

 
   This run was terminated on:  16:13:26  21Jun2017            

=------------------------------------------------------------------------------=
   JOB DONE.
=------------------------------------------------------------------------------=
