 ** Reading full grid FC3 file mat3R.asr
     alat (bohr)   10.200000
     tpiba (1/bohr)    0.615999
     at_1 = (   -0.500000    0.000000    0.500000 )
     at_2 = (    0.000000    0.500000    0.500000 )
     at_3 = (   -0.500000    0.500000    0.000000 )
     bg_1 = (   -1.000000   -1.000000    1.000000 )
     bg_2 = (    1.000000    1.000000    1.000000 )
     bg_3 = (   -1.000000    1.000000   -1.000000 )
     volume (bohr^3)  265.302000
    Original FC3 grid:           2           2           2
    Number of R:                 0
 FC Memory used :            0 Mb
 Cutting off FCs smaller than :   0.000000000000000E+000 Ry/bohr^3
 FC+Sparse Memory used :            0 Mb
 Running       10000 test configurations
 Max delta:   0.000000000000000E+000  0.000000000000000E+000
 Avg delta:   0.000000000000000E+000
 Speedup:      2.23680131437326     
   *         Full matrix form *     1158.572345 *        0.115857 *        1158.572 *        0.115857 *   52.206 *       10000. *
   *       Sparse matrix form *      517.959435 *        0.051796 *         517.959 *        0.051796 *   23.339 *       10000. *
 Sparse Memory used :            0 Mb
 
      
     For 2n+1 calculations of force constants please cite:
      1. Lorenzo Paulatto, Francesco Mauri, and Michele Lazzeri
         Phys. Rev. B 87, 214303 – Published 7 June 2013
      
     For thermal transport calculations please cite:
      2. Giorgia Fugallo, Michele Lazzeri, Lorenzo Paulatto, and Francesco Mauri
         Phys. Rev. B 88, 045430 – Published 17 July 2013
      3. A. Cepellotti, G. Fugallo, L. Paulatto, M. Lazzeri, F. Mauri, N. Marzari,
         Nature communications 6 (2015)
      4. G. Fugallo, A. Cepellotti, L. Paulatto, M. Lazzeri, N. Marzari, F. Mauri,
         Nano letters 14 (11), 6109-6114 (2014)
      
     For spectral function calculations also cite:
      5. Lorenzo Paulatto, Ion Errea, Matteo Calandra, and Francesco Mauri,
         Phys. Rev. B 91, 054304 (2015)
 
