  Using      1 MPI processes

      
     For 2n+1 calculations of force constants please cite:
      1. Lorenzo Paulatto, Francesco Mauri, and Michele Lazzeri
         Phys. Rev. B 87, 214303 (2013)
      
     For thermal transport calculations please cite:
      2. Giorgia Fugallo, Michele Lazzeri, Lorenzo Paulatto, and Francesco Mauri
         Phys. Rev. B 88, 045430 (2013)
      3. A. Cepellotti, G. Fugallo, L. Paulatto, M. Lazzeri, F. Mauri, N. Marzari,
         Nature communications 6 (2015)
      4. G. Fugallo, A. Cepellotti, L. Paulatto, M. Lazzeri, N. Marzari, F. Mauri,
         Nano letters 14 (11), 6109-6114 (2014)
      
     For spectral function calculations also cite:
      5. Lorenzo Paulatto, Ion Errea, Matteo Calandra, and Francesco Mauri,
         Phys. Rev. B 91, 054304 (2015)

 Waiting for input
  Reading input file 'input.QHA'
  merging with command line arguments
&QHAINPUT
 CALCULATION="gibbs           ",
 OUTDIR="qha                                                                                                                                                                                                                                                             ",
 PREFIX="k20                                                                                                                                                                                                                                                             ",
 ASR2="simple  ",
 N_VOLUMES=5          ,
 T0=  10.000000000000000     ,
 DT=  10.000000000000000     ,
 NT=100        ,
 NK= 3*20         ,
 GRID_TYPE="simple",
 PRESS_KBAR=  0.0000000000000000     ,
 PRESS_GPA=  0.0000000000000000     ,
 /
 ** Reading FC2 file: a10.0/mat2R
     alat (bohr)   10.000000
     tpiba (1/bohr)    0.628319
     at_1 = (   -0.500000    0.000000    0.500000 )
     at_2 = (    0.000000    0.500000    0.500000 )
     at_3 = (   -0.500000    0.500000    0.000000 )
     bg_1 = (   -1.000000   -1.000000    1.000000 )
     bg_2 = (    1.000000    1.000000    1.000000 )
     bg_3 = (   -1.000000    1.000000   -1.000000 )
     volume (bohr^3)  250.000000
 Original FC2 grid:           4           4           4
 ** Reading FC2 file: a10.1/mat2R
     alat (bohr)   10.100000
     tpiba (1/bohr)    0.622098
     at_1 = (   -0.500000    0.000000    0.500000 )
     at_2 = (    0.000000    0.500000    0.500000 )
     at_3 = (   -0.500000    0.500000    0.000000 )
     bg_1 = (   -1.000000   -1.000000    1.000000 )
     bg_2 = (    1.000000    1.000000    1.000000 )
     bg_3 = (   -1.000000    1.000000   -1.000000 )
     volume (bohr^3)  257.575250
 Original FC2 grid:           4           4           4
 ** Reading FC2 file: a10.2/mat2R
     alat (bohr)   10.200000
     tpiba (1/bohr)    0.615999
     at_1 = (   -0.500000    0.000000    0.500000 )
     at_2 = (    0.000000    0.500000    0.500000 )
     at_3 = (   -0.500000    0.500000    0.000000 )
     bg_1 = (   -1.000000   -1.000000    1.000000 )
     bg_2 = (    1.000000    1.000000    1.000000 )
     bg_3 = (   -1.000000    1.000000   -1.000000 )
     volume (bohr^3)  265.302000
 Original FC2 grid:           4           4           4
 ** Reading FC2 file: a10.3/mat2R
     alat (bohr)   10.300000
     tpiba (1/bohr)    0.610018
     at_1 = (   -0.500000    0.000000    0.500000 )
     at_2 = (    0.000000    0.500000    0.500000 )
     at_3 = (   -0.500000    0.500000    0.000000 )
     bg_1 = (   -1.000000   -1.000000    1.000000 )
     bg_2 = (    1.000000    1.000000    1.000000 )
     bg_3 = (   -1.000000    1.000000   -1.000000 )
     volume (bohr^3)  273.181750
 Original FC2 grid:           4           4           4
 ** Reading FC2 file: a10.4/mat2R
     alat (bohr)   10.400000
     tpiba (1/bohr)    0.604152
     at_1 = (   -0.500000    0.000000    0.500000 )
     at_2 = (    0.000000    0.500000    0.500000 )
     at_3 = (   -0.500000    0.500000    0.000000 )
     bg_1 = (   -1.000000   -1.000000    1.000000 )
     bg_2 = (    1.000000    1.000000    1.000000 )
     bg_3 = (   -1.000000    1.000000   -1.000000 )
     volume (bohr^3)  281.216000
 Original FC2 grid:           4           4           4
 gibbs!
Computing zero-point and phonon-free energy for each volume,
    1    2    3    4    5
Fitting each temperature curve with EOS and writing to file
    1    2    3    4    5    6    7    8
    9   10   11   12   13   14   15   16
   17   18   19   20   21   22   23   24
   25   26   27   28   29   30   31   32
   33   34   35   36   37   38   39   40
   41   42   43   44   45   46   47   48
   49   50   51   52   53   54   55   56
   57   58   59   60   61   62   63   64
   65   66   67   68   69   70   71   72
   73   74   75   76   77   78   79   80
   81   82   83   84   85   86   87   88
   89   90   91   92   93   94   95   96
   97   98   99  100
Computing thermal expansion 1/V dV/dT
