 Reading grid           2           2           1
 Number of neighbours to check for BZ           2
 Reading D3 matrices...
 Reading 'FILD3DYN/anh_Q1.-1o2_0_0_Q2.-1o2_1o2_0_Q3.1_-1o2_0'...
     1   xq    -0.5000   -0.2887    0.0000      -0.5000    0.2887    0.0000      -0.0000    0.5774    0.0000     2  2  1     1  2  1    1 2 3   FILD3DYN/anh_Q1.-1o2_0_0_Q2.-1o2_1o2_0_Q3.1_-1o2_0     1
     2   xq    -0.5000    0.2887    0.0000      -0.0000    0.5774    0.0000      -0.5000   -0.2887    0.0000     1  2  1     2  1  1    2 3 1   FILD3DYN/anh_Q1.-1o2_0_0_Q2.-1o2_1o2_0_Q3.1_-1o2_0     2
     3   xq    -0.0000    0.5774    0.0000      -0.5000   -0.2887    0.0000      -0.5000    0.2887    0.0000     2  1  1     2  2  1    3 1 2   FILD3DYN/anh_Q1.-1o2_0_0_Q2.-1o2_1o2_0_Q3.1_-1o2_0     3
     4   xq    -0.0000    0.5774    0.0000      -0.5000    0.2887    0.0000      -0.5000   -0.2887    0.0000     2  2  1     2  1  1    3 2 1   FILD3DYN/anh_Q1.-1o2_0_0_Q2.-1o2_1o2_0_Q3.1_-1o2_0     4
     5   xq    -0.5000    0.2887    0.0000      -0.5000   -0.2887    0.0000      -0.0000    0.5774    0.0000     2  1  1     1  2  1    2 1 3   FILD3DYN/anh_Q1.-1o2_0_0_Q2.-1o2_1o2_0_Q3.1_-1o2_0     5
     6   xq    -0.5000   -0.2887    0.0000      -0.0000    0.5774    0.0000      -0.5000    0.2887    0.0000     1  2  1     2  2  1    1 3 2   FILD3DYN/anh_Q1.-1o2_0_0_Q2.-1o2_1o2_0_Q3.1_-1o2_0     6
 Reading 'FILD3DYN/anh_Q1.-1o2_1o2_0_Q2.-1o2_0_0_Q3.1_-1o2_0'...
     6   xq'   -0.5000    0.2887    0.0000      -0.5000   -0.2887    0.0000      -0.0000   -0.5774    0.0000     2  1  1     1  2  1    1 2 3   FILD3DYN/anh_Q1.-1o2_1o2_0_Q2.-1o2_0_0_Q3.1_-1o2_0     1     2
     6   xq'   -0.5000   -0.2887    0.0000      -0.0000   -0.5774    0.0000      -0.5000    0.2887    0.0000     1  2  1     2  2  1    2 3 1   FILD3DYN/anh_Q1.-1o2_1o2_0_Q2.-1o2_0_0_Q3.1_-1o2_0     2     2
     6   xq'   -0.0000   -0.5774    0.0000      -0.5000    0.2887    0.0000      -0.5000   -0.2887    0.0000     2  2  1     2  1  1    3 1 2   FILD3DYN/anh_Q1.-1o2_1o2_0_Q2.-1o2_0_0_Q3.1_-1o2_0     3     2
     6   xq'   -0.0000   -0.5774    0.0000      -0.5000   -0.2887    0.0000      -0.5000    0.2887    0.0000     2  1  1     2  2  1    3 2 1   FILD3DYN/anh_Q1.-1o2_1o2_0_Q2.-1o2_0_0_Q3.1_-1o2_0     4     2
     6   xq'   -0.5000   -0.2887    0.0000      -0.5000    0.2887    0.0000      -0.0000   -0.5774    0.0000     2  2  1     1  2  1    2 1 3   FILD3DYN/anh_Q1.-1o2_1o2_0_Q2.-1o2_0_0_Q3.1_-1o2_0     5     2
     6   xq'   -0.5000    0.2887    0.0000      -0.0000   -0.5774    0.0000      -0.5000   -0.2887    0.0000     1  2  1     2  1  1    1 3 2   FILD3DYN/anh_Q1.-1o2_1o2_0_Q2.-1o2_0_0_Q3.1_-1o2_0     6     2
 Reading 'FILD3DYN/anh_Q1.0_-1o2_0_Q2.-1o2_0_0_Q3.1o2_1o2_0'...
     6   xq'    0.0000   -0.5774    0.0000      -0.5000   -0.2887    0.0000      -0.5000    0.2887    0.0000     2  1  1     2  2  1    1 2 3   FILD3DYN/anh_Q1.0_-1o2_0_Q2.-1o2_0_0_Q3.1o2_1o2_0     1     3
     6   xq'   -0.5000   -0.2887    0.0000      -0.5000    0.2887    0.0000       0.0000   -0.5774    0.0000     2  2  1     1  2  1    2 3 1   FILD3DYN/anh_Q1.0_-1o2_0_Q2.-1o2_0_0_Q3.1o2_1o2_0     2     3
     6   xq'   -0.5000    0.2887    0.0000       0.0000   -0.5774    0.0000      -0.5000   -0.2887    0.0000     1  2  1     2  1  1    3 1 2   FILD3DYN/anh_Q1.0_-1o2_0_Q2.-1o2_0_0_Q3.1o2_1o2_0     3     3
     6   xq'   -0.5000    0.2887    0.0000      -0.5000   -0.2887    0.0000       0.0000   -0.5774    0.0000     2  1  1     1  2  1    3 2 1   FILD3DYN/anh_Q1.0_-1o2_0_Q2.-1o2_0_0_Q3.1o2_1o2_0     4     3
     6   xq'   -0.5000   -0.2887    0.0000       0.0000   -0.5774    0.0000      -0.5000    0.2887    0.0000     1  2  1     2  2  1    2 1 3   FILD3DYN/anh_Q1.0_-1o2_0_Q2.-1o2_0_0_Q3.1o2_1o2_0     5     3
     6   xq'    0.0000   -0.5774    0.0000      -0.5000    0.2887    0.0000      -0.5000   -0.2887    0.0000     2  2  1     2  1  1    1 3 2   FILD3DYN/anh_Q1.0_-1o2_0_Q2.-1o2_0_0_Q3.1o2_1o2_0     6     3
 Reading 'FILD3DYN/anh_Q1.0_-1o2_0_Q2.1o2_-1o2_0_Q3.-1o2_1_0'...
     6   xq'    0.0000   -0.5774    0.0000       0.5000   -0.2887    0.0000       0.5000    0.2887    0.0000     2  2  1     2  1  1    1 2 3   FILD3DYN/anh_Q1.0_-1o2_0_Q2.1o2_-1o2_0_Q3.-1o2_1_0     1     4
     6   xq'    0.5000   -0.2887    0.0000       0.5000    0.2887    0.0000       0.0000   -0.5774    0.0000     2  1  1     1  2  1    2 3 1   FILD3DYN/anh_Q1.0_-1o2_0_Q2.1o2_-1o2_0_Q3.-1o2_1_0     2     4
     6   xq'    0.5000    0.2887    0.0000       0.0000   -0.5774    0.0000       0.5000   -0.2887    0.0000     1  2  1     2  2  1    3 1 2   FILD3DYN/anh_Q1.0_-1o2_0_Q2.1o2_-1o2_0_Q3.-1o2_1_0     3     4
     6   xq'    0.5000    0.2887    0.0000       0.5000   -0.2887    0.0000       0.0000   -0.5774    0.0000     2  2  1     1  2  1    3 2 1   FILD3DYN/anh_Q1.0_-1o2_0_Q2.1o2_-1o2_0_Q3.-1o2_1_0     4     4
     6   xq'    0.5000   -0.2887    0.0000       0.0000   -0.5774    0.0000       0.5000    0.2887    0.0000     1  2  1     2  1  1    2 1 3   FILD3DYN/anh_Q1.0_-1o2_0_Q2.1o2_-1o2_0_Q3.-1o2_1_0     5     4
     6   xq'    0.0000   -0.5774    0.0000       0.5000    0.2887    0.0000       0.5000   -0.2887    0.0000     2  1  1     2  2  1    1 3 2   FILD3DYN/anh_Q1.0_-1o2_0_Q2.1o2_-1o2_0_Q3.-1o2_1_0     6     4
 Reading 'FILD3DYN/anh_Q1.0_0_0_Q2.-1o2_1o2_0_Q3.1o2_-1o2_0'...
     7   xq     0.0000    0.0000    0.0000      -0.5000    0.2887    0.0000       0.5000   -0.2887    0.0000     2  2  1     2  2  1    1 2 3   FILD3DYN/anh_Q1.0_0_0_Q2.-1o2_1o2_0_Q3.1o2_-1o2_0     1
     8   xq    -0.5000    0.2887    0.0000       0.5000   -0.2887    0.0000       0.0000    0.0000    0.0000     2  2  1     1  1  1    2 3 1   FILD3DYN/anh_Q1.0_0_0_Q2.-1o2_1o2_0_Q3.1o2_-1o2_0     2
     9   xq     0.5000   -0.2887    0.0000       0.0000    0.0000    0.0000      -0.5000    0.2887    0.0000     1  1  1     2  2  1    3 1 2   FILD3DYN/anh_Q1.0_0_0_Q2.-1o2_1o2_0_Q3.1o2_-1o2_0     3
     9   xq'    0.5000   -0.2887    0.0000      -0.5000    0.2887    0.0000       0.0000    0.0000    0.0000     2  2  1     1  1  1    3 2 1   FILD3DYN/anh_Q1.0_0_0_Q2.-1o2_1o2_0_Q3.1o2_-1o2_0     4     2
     9   xq'   -0.5000    0.2887    0.0000       0.0000    0.0000    0.0000       0.5000   -0.2887    0.0000     1  1  1     2  2  1    2 1 3   FILD3DYN/anh_Q1.0_0_0_Q2.-1o2_1o2_0_Q3.1o2_-1o2_0     5     2
     9   xq'    0.0000    0.0000    0.0000       0.5000   -0.2887    0.0000      -0.5000    0.2887    0.0000     2  2  1     2  2  1    1 3 2   FILD3DYN/anh_Q1.0_0_0_Q2.-1o2_1o2_0_Q3.1o2_-1o2_0     6     2
 Reading 'FILD3DYN/anh_Q1.0_0_0_Q2.0_-1o2_0_Q3.0_1o2_0'...
    10   xq     0.0000    0.0000    0.0000       0.0000   -0.5774    0.0000       0.0000    0.5774    0.0000     1  2  1     1  2  1    1 2 3   FILD3DYN/anh_Q1.0_0_0_Q2.0_-1o2_0_Q3.0_1o2_0     1
    11   xq     0.0000   -0.5774    0.0000       0.0000    0.5774    0.0000       0.0000    0.0000    0.0000     1  2  1     1  1  1    2 3 1   FILD3DYN/anh_Q1.0_0_0_Q2.0_-1o2_0_Q3.0_1o2_0     2
    12   xq     0.0000    0.5774    0.0000       0.0000    0.0000    0.0000       0.0000   -0.5774    0.0000     1  1  1     1  2  1    3 1 2   FILD3DYN/anh_Q1.0_0_0_Q2.0_-1o2_0_Q3.0_1o2_0     3
    12   xq'    0.0000    0.5774    0.0000       0.0000   -0.5774    0.0000       0.0000    0.0000    0.0000     1  2  1     1  1  1    3 2 1   FILD3DYN/anh_Q1.0_0_0_Q2.0_-1o2_0_Q3.0_1o2_0     4     2
    12   xq'    0.0000   -0.5774    0.0000       0.0000    0.0000    0.0000       0.0000    0.5774    0.0000     1  1  1     1  2  1    2 1 3   FILD3DYN/anh_Q1.0_0_0_Q2.0_-1o2_0_Q3.0_1o2_0     5     2
    12   xq'    0.0000    0.0000    0.0000       0.0000    0.5774    0.0000       0.0000   -0.5774    0.0000     1  2  1     1  2  1    1 3 2   FILD3DYN/anh_Q1.0_0_0_Q2.0_-1o2_0_Q3.0_1o2_0     6     2
 Reading 'FILD3DYN/anh_Q1.0_0_0_Q2.0_0_0_Q3.0_0_0'...
    13   xq     0.0000    0.0000    0.0000       0.0000    0.0000    0.0000       0.0000    0.0000    0.0000     1  1  1     1  1  1    1 2 3   FILD3DYN/anh_Q1.0_0_0_Q2.0_0_0_Q3.0_0_0     1
    13   xq'    0.0000    0.0000    0.0000       0.0000    0.0000    0.0000       0.0000    0.0000    0.0000     1  1  1     1  1  1    2 3 1   FILD3DYN/anh_Q1.0_0_0_Q2.0_0_0_Q3.0_0_0     2     2
    13   xq'    0.0000    0.0000    0.0000       0.0000    0.0000    0.0000       0.0000    0.0000    0.0000     1  1  1     1  1  1    3 1 2   FILD3DYN/anh_Q1.0_0_0_Q2.0_0_0_Q3.0_0_0     3     3
    13   xq'    0.0000    0.0000    0.0000       0.0000    0.0000    0.0000       0.0000    0.0000    0.0000     1  1  1     1  1  1    3 2 1   FILD3DYN/anh_Q1.0_0_0_Q2.0_0_0_Q3.0_0_0     4     4
    13   xq'    0.0000    0.0000    0.0000       0.0000    0.0000    0.0000       0.0000    0.0000    0.0000     1  1  1     1  1  1    2 1 3   FILD3DYN/anh_Q1.0_0_0_Q2.0_0_0_Q3.0_0_0     5     5
    13   xq'    0.0000    0.0000    0.0000       0.0000    0.0000    0.0000       0.0000    0.0000    0.0000     1  1  1     1  1  1    1 3 2   FILD3DYN/anh_Q1.0_0_0_Q2.0_0_0_Q3.0_0_0     6     6
 Reading 'FILD3DYN/anh_Q1.0_0_0_Q2.1o2_0_0_Q3.-1o2_0_0'...
    14   xq     0.0000    0.0000    0.0000       0.5000    0.2887    0.0000      -0.5000   -0.2887    0.0000     2  1  1     2  1  1    1 2 3   FILD3DYN/anh_Q1.0_0_0_Q2.1o2_0_0_Q3.-1o2_0_0     1
    15   xq     0.5000    0.2887    0.0000      -0.5000   -0.2887    0.0000       0.0000    0.0000    0.0000     2  1  1     1  1  1    2 3 1   FILD3DYN/anh_Q1.0_0_0_Q2.1o2_0_0_Q3.-1o2_0_0     2
    16   xq    -0.5000   -0.2887    0.0000       0.0000    0.0000    0.0000       0.5000    0.2887    0.0000     1  1  1     2  1  1    3 1 2   FILD3DYN/anh_Q1.0_0_0_Q2.1o2_0_0_Q3.-1o2_0_0     3
    16   xq'   -0.5000   -0.2887    0.0000       0.5000    0.2887    0.0000       0.0000    0.0000    0.0000     2  1  1     1  1  1    3 2 1   FILD3DYN/anh_Q1.0_0_0_Q2.1o2_0_0_Q3.-1o2_0_0     4     2
    16   xq'    0.5000    0.2887    0.0000       0.0000    0.0000    0.0000      -0.5000   -0.2887    0.0000     1  1  1     2  1  1    2 1 3   FILD3DYN/anh_Q1.0_0_0_Q2.1o2_0_0_Q3.-1o2_0_0     5     2
    16   xq'    0.0000    0.0000    0.0000      -0.5000   -0.2887    0.0000       0.5000    0.2887    0.0000     2  1  1     2  1  1    1 3 2   FILD3DYN/anh_Q1.0_0_0_Q2.1o2_0_0_Q3.-1o2_0_0     6     2
 Reading 'FILD3DYN/anh_Q1.1o2_-1o2_0_Q2.0_-1o2_0_Q3.-1o2_1_0'...
    16   xq'    0.5000   -0.2887    0.0000       0.0000   -0.5774    0.0000       0.5000    0.2887    0.0000     1  2  1     2  1  1    1 2 3   FILD3DYN/anh_Q1.1o2_-1o2_0_Q2.0_-1o2_0_Q3.-1o2_1_0     1     5
    16   xq'    0.0000   -0.5774    0.0000       0.5000    0.2887    0.0000       0.5000   -0.2887    0.0000     2  1  1     2  2  1    2 3 1   FILD3DYN/anh_Q1.1o2_-1o2_0_Q2.0_-1o2_0_Q3.-1o2_1_0     2     5
    16   xq'    0.5000    0.2887    0.0000       0.5000   -0.2887    0.0000       0.0000   -0.5774    0.0000     2  2  1     1  2  1    3 1 2   FILD3DYN/anh_Q1.1o2_-1o2_0_Q2.0_-1o2_0_Q3.-1o2_1_0     3     5
    16   xq'    0.5000    0.2887    0.0000       0.0000   -0.5774    0.0000       0.5000   -0.2887    0.0000     1  2  1     2  2  1    3 2 1   FILD3DYN/anh_Q1.1o2_-1o2_0_Q2.0_-1o2_0_Q3.-1o2_1_0     4     5
    16   xq'    0.0000   -0.5774    0.0000       0.5000   -0.2887    0.0000       0.5000    0.2887    0.0000     2  2  1     2  1  1    2 1 3   FILD3DYN/anh_Q1.1o2_-1o2_0_Q2.0_-1o2_0_Q3.-1o2_1_0     5     5
    16   xq'    0.5000   -0.2887    0.0000       0.5000    0.2887    0.0000       0.0000   -0.5774    0.0000     2  1  1     1  2  1    1 3 2   FILD3DYN/anh_Q1.1o2_-1o2_0_Q2.0_-1o2_0_Q3.-1o2_1_0     6     5
 Reading 'FILD3DYN/anh_Q1.1o2_0_0_Q2.0_1o2_0_Q3.-1o2_-1o2_0'...
    16   xq'    0.5000    0.2887    0.0000       0.0000    0.5774    0.0000       0.5000   -0.2887    0.0000     1  2  1     2  2  1    1 2 3   FILD3DYN/anh_Q1.1o2_0_0_Q2.0_1o2_0_Q3.-1o2_-1o2_0     1     6
    16   xq'    0.0000    0.5774    0.0000       0.5000   -0.2887    0.0000       0.5000    0.2887    0.0000     2  2  1     2  1  1    2 3 1   FILD3DYN/anh_Q1.1o2_0_0_Q2.0_1o2_0_Q3.-1o2_-1o2_0     2     6
    16   xq'    0.5000   -0.2887    0.0000       0.5000    0.2887    0.0000       0.0000    0.5774    0.0000     2  1  1     1  2  1    3 1 2   FILD3DYN/anh_Q1.1o2_0_0_Q2.0_1o2_0_Q3.-1o2_-1o2_0     3     6
    16   xq'    0.5000   -0.2887    0.0000       0.0000    0.5774    0.0000       0.5000    0.2887    0.0000     1  2  1     2  1  1    3 2 1   FILD3DYN/anh_Q1.1o2_0_0_Q2.0_1o2_0_Q3.-1o2_-1o2_0     4     6
    16   xq'    0.0000    0.5774    0.0000       0.5000    0.2887    0.0000       0.5000   -0.2887    0.0000     2  1  1     2  2  1    2 1 3   FILD3DYN/anh_Q1.1o2_0_0_Q2.0_1o2_0_Q3.-1o2_-1o2_0     5     6
    16   xq'    0.5000    0.2887    0.0000       0.5000   -0.2887    0.0000       0.0000    0.5774    0.0000     2  2  1     1  2  1    1 3 2   FILD3DYN/anh_Q1.1o2_0_0_Q2.0_1o2_0_Q3.-1o2_-1o2_0     6     6
 Reading D3 matrices done
 Total memory used :            0 Mb
 Doing Backward FFT...
 Found          49 possible couples of R2,R3
    Sum of imaginary parts:     1.328E-03
    Average imaginary part:     6.999E-07
    Largest imaginary fraction: 1.063E-03 for -2.384E-04  -2.535E-07
    Largest imaginary part:     1.037E-05
 Backward FFT done
 Total memory used :            0 Mb
 Writing FCs to file...
 Testing Forward FFT, with imaginary part...
 (you can stop the code with CTRL-C to avoid running tests)  
   BW/FW FFT fine.
 Testing Forward FFT, without imaginary part...
    Imag:       1     -0.5000     -0.2887      0.0000        -0.5000      0.2887      0.0000        -0.0000      0.5774      0.0000         4.11817238E-05
    Imag:       2     -0.5000      0.2887      0.0000        -0.0000      0.5774      0.0000        -0.5000     -0.2887      0.0000         4.11817238E-05
    Imag:       3     -0.0000      0.5774      0.0000        -0.5000     -0.2887      0.0000        -0.5000      0.2887      0.0000         4.11817238E-05
    Imag:       4     -0.0000      0.5774      0.0000        -0.5000      0.2887      0.0000        -0.5000     -0.2887      0.0000         4.11817238E-05
    Imag:       5     -0.5000      0.2887      0.0000        -0.5000     -0.2887      0.0000        -0.0000      0.5774      0.0000         4.11817238E-05
    Imag:       6     -0.5000     -0.2887      0.0000        -0.0000      0.5774      0.0000        -0.5000      0.2887      0.0000         4.11817238E-05
   BEWARE! Possibly harmless BW/FW FFT discrepancy was found! 
   This can be caused by low cutoff energy and/or translational symmetry
   violation by GGA/PBE functionals. 
 Testing forward FFT done
