
     Program D3_Q2R v.6.7GPU starts on 23Mar2021 at 10:44:49 

     This program is part of the open-source Quantum ESPRESSO suite
     for quantum simulation of materials; please cite
         "P. Giannozzi et al., J. Phys.:Condens. Matter 21 395502 (2009);
         "P. Giannozzi et al., J. Phys.:Condens. Matter 29 465901 (2017);
         "P. Giannozzi et al., J. Chem. Phys. 152 154105 (2020);
          URL http://www.quantum-espresso.org", 
     in publications or presentations arising from this work. More details at
     http://www.quantum-espresso.org/quote

     Parallel version (MPI), running on     1 processors

     MPI processes distributed on     1 nodes

     reading grid info from file dyn0
  reading force constants from file dyn1
  Dielectric Tensor not found
  nqs=            1
         0.000000    0.000000    0.000000
  reading force constants from file dyn2
  nqs=            3
         0.000000   -0.577350    0.000000
         0.500000    0.288675    0.000000
        -0.500000    0.288675    0.000000

      q-space grid ok, #points =    4
 seeking over          405  vectors

     D3_Q2R       :      0.00s CPU      0.00s WALL


   This run was terminated on:  10:44:49  23Mar2021            

=------------------------------------------------------------------------------=
   JOB DONE.
=------------------------------------------------------------------------------=
