 Reading grid           2           2           2
 Number of neighbours to check for BZ           2
 Reading D3 matrices...
 Reading 'FILD3DYN/anh_Q1.0_0_0_Q2.0_0_0_Q3.0_0_0'...
     1   xq     0.0000    0.0000    0.0000       0.0000    0.0000    0.0000       0.0000    0.0000    0.0000     1  1  1     1  1  1    1 2 3   FILD3DYN/anh_Q1.0_0_0_Q2.0_0_0_Q3.0_0_0     1
     1   xq'    0.0000    0.0000    0.0000       0.0000    0.0000    0.0000       0.0000    0.0000    0.0000     1  1  1     1  1  1    2 3 1   FILD3DYN/anh_Q1.0_0_0_Q2.0_0_0_Q3.0_0_0     2     2
     1   xq'    0.0000    0.0000    0.0000       0.0000    0.0000    0.0000       0.0000    0.0000    0.0000     1  1  1     1  1  1    3 1 2   FILD3DYN/anh_Q1.0_0_0_Q2.0_0_0_Q3.0_0_0     3     3
     1   xq'    0.0000    0.0000    0.0000       0.0000    0.0000    0.0000       0.0000    0.0000    0.0000     1  1  1     1  1  1    3 2 1   FILD3DYN/anh_Q1.0_0_0_Q2.0_0_0_Q3.0_0_0     4     4
     1   xq'    0.0000    0.0000    0.0000       0.0000    0.0000    0.0000       0.0000    0.0000    0.0000     1  1  1     1  1  1    2 1 3   FILD3DYN/anh_Q1.0_0_0_Q2.0_0_0_Q3.0_0_0     5     5
     1   xq'    0.0000    0.0000    0.0000       0.0000    0.0000    0.0000       0.0000    0.0000    0.0000     1  1  1     1  1  1    1 3 2   FILD3DYN/anh_Q1.0_0_0_Q2.0_0_0_Q3.0_0_0     6     6
 Reading 'FILD3DYN/anh_Q1.0_0_0_Q2.0_0_-1o2_Q3.0_0_1o2'...
     2   xq     0.0000    0.0000    0.0000       0.5000   -0.5000    0.5000      -0.5000    0.5000   -0.5000     1  1  2     1  1  2    1 2 3   FILD3DYN/anh_Q1.0_0_0_Q2.0_0_-1o2_Q3.0_0_1o2     1
     3   xq     0.5000   -0.5000    0.5000      -0.5000    0.5000   -0.5000       0.0000    0.0000    0.0000     1  1  2     1  1  1    2 3 1   FILD3DYN/anh_Q1.0_0_0_Q2.0_0_-1o2_Q3.0_0_1o2     2
     4   xq    -0.5000    0.5000   -0.5000       0.0000    0.0000    0.0000       0.5000   -0.5000    0.5000     1  1  1     1  1  2    3 1 2   FILD3DYN/anh_Q1.0_0_0_Q2.0_0_-1o2_Q3.0_0_1o2     3
     4   xq'   -0.5000    0.5000   -0.5000       0.5000   -0.5000    0.5000       0.0000    0.0000    0.0000     1  1  2     1  1  1    3 2 1   FILD3DYN/anh_Q1.0_0_0_Q2.0_0_-1o2_Q3.0_0_1o2     4     2
     4   xq'    0.5000   -0.5000    0.5000       0.0000    0.0000    0.0000      -0.5000    0.5000   -0.5000     1  1  1     1  1  2    2 1 3   FILD3DYN/anh_Q1.0_0_0_Q2.0_0_-1o2_Q3.0_0_1o2     5     2
     4   xq'    0.0000    0.0000    0.0000      -0.5000    0.5000   -0.5000       0.5000   -0.5000    0.5000     1  1  2     1  1  2    1 3 2   FILD3DYN/anh_Q1.0_0_0_Q2.0_0_-1o2_Q3.0_0_1o2     6     2
 Reading 'FILD3DYN/anh_Q1.0_0_0_Q2.0_1o2_0_Q3.0_-1o2_0'...
     5   xq     0.0000    0.0000    0.0000       0.5000    0.5000    0.5000      -0.5000   -0.5000   -0.5000     1  2  1     1  2  1    1 2 3   FILD3DYN/anh_Q1.0_0_0_Q2.0_1o2_0_Q3.0_-1o2_0     1
     6   xq     0.5000    0.5000    0.5000      -0.5000   -0.5000   -0.5000       0.0000    0.0000    0.0000     1  2  1     1  1  1    2 3 1   FILD3DYN/anh_Q1.0_0_0_Q2.0_1o2_0_Q3.0_-1o2_0     2
     7   xq    -0.5000   -0.5000   -0.5000       0.0000    0.0000    0.0000       0.5000    0.5000    0.5000     1  1  1     1  2  1    3 1 2   FILD3DYN/anh_Q1.0_0_0_Q2.0_1o2_0_Q3.0_-1o2_0     3
     7   xq'   -0.5000   -0.5000   -0.5000       0.5000    0.5000    0.5000       0.0000    0.0000    0.0000     1  2  1     1  1  1    3 2 1   FILD3DYN/anh_Q1.0_0_0_Q2.0_1o2_0_Q3.0_-1o2_0     4     2
     7   xq'    0.5000    0.5000    0.5000       0.0000    0.0000    0.0000      -0.5000   -0.5000   -0.5000     1  1  1     1  2  1    2 1 3   FILD3DYN/anh_Q1.0_0_0_Q2.0_1o2_0_Q3.0_-1o2_0     5     2
     7   xq'    0.0000    0.0000    0.0000      -0.5000   -0.5000   -0.5000       0.5000    0.5000    0.5000     1  2  1     1  2  1    1 3 2   FILD3DYN/anh_Q1.0_0_0_Q2.0_1o2_0_Q3.0_-1o2_0     6     2
 Reading 'FILD3DYN/anh_Q1.0_0_0_Q2.0_-1o2_-1o2_Q3.0_1o2_1o2'...
     8   xq     0.0000    0.0000    0.0000       0.0000   -1.0000    0.0000       0.0000    1.0000    0.0000     1  2  2     1  2  2    1 2 3   FILD3DYN/anh_Q1.0_0_0_Q2.0_-1o2_-1o2_Q3.0_1o2_1o2     1
     9   xq     0.0000   -1.0000    0.0000       0.0000    1.0000    0.0000       0.0000    0.0000    0.0000     1  2  2     1  1  1    2 3 1   FILD3DYN/anh_Q1.0_0_0_Q2.0_-1o2_-1o2_Q3.0_1o2_1o2     2
    10   xq     0.0000    1.0000    0.0000       0.0000    0.0000    0.0000       0.0000   -1.0000    0.0000     1  1  1     1  2  2    3 1 2   FILD3DYN/anh_Q1.0_0_0_Q2.0_-1o2_-1o2_Q3.0_1o2_1o2     3
    10   xq'    0.0000    1.0000    0.0000       0.0000   -1.0000    0.0000       0.0000    0.0000    0.0000     1  2  2     1  1  1    3 2 1   FILD3DYN/anh_Q1.0_0_0_Q2.0_-1o2_-1o2_Q3.0_1o2_1o2     4     2
    10   xq'    0.0000   -1.0000    0.0000       0.0000    0.0000    0.0000       0.0000    1.0000    0.0000     1  1  1     1  2  2    2 1 3   FILD3DYN/anh_Q1.0_0_0_Q2.0_-1o2_-1o2_Q3.0_1o2_1o2     5     2
    10   xq'    0.0000    0.0000    0.0000       0.0000    1.0000    0.0000       0.0000   -1.0000    0.0000     1  2  2     1  2  2    1 3 2   FILD3DYN/anh_Q1.0_0_0_Q2.0_-1o2_-1o2_Q3.0_1o2_1o2     6     2
 Reading 'FILD3DYN/anh_Q1.0_0_0_Q2.-1o2_0_0_Q3.1o2_0_0'...
    11   xq     0.0000    0.0000    0.0000       0.5000    0.5000   -0.5000      -0.5000   -0.5000    0.5000     2  1  1     2  1  1    1 2 3   FILD3DYN/anh_Q1.0_0_0_Q2.-1o2_0_0_Q3.1o2_0_0     1
    12   xq     0.5000    0.5000   -0.5000      -0.5000   -0.5000    0.5000       0.0000    0.0000    0.0000     2  1  1     1  1  1    2 3 1   FILD3DYN/anh_Q1.0_0_0_Q2.-1o2_0_0_Q3.1o2_0_0     2
    13   xq    -0.5000   -0.5000    0.5000       0.0000    0.0000    0.0000       0.5000    0.5000   -0.5000     1  1  1     2  1  1    3 1 2   FILD3DYN/anh_Q1.0_0_0_Q2.-1o2_0_0_Q3.1o2_0_0     3
    13   xq'   -0.5000   -0.5000    0.5000       0.5000    0.5000   -0.5000       0.0000    0.0000    0.0000     2  1  1     1  1  1    3 2 1   FILD3DYN/anh_Q1.0_0_0_Q2.-1o2_0_0_Q3.1o2_0_0     4     2
    13   xq'    0.5000    0.5000   -0.5000       0.0000    0.0000    0.0000      -0.5000   -0.5000    0.5000     1  1  1     2  1  1    2 1 3   FILD3DYN/anh_Q1.0_0_0_Q2.-1o2_0_0_Q3.1o2_0_0     5     2
    13   xq'    0.0000    0.0000    0.0000      -0.5000   -0.5000    0.5000       0.5000    0.5000   -0.5000     2  1  1     2  1  1    1 3 2   FILD3DYN/anh_Q1.0_0_0_Q2.-1o2_0_0_Q3.1o2_0_0     6     2
 Reading 'FILD3DYN/anh_Q1.0_0_0_Q2.1o2_0_1o2_Q3.-1o2_0_-1o2'...
    14   xq     0.0000    0.0000    0.0000      -1.0000    0.0000    0.0000       1.0000    0.0000    0.0000     2  1  2     2  1  2    1 2 3   FILD3DYN/anh_Q1.0_0_0_Q2.1o2_0_1o2_Q3.-1o2_0_-1o2     1
    15   xq    -1.0000    0.0000    0.0000       1.0000    0.0000    0.0000       0.0000    0.0000    0.0000     2  1  2     1  1  1    2 3 1   FILD3DYN/anh_Q1.0_0_0_Q2.1o2_0_1o2_Q3.-1o2_0_-1o2     2
    16   xq     1.0000    0.0000    0.0000       0.0000    0.0000    0.0000      -1.0000    0.0000    0.0000     1  1  1     2  1  2    3 1 2   FILD3DYN/anh_Q1.0_0_0_Q2.1o2_0_1o2_Q3.-1o2_0_-1o2     3
    16   xq'    1.0000    0.0000    0.0000      -1.0000    0.0000    0.0000       0.0000    0.0000    0.0000     2  1  2     1  1  1    3 2 1   FILD3DYN/anh_Q1.0_0_0_Q2.1o2_0_1o2_Q3.-1o2_0_-1o2     4     2
    16   xq'   -1.0000    0.0000    0.0000       0.0000    0.0000    0.0000       1.0000    0.0000    0.0000     1  1  1     2  1  2    2 1 3   FILD3DYN/anh_Q1.0_0_0_Q2.1o2_0_1o2_Q3.-1o2_0_-1o2     5     2
    16   xq'    0.0000    0.0000    0.0000       1.0000    0.0000    0.0000      -1.0000    0.0000    0.0000     2  1  2     2  1  2    1 3 2   FILD3DYN/anh_Q1.0_0_0_Q2.1o2_0_1o2_Q3.-1o2_0_-1o2     6     2
 Reading 'FILD3DYN/anh_Q1.0_0_0_Q2.1o2_1o2_0_Q3.-1o2_-1o2_0'...
    17   xq     0.0000    0.0000    0.0000       0.0000    0.0000    1.0000       0.0000    0.0000   -1.0000     2  2  1     2  2  1    1 2 3   FILD3DYN/anh_Q1.0_0_0_Q2.1o2_1o2_0_Q3.-1o2_-1o2_0     1
    18   xq     0.0000    0.0000    1.0000       0.0000    0.0000   -1.0000       0.0000    0.0000    0.0000     2  2  1     1  1  1    2 3 1   FILD3DYN/anh_Q1.0_0_0_Q2.1o2_1o2_0_Q3.-1o2_-1o2_0     2
    19   xq     0.0000    0.0000   -1.0000       0.0000    0.0000    0.0000       0.0000    0.0000    1.0000     1  1  1     2  2  1    3 1 2   FILD3DYN/anh_Q1.0_0_0_Q2.1o2_1o2_0_Q3.-1o2_-1o2_0     3
    19   xq'    0.0000    0.0000   -1.0000       0.0000    0.0000    1.0000       0.0000    0.0000    0.0000     2  2  1     1  1  1    3 2 1   FILD3DYN/anh_Q1.0_0_0_Q2.1o2_1o2_0_Q3.-1o2_-1o2_0     4     2
    19   xq'    0.0000    0.0000    1.0000       0.0000    0.0000    0.0000       0.0000    0.0000   -1.0000     1  1  1     2  2  1    2 1 3   FILD3DYN/anh_Q1.0_0_0_Q2.1o2_1o2_0_Q3.-1o2_-1o2_0     5     2
    19   xq'    0.0000    0.0000    0.0000       0.0000    0.0000   -1.0000       0.0000    0.0000    1.0000     2  2  1     2  2  1    1 3 2   FILD3DYN/anh_Q1.0_0_0_Q2.1o2_1o2_0_Q3.-1o2_-1o2_0     6     2
 Reading 'FILD3DYN/anh_Q1.0_0_0_Q2.-1o2_-1o2_-1o2_Q3.1o2_1o2_1o2'...
    20   xq     0.0000    0.0000    0.0000       0.5000   -0.5000   -0.5000      -0.5000    0.5000    0.5000     2  2  2     2  2  2    1 2 3   FILD3DYN/anh_Q1.0_0_0_Q2.-1o2_-1o2_-1o2_Q3.1o2_1o2_1o2     1
    21   xq     0.5000   -0.5000   -0.5000      -0.5000    0.5000    0.5000       0.0000    0.0000    0.0000     2  2  2     1  1  1    2 3 1   FILD3DYN/anh_Q1.0_0_0_Q2.-1o2_-1o2_-1o2_Q3.1o2_1o2_1o2     2
    22   xq    -0.5000    0.5000    0.5000       0.0000    0.0000    0.0000       0.5000   -0.5000   -0.5000     1  1  1     2  2  2    3 1 2   FILD3DYN/anh_Q1.0_0_0_Q2.-1o2_-1o2_-1o2_Q3.1o2_1o2_1o2     3
    22   xq'   -0.5000    0.5000    0.5000       0.5000   -0.5000   -0.5000       0.0000    0.0000    0.0000     2  2  2     1  1  1    3 2 1   FILD3DYN/anh_Q1.0_0_0_Q2.-1o2_-1o2_-1o2_Q3.1o2_1o2_1o2     4     2
    22   xq'    0.5000   -0.5000   -0.5000       0.0000    0.0000    0.0000      -0.5000    0.5000    0.5000     1  1  1     2  2  2    2 1 3   FILD3DYN/anh_Q1.0_0_0_Q2.-1o2_-1o2_-1o2_Q3.1o2_1o2_1o2     5     2
    22   xq'    0.0000    0.0000    0.0000      -0.5000    0.5000    0.5000       0.5000   -0.5000   -0.5000     2  2  2     2  2  2    1 3 2   FILD3DYN/anh_Q1.0_0_0_Q2.-1o2_-1o2_-1o2_Q3.1o2_1o2_1o2     6     2
 Reading 'FILD3DYN/anh_Q1.0_0_-1o2_Q2.0_-1o2_0_Q3.0_1o2_1o2'...
    23   xq     0.5000   -0.5000    0.5000      -0.5000   -0.5000   -0.5000       0.0000    1.0000    0.0000     1  2  1     1  2  2    1 2 3   FILD3DYN/anh_Q1.0_0_-1o2_Q2.0_-1o2_0_Q3.0_1o2_1o2     1
    24   xq    -0.5000   -0.5000   -0.5000       0.0000    1.0000    0.0000       0.5000   -0.5000    0.5000     1  2  2     1  1  2    2 3 1   FILD3DYN/anh_Q1.0_0_-1o2_Q2.0_-1o2_0_Q3.0_1o2_1o2     2
    25   xq     0.0000    1.0000    0.0000       0.5000   -0.5000    0.5000      -0.5000   -0.5000   -0.5000     1  1  2     1  2  1    3 1 2   FILD3DYN/anh_Q1.0_0_-1o2_Q2.0_-1o2_0_Q3.0_1o2_1o2     3
    26   xq     0.0000    1.0000    0.0000      -0.5000   -0.5000   -0.5000       0.5000   -0.5000    0.5000     1  2  1     1  1  2    3 2 1   FILD3DYN/anh_Q1.0_0_-1o2_Q2.0_-1o2_0_Q3.0_1o2_1o2     4
    27   xq    -0.5000   -0.5000   -0.5000       0.5000   -0.5000    0.5000       0.0000    1.0000    0.0000     1  1  2     1  2  2    2 1 3   FILD3DYN/anh_Q1.0_0_-1o2_Q2.0_-1o2_0_Q3.0_1o2_1o2     5
    28   xq     0.5000   -0.5000    0.5000       0.0000    1.0000    0.0000      -0.5000   -0.5000   -0.5000     1  2  2     1  2  1    1 3 2   FILD3DYN/anh_Q1.0_0_-1o2_Q2.0_-1o2_0_Q3.0_1o2_1o2     6
 Reading 'FILD3DYN/anh_Q1.0_0_1o2_Q2.1o2_0_0_Q3.-1o2_0_-1o2'...
    29   xq    -0.5000    0.5000   -0.5000      -0.5000   -0.5000    0.5000       1.0000    0.0000    0.0000     2  1  1     2  1  2    1 2 3   FILD3DYN/anh_Q1.0_0_1o2_Q2.1o2_0_0_Q3.-1o2_0_-1o2     1
    30   xq    -0.5000   -0.5000    0.5000       1.0000    0.0000    0.0000      -0.5000    0.5000   -0.5000     2  1  2     1  1  2    2 3 1   FILD3DYN/anh_Q1.0_0_1o2_Q2.1o2_0_0_Q3.-1o2_0_-1o2     2
    31   xq     1.0000    0.0000    0.0000      -0.5000    0.5000   -0.5000      -0.5000   -0.5000    0.5000     1  1  2     2  1  1    3 1 2   FILD3DYN/anh_Q1.0_0_1o2_Q2.1o2_0_0_Q3.-1o2_0_-1o2     3
    32   xq     1.0000    0.0000    0.0000      -0.5000   -0.5000    0.5000      -0.5000    0.5000   -0.5000     2  1  1     1  1  2    3 2 1   FILD3DYN/anh_Q1.0_0_1o2_Q2.1o2_0_0_Q3.-1o2_0_-1o2     4
    33   xq    -0.5000   -0.5000    0.5000      -0.5000    0.5000   -0.5000       1.0000    0.0000    0.0000     1  1  2     2  1  2    2 1 3   FILD3DYN/anh_Q1.0_0_1o2_Q2.1o2_0_0_Q3.-1o2_0_-1o2     5
    34   xq    -0.5000    0.5000   -0.5000       1.0000    0.0000    0.0000      -0.5000   -0.5000    0.5000     2  1  2     2  1  1    1 3 2   FILD3DYN/anh_Q1.0_0_1o2_Q2.1o2_0_0_Q3.-1o2_0_-1o2     6
 Reading 'FILD3DYN/anh_Q1.0_0_-1o2_Q2.1o2_1o2_1o2_Q3.-1o2_-1o2_0'...
    35   xq     0.5000   -0.5000    0.5000      -0.5000    0.5000    0.5000       0.0000    0.0000   -1.0000     2  2  2     2  2  1    1 2 3   FILD3DYN/anh_Q1.0_0_-1o2_Q2.1o2_1o2_1o2_Q3.-1o2_-1o2_0     1
    36   xq    -0.5000    0.5000    0.5000       0.0000    0.0000   -1.0000       0.5000   -0.5000    0.5000     2  2  1     1  1  2    2 3 1   FILD3DYN/anh_Q1.0_0_-1o2_Q2.1o2_1o2_1o2_Q3.-1o2_-1o2_0     2
    37   xq     0.0000    0.0000   -1.0000       0.5000   -0.5000    0.5000      -0.5000    0.5000    0.5000     1  1  2     2  2  2    3 1 2   FILD3DYN/anh_Q1.0_0_-1o2_Q2.1o2_1o2_1o2_Q3.-1o2_-1o2_0     3
    38   xq     0.0000    0.0000   -1.0000      -0.5000    0.5000    0.5000       0.5000   -0.5000    0.5000     2  2  2     1  1  2    3 2 1   FILD3DYN/anh_Q1.0_0_-1o2_Q2.1o2_1o2_1o2_Q3.-1o2_-1o2_0     4
    39   xq    -0.5000    0.5000    0.5000       0.5000   -0.5000    0.5000       0.0000    0.0000   -1.0000     1  1  2     2  2  1    2 1 3   FILD3DYN/anh_Q1.0_0_-1o2_Q2.1o2_1o2_1o2_Q3.-1o2_-1o2_0     5
    40   xq     0.5000   -0.5000    0.5000       0.0000    0.0000   -1.0000      -0.5000    0.5000    0.5000     2  2  1     2  2  2    1 3 2   FILD3DYN/anh_Q1.0_0_-1o2_Q2.1o2_1o2_1o2_Q3.-1o2_-1o2_0     6
 Reading 'FILD3DYN/anh_Q1.0_1o2_0_Q2.0_0_1o2_Q3.0_-1o2_-1o2'...
    40   xq'    0.5000    0.5000    0.5000      -0.5000    0.5000   -0.5000       0.0000   -1.0000    0.0000     1  1  2     1  2  2    1 2 3   FILD3DYN/anh_Q1.0_1o2_0_Q2.0_0_1o2_Q3.0_-1o2_-1o2     1     2
    40   xq'   -0.5000    0.5000   -0.5000       0.0000   -1.0000    0.0000       0.5000    0.5000    0.5000     1  2  2     1  2  1    2 3 1   FILD3DYN/anh_Q1.0_1o2_0_Q2.0_0_1o2_Q3.0_-1o2_-1o2     2     2
    40   xq'    0.0000   -1.0000    0.0000       0.5000    0.5000    0.5000      -0.5000    0.5000   -0.5000     1  2  1     1  1  2    3 1 2   FILD3DYN/anh_Q1.0_1o2_0_Q2.0_0_1o2_Q3.0_-1o2_-1o2     3     2
    40   xq'    0.0000   -1.0000    0.0000      -0.5000    0.5000   -0.5000       0.5000    0.5000    0.5000     1  1  2     1  2  1    3 2 1   FILD3DYN/anh_Q1.0_1o2_0_Q2.0_0_1o2_Q3.0_-1o2_-1o2     4     2
    40   xq'   -0.5000    0.5000   -0.5000       0.5000    0.5000    0.5000       0.0000   -1.0000    0.0000     1  2  1     1  2  2    2 1 3   FILD3DYN/anh_Q1.0_1o2_0_Q2.0_0_1o2_Q3.0_-1o2_-1o2     5     2
    40   xq'    0.5000    0.5000    0.5000       0.0000   -1.0000    0.0000      -0.5000    0.5000   -0.5000     1  2  2     1  1  2    1 3 2   FILD3DYN/anh_Q1.0_1o2_0_Q2.0_0_1o2_Q3.0_-1o2_-1o2     6     2
 Reading 'FILD3DYN/anh_Q1.0_-1o2_0_Q2.-1o2_0_0_Q3.1o2_1o2_0'...
    41   xq    -0.5000   -0.5000   -0.5000       0.5000    0.5000   -0.5000       0.0000    0.0000    1.0000     2  1  1     2  2  1    1 2 3   FILD3DYN/anh_Q1.0_-1o2_0_Q2.-1o2_0_0_Q3.1o2_1o2_0     1
    42   xq     0.5000    0.5000   -0.5000       0.0000    0.0000    1.0000      -0.5000   -0.5000   -0.5000     2  2  1     1  2  1    2 3 1   FILD3DYN/anh_Q1.0_-1o2_0_Q2.-1o2_0_0_Q3.1o2_1o2_0     2
    43   xq     0.0000    0.0000    1.0000      -0.5000   -0.5000   -0.5000       0.5000    0.5000   -0.5000     1  2  1     2  1  1    3 1 2   FILD3DYN/anh_Q1.0_-1o2_0_Q2.-1o2_0_0_Q3.1o2_1o2_0     3
    44   xq     0.0000    0.0000    1.0000       0.5000    0.5000   -0.5000      -0.5000   -0.5000   -0.5000     2  1  1     1  2  1    3 2 1   FILD3DYN/anh_Q1.0_-1o2_0_Q2.-1o2_0_0_Q3.1o2_1o2_0     4
    45   xq     0.5000    0.5000   -0.5000      -0.5000   -0.5000   -0.5000       0.0000    0.0000    1.0000     1  2  1     2  2  1    2 1 3   FILD3DYN/anh_Q1.0_-1o2_0_Q2.-1o2_0_0_Q3.1o2_1o2_0     5
    46   xq    -0.5000   -0.5000   -0.5000       0.0000    0.0000    1.0000       0.5000    0.5000   -0.5000     2  2  1     2  1  1    1 3 2   FILD3DYN/anh_Q1.0_-1o2_0_Q2.-1o2_0_0_Q3.1o2_1o2_0     6
 Reading 'FILD3DYN/anh_Q1.0_-1o2_0_Q2.1o2_1o2_1o2_Q3.-1o2_0_-1o2'...
    47   xq    -0.5000   -0.5000   -0.5000      -0.5000    0.5000    0.5000       1.0000    0.0000    0.0000     2  2  2     2  1  2    1 2 3   FILD3DYN/anh_Q1.0_-1o2_0_Q2.1o2_1o2_1o2_Q3.-1o2_0_-1o2     1
    48   xq    -0.5000    0.5000    0.5000       1.0000    0.0000    0.0000      -0.5000   -0.5000   -0.5000     2  1  2     1  2  1    2 3 1   FILD3DYN/anh_Q1.0_-1o2_0_Q2.1o2_1o2_1o2_Q3.-1o2_0_-1o2     2
    49   xq     1.0000    0.0000    0.0000      -0.5000   -0.5000   -0.5000      -0.5000    0.5000    0.5000     1  2  1     2  2  2    3 1 2   FILD3DYN/anh_Q1.0_-1o2_0_Q2.1o2_1o2_1o2_Q3.-1o2_0_-1o2     3
    50   xq     1.0000    0.0000    0.0000      -0.5000    0.5000    0.5000      -0.5000   -0.5000   -0.5000     2  2  2     1  2  1    3 2 1   FILD3DYN/anh_Q1.0_-1o2_0_Q2.1o2_1o2_1o2_Q3.-1o2_0_-1o2     4
    51   xq    -0.5000    0.5000    0.5000      -0.5000   -0.5000   -0.5000       1.0000    0.0000    0.0000     1  2  1     2  1  2    2 1 3   FILD3DYN/anh_Q1.0_-1o2_0_Q2.1o2_1o2_1o2_Q3.-1o2_0_-1o2     5
    52   xq    -0.5000   -0.5000   -0.5000       1.0000    0.0000    0.0000      -0.5000    0.5000    0.5000     2  1  2     2  2  2    1 3 2   FILD3DYN/anh_Q1.0_-1o2_0_Q2.1o2_1o2_1o2_Q3.-1o2_0_-1o2     6
 Reading 'FILD3DYN/anh_Q1.0_-1o2_-1o2_Q2.-1o2_0_-1o2_Q3.1o2_1o2_1'...
    53   xq     0.0000   -1.0000    0.0000       1.0000    0.0000    0.0000       0.0000    0.0000   -1.0000     2  1  2     2  2  1    1 2 3   FILD3DYN/anh_Q1.0_-1o2_-1o2_Q2.-1o2_0_-1o2_Q3.1o2_1o2_1     1
    54   xq     1.0000    0.0000    0.0000       0.0000    0.0000   -1.0000       0.0000   -1.0000    0.0000     2  2  1     1  2  2    2 3 1   FILD3DYN/anh_Q1.0_-1o2_-1o2_Q2.-1o2_0_-1o2_Q3.1o2_1o2_1     2
    55   xq     0.0000    0.0000   -1.0000       0.0000   -1.0000    0.0000       1.0000    0.0000    0.0000     1  2  2     2  1  2    3 1 2   FILD3DYN/anh_Q1.0_-1o2_-1o2_Q2.-1o2_0_-1o2_Q3.1o2_1o2_1     3
    56   xq     0.0000    0.0000   -1.0000       1.0000    0.0000    0.0000       0.0000   -1.0000    0.0000     2  1  2     1  2  2    3 2 1   FILD3DYN/anh_Q1.0_-1o2_-1o2_Q2.-1o2_0_-1o2_Q3.1o2_1o2_1     4
    57   xq     1.0000    0.0000    0.0000       0.0000   -1.0000    0.0000       0.0000    0.0000   -1.0000     1  2  2     2  2  1    2 1 3   FILD3DYN/anh_Q1.0_-1o2_-1o2_Q2.-1o2_0_-1o2_Q3.1o2_1o2_1     5
    58   xq     0.0000   -1.0000    0.0000       0.0000    0.0000   -1.0000       1.0000    0.0000    0.0000     2  2  1     2  1  2    1 3 2   FILD3DYN/anh_Q1.0_-1o2_-1o2_Q2.-1o2_0_-1o2_Q3.1o2_1o2_1     6
 Reading 'FILD3DYN/anh_Q1.0_1o2_1o2_Q2.-1o2_-1o2_0_Q3.1o2_0_-1o2'...
    58   xq'    0.0000    1.0000    0.0000       0.0000    0.0000   -1.0000       1.0000    0.0000    0.0000     2  2  1     2  1  2    1 2 3   FILD3DYN/anh_Q1.0_1o2_1o2_Q2.-1o2_-1o2_0_Q3.1o2_0_-1o2     1     2
    58   xq'    0.0000    0.0000   -1.0000       1.0000    0.0000    0.0000       0.0000    1.0000    0.0000     2  1  2     1  2  2    2 3 1   FILD3DYN/anh_Q1.0_1o2_1o2_Q2.-1o2_-1o2_0_Q3.1o2_0_-1o2     2     2
    58   xq'    1.0000    0.0000    0.0000       0.0000    1.0000    0.0000       0.0000    0.0000   -1.0000     1  2  2     2  2  1    3 1 2   FILD3DYN/anh_Q1.0_1o2_1o2_Q2.-1o2_-1o2_0_Q3.1o2_0_-1o2     3     2
    58   xq'    1.0000    0.0000    0.0000       0.0000    0.0000   -1.0000       0.0000    1.0000    0.0000     2  2  1     1  2  2    3 2 1   FILD3DYN/anh_Q1.0_1o2_1o2_Q2.-1o2_-1o2_0_Q3.1o2_0_-1o2     4     2
    58   xq'    0.0000    0.0000   -1.0000       0.0000    1.0000    0.0000       1.0000    0.0000    0.0000     1  2  2     2  1  2    2 1 3   FILD3DYN/anh_Q1.0_1o2_1o2_Q2.-1o2_-1o2_0_Q3.1o2_0_-1o2     5     2
    58   xq'    0.0000    1.0000    0.0000       1.0000    0.0000    0.0000       0.0000    0.0000   -1.0000     2  1  2     2  2  1    1 3 2   FILD3DYN/anh_Q1.0_1o2_1o2_Q2.-1o2_-1o2_0_Q3.1o2_0_-1o2     6     2
 Reading 'FILD3DYN/anh_Q1.-1o2_0_0_Q2.0_0_-1o2_Q3.1o2_0_1o2'...
    58   xq'    0.5000    0.5000   -0.5000       0.5000   -0.5000    0.5000      -1.0000    0.0000    0.0000     1  1  2     2  1  2    1 2 3   FILD3DYN/anh_Q1.-1o2_0_0_Q2.0_0_-1o2_Q3.1o2_0_1o2     1     2
    58   xq'    0.5000   -0.5000    0.5000      -1.0000    0.0000    0.0000       0.5000    0.5000   -0.5000     2  1  2     2  1  1    2 3 1   FILD3DYN/anh_Q1.-1o2_0_0_Q2.0_0_-1o2_Q3.1o2_0_1o2     2     2
    58   xq'   -1.0000    0.0000    0.0000       0.5000    0.5000   -0.5000       0.5000   -0.5000    0.5000     2  1  1     1  1  2    3 1 2   FILD3DYN/anh_Q1.-1o2_0_0_Q2.0_0_-1o2_Q3.1o2_0_1o2     3     2
    58   xq'   -1.0000    0.0000    0.0000       0.5000   -0.5000    0.5000       0.5000    0.5000   -0.5000     1  1  2     2  1  1    3 2 1   FILD3DYN/anh_Q1.-1o2_0_0_Q2.0_0_-1o2_Q3.1o2_0_1o2     4     2
    58   xq'    0.5000   -0.5000    0.5000       0.5000    0.5000   -0.5000      -1.0000    0.0000    0.0000     2  1  1     2  1  2    2 1 3   FILD3DYN/anh_Q1.-1o2_0_0_Q2.0_0_-1o2_Q3.1o2_0_1o2     5     2
    58   xq'    0.5000    0.5000   -0.5000      -1.0000    0.0000    0.0000       0.5000   -0.5000    0.5000     2  1  2     1  1  2    1 3 2   FILD3DYN/anh_Q1.-1o2_0_0_Q2.0_0_-1o2_Q3.1o2_0_1o2     6     2
 Reading 'FILD3DYN/anh_Q1.-1o2_0_0_Q2.0_-1o2_0_Q3.1o2_1o2_0'...
    58   xq'    0.5000    0.5000   -0.5000      -0.5000   -0.5000   -0.5000       0.0000    0.0000    1.0000     1  2  1     2  2  1    1 2 3   FILD3DYN/anh_Q1.-1o2_0_0_Q2.0_-1o2_0_Q3.1o2_1o2_0     1     2
    58   xq'   -0.5000   -0.5000   -0.5000       0.0000    0.0000    1.0000       0.5000    0.5000   -0.5000     2  2  1     2  1  1    2 3 1   FILD3DYN/anh_Q1.-1o2_0_0_Q2.0_-1o2_0_Q3.1o2_1o2_0     2     2
    58   xq'    0.0000    0.0000    1.0000       0.5000    0.5000   -0.5000      -0.5000   -0.5000   -0.5000     2  1  1     1  2  1    3 1 2   FILD3DYN/anh_Q1.-1o2_0_0_Q2.0_-1o2_0_Q3.1o2_1o2_0     3     2
    58   xq'    0.0000    0.0000    1.0000      -0.5000   -0.5000   -0.5000       0.5000    0.5000   -0.5000     1  2  1     2  1  1    3 2 1   FILD3DYN/anh_Q1.-1o2_0_0_Q2.0_-1o2_0_Q3.1o2_1o2_0     4     2
    58   xq'   -0.5000   -0.5000   -0.5000       0.5000    0.5000   -0.5000       0.0000    0.0000    1.0000     2  1  1     2  2  1    2 1 3   FILD3DYN/anh_Q1.-1o2_0_0_Q2.0_-1o2_0_Q3.1o2_1o2_0     5     2
    58   xq'    0.5000    0.5000   -0.5000       0.0000    0.0000    1.0000      -0.5000   -0.5000   -0.5000     2  2  1     1  2  1    1 3 2   FILD3DYN/anh_Q1.-1o2_0_0_Q2.0_-1o2_0_Q3.1o2_1o2_0     6     2
 Reading 'FILD3DYN/anh_Q1.-1o2_0_0_Q2.1o2_1o2_1o2_Q3.0_-1o2_-1o2'...
    59   xq     0.5000    0.5000   -0.5000      -0.5000    0.5000    0.5000       0.0000   -1.0000    0.0000     2  2  2     1  2  2    1 2 3   FILD3DYN/anh_Q1.-1o2_0_0_Q2.1o2_1o2_1o2_Q3.0_-1o2_-1o2     1
    60   xq    -0.5000    0.5000    0.5000       0.0000   -1.0000    0.0000       0.5000    0.5000   -0.5000     1  2  2     2  1  1    2 3 1   FILD3DYN/anh_Q1.-1o2_0_0_Q2.1o2_1o2_1o2_Q3.0_-1o2_-1o2     2
    61   xq     0.0000   -1.0000    0.0000       0.5000    0.5000   -0.5000      -0.5000    0.5000    0.5000     2  1  1     2  2  2    3 1 2   FILD3DYN/anh_Q1.-1o2_0_0_Q2.1o2_1o2_1o2_Q3.0_-1o2_-1o2     3
    62   xq     0.0000   -1.0000    0.0000      -0.5000    0.5000    0.5000       0.5000    0.5000   -0.5000     2  2  2     2  1  1    3 2 1   FILD3DYN/anh_Q1.-1o2_0_0_Q2.1o2_1o2_1o2_Q3.0_-1o2_-1o2     4
    63   xq    -0.5000    0.5000    0.5000       0.5000    0.5000   -0.5000       0.0000   -1.0000    0.0000     2  1  1     1  2  2    2 1 3   FILD3DYN/anh_Q1.-1o2_0_0_Q2.1o2_1o2_1o2_Q3.0_-1o2_-1o2     5
    64   xq     0.5000    0.5000   -0.5000       0.0000   -1.0000    0.0000      -0.5000    0.5000    0.5000     1  2  2     2  2  2    1 3 2   FILD3DYN/anh_Q1.-1o2_0_0_Q2.1o2_1o2_1o2_Q3.0_-1o2_-1o2     6
 Reading 'FILD3DYN/anh_Q1.-1o2_0_-1o2_Q2.0_-1o2_-1o2_Q3.1o2_1o2_1'...
    64   xq'    1.0000    0.0000    0.0000       0.0000   -1.0000    0.0000       0.0000    0.0000   -1.0000     1  2  2     2  2  1    1 2 3   FILD3DYN/anh_Q1.-1o2_0_-1o2_Q2.0_-1o2_-1o2_Q3.1o2_1o2_1     1     3
    64   xq'    0.0000   -1.0000    0.0000       0.0000    0.0000   -1.0000       1.0000    0.0000    0.0000     2  2  1     2  1  2    2 3 1   FILD3DYN/anh_Q1.-1o2_0_-1o2_Q2.0_-1o2_-1o2_Q3.1o2_1o2_1     2     3
    64   xq'    0.0000    0.0000   -1.0000       1.0000    0.0000    0.0000       0.0000   -1.0000    0.0000     2  1  2     1  2  2    3 1 2   FILD3DYN/anh_Q1.-1o2_0_-1o2_Q2.0_-1o2_-1o2_Q3.1o2_1o2_1     3     3
    64   xq'    0.0000    0.0000   -1.0000       0.0000   -1.0000    0.0000       1.0000    0.0000    0.0000     1  2  2     2  1  2    3 2 1   FILD3DYN/anh_Q1.-1o2_0_-1o2_Q2.0_-1o2_-1o2_Q3.1o2_1o2_1     4     3
    64   xq'    0.0000   -1.0000    0.0000       1.0000    0.0000    0.0000       0.0000    0.0000   -1.0000     2  1  2     2  2  1    2 1 3   FILD3DYN/anh_Q1.-1o2_0_-1o2_Q2.0_-1o2_-1o2_Q3.1o2_1o2_1     5     3
    64   xq'    1.0000    0.0000    0.0000       0.0000    0.0000   -1.0000       0.0000   -1.0000    0.0000     2  2  1     1  2  2    1 3 2   FILD3DYN/anh_Q1.-1o2_0_-1o2_Q2.0_-1o2_-1o2_Q3.1o2_1o2_1     6     3
 Reading 'FILD3DYN/anh_Q1.1o2_0_1o2_Q2.1o2_1o2_0_Q3.-1_-1o2_-1o2'...
    64   xq'   -1.0000    0.0000    0.0000       0.0000    0.0000    1.0000       0.0000   -1.0000    0.0000     2  2  1     1  2  2    1 2 3   FILD3DYN/anh_Q1.1o2_0_1o2_Q2.1o2_1o2_0_Q3.-1_-1o2_-1o2     1     4
    64   xq'    0.0000    0.0000    1.0000       0.0000   -1.0000    0.0000      -1.0000    0.0000    0.0000     1  2  2     2  1  2    2 3 1   FILD3DYN/anh_Q1.1o2_0_1o2_Q2.1o2_1o2_0_Q3.-1_-1o2_-1o2     2     4
    64   xq'    0.0000   -1.0000    0.0000      -1.0000    0.0000    0.0000       0.0000    0.0000    1.0000     2  1  2     2  2  1    3 1 2   FILD3DYN/anh_Q1.1o2_0_1o2_Q2.1o2_1o2_0_Q3.-1_-1o2_-1o2     3     4
    64   xq'    0.0000   -1.0000    0.0000       0.0000    0.0000    1.0000      -1.0000    0.0000    0.0000     2  2  1     2  1  2    3 2 1   FILD3DYN/anh_Q1.1o2_0_1o2_Q2.1o2_1o2_0_Q3.-1_-1o2_-1o2     4     4
    64   xq'    0.0000    0.0000    1.0000      -1.0000    0.0000    0.0000       0.0000   -1.0000    0.0000     2  1  2     1  2  2    2 1 3   FILD3DYN/anh_Q1.1o2_0_1o2_Q2.1o2_1o2_0_Q3.-1_-1o2_-1o2     5     4
    64   xq'   -1.0000    0.0000    0.0000       0.0000   -1.0000    0.0000       0.0000    0.0000    1.0000     1  2  2     2  2  1    1 3 2   FILD3DYN/anh_Q1.1o2_0_1o2_Q2.1o2_1o2_0_Q3.-1_-1o2_-1o2     6     4
 Reading 'FILD3DYN/anh_Q1.1o2_1o2_0_Q2.0_-1o2_-1o2_Q3.-1o2_0_1o2'...
    64   xq'    0.0000    0.0000    1.0000       0.0000   -1.0000    0.0000       1.0000    0.0000    0.0000     1  2  2     2  1  2    1 2 3   FILD3DYN/anh_Q1.1o2_1o2_0_Q2.0_-1o2_-1o2_Q3.-1o2_0_1o2     1     5
    64   xq'    0.0000   -1.0000    0.0000       1.0000    0.0000    0.0000       0.0000    0.0000    1.0000     2  1  2     2  2  1    2 3 1   FILD3DYN/anh_Q1.1o2_1o2_0_Q2.0_-1o2_-1o2_Q3.-1o2_0_1o2     2     5
    64   xq'    1.0000    0.0000    0.0000       0.0000    0.0000    1.0000       0.0000   -1.0000    0.0000     2  2  1     1  2  2    3 1 2   FILD3DYN/anh_Q1.1o2_1o2_0_Q2.0_-1o2_-1o2_Q3.-1o2_0_1o2     3     5
    64   xq'    1.0000    0.0000    0.0000       0.0000   -1.0000    0.0000       0.0000    0.0000    1.0000     1  2  2     2  2  1    3 2 1   FILD3DYN/anh_Q1.1o2_1o2_0_Q2.0_-1o2_-1o2_Q3.-1o2_0_1o2     4     5
    64   xq'    0.0000   -1.0000    0.0000       0.0000    0.0000    1.0000       1.0000    0.0000    0.0000     2  2  1     2  1  2    2 1 3   FILD3DYN/anh_Q1.1o2_1o2_0_Q2.0_-1o2_-1o2_Q3.-1o2_0_1o2     5     5
    64   xq'    0.0000    0.0000    1.0000       1.0000    0.0000    0.0000       0.0000   -1.0000    0.0000     2  1  2     1  2  2    1 3 2   FILD3DYN/anh_Q1.1o2_1o2_0_Q2.0_-1o2_-1o2_Q3.-1o2_0_1o2     6     5
 Reading 'FILD3DYN/anh_Q1.-1o2_-1o2_0_Q2.1o2_0_1o2_Q3.0_1o2_-1o2'...
    64   xq'    0.0000    0.0000   -1.0000      -1.0000    0.0000    0.0000       0.0000   -1.0000    0.0000     2  1  2     1  2  2    1 2 3   FILD3DYN/anh_Q1.-1o2_-1o2_0_Q2.1o2_0_1o2_Q3.0_1o2_-1o2     1     6
    64   xq'   -1.0000    0.0000    0.0000       0.0000   -1.0000    0.0000       0.0000    0.0000   -1.0000     1  2  2     2  2  1    2 3 1   FILD3DYN/anh_Q1.-1o2_-1o2_0_Q2.1o2_0_1o2_Q3.0_1o2_-1o2     2     6
    64   xq'    0.0000   -1.0000    0.0000       0.0000    0.0000   -1.0000      -1.0000    0.0000    0.0000     2  2  1     2  1  2    3 1 2   FILD3DYN/anh_Q1.-1o2_-1o2_0_Q2.1o2_0_1o2_Q3.0_1o2_-1o2     3     6
    64   xq'    0.0000   -1.0000    0.0000      -1.0000    0.0000    0.0000       0.0000    0.0000   -1.0000     2  1  2     2  2  1    3 2 1   FILD3DYN/anh_Q1.-1o2_-1o2_0_Q2.1o2_0_1o2_Q3.0_1o2_-1o2     4     6
    64   xq'   -1.0000    0.0000    0.0000       0.0000    0.0000   -1.0000       0.0000   -1.0000    0.0000     2  2  1     1  2  2    2 1 3   FILD3DYN/anh_Q1.-1o2_-1o2_0_Q2.1o2_0_1o2_Q3.0_1o2_-1o2     5     6
    64   xq'    0.0000    0.0000   -1.0000       0.0000   -1.0000    0.0000      -1.0000    0.0000    0.0000     1  2  2     2  1  2    1 3 2   FILD3DYN/anh_Q1.-1o2_-1o2_0_Q2.1o2_0_1o2_Q3.0_1o2_-1o2     6     6
 Reading 'FILD3DYN/anh_Q1.1o2_1o2_1o2_Q2.0_0_-1o2_Q3.-1o2_-1o2_0'...
    64   xq'   -0.5000    0.5000    0.5000       0.5000   -0.5000    0.5000       0.0000    0.0000   -1.0000     1  1  2     2  2  1    1 2 3   FILD3DYN/anh_Q1.1o2_1o2_1o2_Q2.0_0_-1o2_Q3.-1o2_-1o2_0     1     2
    64   xq'    0.5000   -0.5000    0.5000       0.0000    0.0000   -1.0000      -0.5000    0.5000    0.5000     2  2  1     2  2  2    2 3 1   FILD3DYN/anh_Q1.1o2_1o2_1o2_Q2.0_0_-1o2_Q3.-1o2_-1o2_0     2     2
    64   xq'    0.0000    0.0000   -1.0000      -0.5000    0.5000    0.5000       0.5000   -0.5000    0.5000     2  2  2     1  1  2    3 1 2   FILD3DYN/anh_Q1.1o2_1o2_1o2_Q2.0_0_-1o2_Q3.-1o2_-1o2_0     3     2
    64   xq'    0.0000    0.0000   -1.0000       0.5000   -0.5000    0.5000      -0.5000    0.5000    0.5000     1  1  2     2  2  2    3 2 1   FILD3DYN/anh_Q1.1o2_1o2_1o2_Q2.0_0_-1o2_Q3.-1o2_-1o2_0     4     2
    64   xq'    0.5000   -0.5000    0.5000      -0.5000    0.5000    0.5000       0.0000    0.0000   -1.0000     2  2  2     2  2  1    2 1 3   FILD3DYN/anh_Q1.1o2_1o2_1o2_Q2.0_0_-1o2_Q3.-1o2_-1o2_0     5     2
    64   xq'   -0.5000    0.5000    0.5000       0.0000    0.0000   -1.0000       0.5000   -0.5000    0.5000     2  2  1     1  1  2    1 3 2   FILD3DYN/anh_Q1.1o2_1o2_1o2_Q2.0_0_-1o2_Q3.-1o2_-1o2_0     6     2
 Reading 'FILD3DYN/anh_Q1.1o2_1o2_1o2_Q2.0_-1o2_0_Q3.-1o2_0_-1o2'...
    64   xq'   -0.5000    0.5000    0.5000      -0.5000   -0.5000   -0.5000       1.0000    0.0000    0.0000     1  2  1     2  1  2    1 2 3   FILD3DYN/anh_Q1.1o2_1o2_1o2_Q2.0_-1o2_0_Q3.-1o2_0_-1o2     1     2
    64   xq'   -0.5000   -0.5000   -0.5000       1.0000    0.0000    0.0000      -0.5000    0.5000    0.5000     2  1  2     2  2  2    2 3 1   FILD3DYN/anh_Q1.1o2_1o2_1o2_Q2.0_-1o2_0_Q3.-1o2_0_-1o2     2     2
    64   xq'    1.0000    0.0000    0.0000      -0.5000    0.5000    0.5000      -0.5000   -0.5000   -0.5000     2  2  2     1  2  1    3 1 2   FILD3DYN/anh_Q1.1o2_1o2_1o2_Q2.0_-1o2_0_Q3.-1o2_0_-1o2     3     2
    64   xq'    1.0000    0.0000    0.0000      -0.5000   -0.5000   -0.5000      -0.5000    0.5000    0.5000     1  2  1     2  2  2    3 2 1   FILD3DYN/anh_Q1.1o2_1o2_1o2_Q2.0_-1o2_0_Q3.-1o2_0_-1o2     4     2
    64   xq'   -0.5000   -0.5000   -0.5000      -0.5000    0.5000    0.5000       1.0000    0.0000    0.0000     2  2  2     2  1  2    2 1 3   FILD3DYN/anh_Q1.1o2_1o2_1o2_Q2.0_-1o2_0_Q3.-1o2_0_-1o2     5     2
    64   xq'   -0.5000    0.5000    0.5000       1.0000    0.0000    0.0000      -0.5000   -0.5000   -0.5000     2  1  2     1  2  1    1 3 2   FILD3DYN/anh_Q1.1o2_1o2_1o2_Q2.0_-1o2_0_Q3.-1o2_0_-1o2     6     2
 Reading 'FILD3DYN/anh_Q1.1o2_1o2_1o2_Q2.-1o2_0_0_Q3.0_-1o2_-1o2'...
    64   xq'   -0.5000    0.5000    0.5000       0.5000    0.5000   -0.5000       0.0000   -1.0000    0.0000     2  1  1     1  2  2    1 2 3   FILD3DYN/anh_Q1.1o2_1o2_1o2_Q2.-1o2_0_0_Q3.0_-1o2_-1o2     1     2
    64   xq'    0.5000    0.5000   -0.5000       0.0000   -1.0000    0.0000      -0.5000    0.5000    0.5000     1  2  2     2  2  2    2 3 1   FILD3DYN/anh_Q1.1o2_1o2_1o2_Q2.-1o2_0_0_Q3.0_-1o2_-1o2     2     2
    64   xq'    0.0000   -1.0000    0.0000      -0.5000    0.5000    0.5000       0.5000    0.5000   -0.5000     2  2  2     2  1  1    3 1 2   FILD3DYN/anh_Q1.1o2_1o2_1o2_Q2.-1o2_0_0_Q3.0_-1o2_-1o2     3     2
    64   xq'    0.0000   -1.0000    0.0000       0.5000    0.5000   -0.5000      -0.5000    0.5000    0.5000     2  1  1     2  2  2    3 2 1   FILD3DYN/anh_Q1.1o2_1o2_1o2_Q2.-1o2_0_0_Q3.0_-1o2_-1o2     4     2
    64   xq'    0.5000    0.5000   -0.5000      -0.5000    0.5000    0.5000       0.0000   -1.0000    0.0000     2  2  2     1  2  2    2 1 3   FILD3DYN/anh_Q1.1o2_1o2_1o2_Q2.-1o2_0_0_Q3.0_-1o2_-1o2     5     2
    64   xq'   -0.5000    0.5000    0.5000       0.0000   -1.0000    0.0000       0.5000    0.5000   -0.5000     1  2  2     2  1  1    1 3 2   FILD3DYN/anh_Q1.1o2_1o2_1o2_Q2.-1o2_0_0_Q3.0_-1o2_-1o2     6     2
 Reading D3 matrices done
 Total memory used :            0 Mb
 Doing Backward FFT...
 Found         301 possible couples of R2,R3
    Sum of imaginary parts:     1.312E-07
    Average imaginary part:     5.146E-12
    Largest imaginary fraction: 9.334E-07 for -1.519E-05   1.417E-11
    Largest imaginary part:     2.652E-10
 Backward FFT done
 Total memory used :            0 Mb
 Writing FCs to file...
 Testing Forward FFT, with imaginary part...
 (you can stop the code with CTRL-C to avoid running tests)  
   BW/FW FFT fine.
 Testing Forward FFT, without imaginary part...
   BW/FW FFT fine.
 Testing forward FFT done
