 ** Reading full grid FC3 file mat3R.asr
     alat (bohr)   10.200000
     tpiba (1/bohr)    0.615999
     at_1 = (   -0.500000    0.000000    0.500000 )
     at_2 = (    0.000000    0.500000    0.500000 )
     at_3 = (   -0.500000    0.500000    0.000000 )
     bg_1 = (   -1.000000   -1.000000    1.000000 )
     bg_2 = (    1.000000    1.000000    1.000000 )
     bg_3 = (   -1.000000    1.000000   -1.000000 )
     volume (bohr^3)  265.302000
    Original FC3 grid:           2           2           2
    Number of R:               301
 FC Memory used :            0 Mb
 Cutting off FCs smaller than :    0.0000000000000000      Ry/bohr^3
 FC+Sparse Memory used :            0 Mb
 Running       10000 test configurations
 Max delta:    0.0000000000000000        0.0000000000000000     
 Avg delta:    0.0000000000000000     
 Speedup:      1.2957900008356549     
   *         Full matrix form *     1321.954818 *        0.132195 *        1321.955 *        0.132195 *   50.102 *       10000. *
   *       Sparse matrix form *     1020.192174 *        0.102019 *        1020.192 *        0.102019 *   38.665 *       10000. *
 Sparse Memory used :            0 Mb

      
     For 2n+1 calculations of force constants please cite:
      1. Lorenzo Paulatto, Francesco Mauri, and Michele Lazzeri
         Phys. Rev. B 87, 214303 (2013)
      
     For thermal transport calculations please cite:
      2. Giorgia Fugallo, Michele Lazzeri, Lorenzo Paulatto, and Francesco Mauri
         Phys. Rev. B 88, 045430 (2013)
      3. A. Cepellotti, G. Fugallo, L. Paulatto, M. Lazzeri, F. Mauri, N. Marzari,
         Nature communications 6 (2015)
      4. G. Fugallo, A. Cepellotti, L. Paulatto, M. Lazzeri, N. Marzari, F. Mauri,
         Nano letters 14 (11), 6109-6114 (2014)
      5. M. Simoncelli, N. Marzari, F. Mauri, Unified theory of thermal transport in crystals and glasses,
         Nature Physics 15 (8), 809-813 (2019)
      6. M. Simoncelli, N. Marzari, F. Mauri,
         Wigner formulation of thermal transport in solids, Phys. Rev. X 12, 041011 (2022)
      
     For spectral function calculations also cite:
      7. Lorenzo Paulatto, Ion Errea, Matteo Calandra, and Francesco Mauri,
         Phys. Rev. B 91, 054304 (2015)

