 # calculation of linewidth (gamma_n)
#      1     T= 300.0    sigma=  10.0
   1    0.000000      0.500000    0.500000    0.500000    102.099503  102.099503  381.625842  400.392576  484.990296  484.990296          0.77820E-01    0.77820E-01    0.50402E-01    0.90624E-01    0.52533E+00    0.52533E+00
   2    0.017321      0.490000    0.490000    0.490000    102.127346  102.127346  380.363666  401.562589  484.994990  484.994990          0.14001E+00    0.14001E+00    0.50774E-01    0.90979E-01    0.52111E+00    0.52111E+00
   3    0.034641      0.480000    0.480000    0.480000    102.209539  102.209539  377.210734  404.438722  485.009502  485.009502          0.12059E+00    0.12059E+00    0.54240E-01    0.80366E-01    0.51014E+00    0.51014E+00
   4    0.051962      0.470000    0.470000    0.470000    102.342111  102.342111  373.063862  408.123219  485.035121  485.035121          0.10719E+00    0.10719E+00    0.56588E-01    0.74810E-01    0.50199E+00    0.50199E+00
   5    0.069282      0.460000    0.460000    0.460000    102.518567  102.518567  368.391195  412.146394  485.073952  485.073952          0.10285E+00    0.10285E+00    0.52787E-01    0.81505E-01    0.50078E+00    0.50078E+00
   6    0.086603      0.450000    0.450000    0.450000    102.730065  102.730065  363.392819  416.306033  485.128868  485.128868          0.10134E+00    0.10134E+00    0.51208E-01    0.11019E+00    0.50591E+00    0.50591E+00
   7    0.103923      0.440000    0.440000    0.440000    102.965653  102.965653  358.157317  420.510879  485.203428  485.203428          0.99104E-01    0.99104E-01    0.57316E-01    0.12067E+00    0.51604E+00    0.51604E+00
   8    0.121244      0.430000    0.430000    0.430000    103.212558  103.212558  352.726712  424.715733  485.301783  485.301783          0.98451E-01    0.98451E-01    0.66651E-01    0.11626E+00    0.52966E+00    0.52966E+00
   9    0.138564      0.420000    0.420000    0.420000    103.456502  103.456502  347.121980  428.895993  485.428562  485.428562          0.10846E+00    0.10846E+00    0.83086E-01    0.12159E+00    0.54310E+00    0.54310E+00
  10    0.155885      0.410000    0.410000    0.410000    103.682052  103.682052  341.353817  433.036951  485.588743  485.588743          0.12662E+00    0.12662E+00    0.94196E-01    0.14215E+00    0.55302E+00    0.55302E+00
  11    0.173205      0.400000    0.400000    0.400000    103.872971  103.872971  335.427618  437.128881  485.787506  485.787506          0.76317E-01    0.76317E-01    0.10686E+00    0.16746E+00    0.55635E+00    0.55635E+00
  12    0.190526      0.390000    0.390000    0.390000    104.012582  104.012582  329.345972  441.164620  486.030089  486.030089          0.11471E+00    0.11471E+00    0.12796E+00    0.18757E+00    0.55382E+00    0.55382E+00
  13    0.207846      0.380000    0.380000    0.380000    104.084105  104.084105  323.110012  445.138307  486.321620  486.321620          0.89398E-01    0.89398E-01    0.14147E+00    0.18900E+00    0.53758E+00    0.53758E+00
  14    0.225167      0.370000    0.370000    0.370000    104.070997  104.070997  316.720183  449.044693  486.666967  486.666967          0.72170E-01    0.72170E-01    0.13764E+00    0.21004E+00    0.50621E+00    0.50621E+00
  15    0.242487      0.360000    0.360000    0.360000    103.957251  103.957251  310.176710  452.878774  487.070574  487.070574          0.65839E-01    0.65839E-01    0.12734E+00    0.23109E+00    0.46316E+00    0.46316E+00
  16    0.259808      0.350000    0.350000    0.350000    103.727668  103.727668  303.479883  456.635587  487.536318  487.536318          0.64916E-01    0.64916E-01    0.10615E+00    0.22402E+00    0.41712E+00    0.41712E+00
  17    0.277128      0.340000    0.340000    0.340000    103.368107  103.368107  296.630249  460.310127  488.067369  488.067369          0.65738E-01    0.65738E-01    0.94961E-01    0.21415E+00    0.37611E+00    0.37611E+00
  18    0.294449      0.330000    0.330000    0.330000    102.865678  102.865678  289.628725  463.897316  488.666072  488.666072          0.68030E-01    0.68030E-01    0.96992E-01    0.21408E+00    0.34417E+00    0.34417E+00
  19    0.311769      0.320000    0.320000    0.320000    102.208914  102.208914  282.476671  467.392026  489.333848  489.333848          0.72526E-01    0.72526E-01    0.89227E-01    0.20427E+00    0.32033E+00    0.32033E+00
  20    0.329090      0.310000    0.310000    0.310000    101.387890  101.387890  275.175933  470.789128  490.071118  490.071118          0.76820E-01    0.76820E-01    0.73888E-01    0.17930E+00    0.30222E+00    0.30222E+00
  21    0.346410      0.300000    0.300000    0.300000    100.394309  100.394309  267.728861  474.083551  490.877258  490.877258          0.46434E-01    0.46434E-01    0.67601E-01    0.15396E+00    0.28860E+00    0.28860E+00
  22    0.363731      0.290000    0.290000    0.290000     99.221552   99.221552  260.138305  477.270363  491.750573  491.750573          0.63223E-01    0.63223E-01    0.56494E-01    0.14383E+00    0.28878E+00    0.28878E+00
  23    0.381051      0.280000    0.280000    0.280000     97.864679   97.864679  252.407608  480.344853  492.688307  492.688307          0.50603E-01    0.50603E-01    0.47023E-01    0.13155E+00    0.30169E+00    0.30169E+00
  24    0.398372      0.270000    0.270000    0.270000     96.320408   96.320408  244.540578  483.302614  493.686677  493.686677          0.47922E-01    0.47922E-01    0.39619E-01    0.12223E+00    0.32777E+00    0.32777E+00
  25    0.415692      0.260000    0.260000    0.260000     94.587062   94.587062  236.541454  486.139624  494.740927  494.740927          0.50309E-01    0.50309E-01    0.30698E-01    0.11619E+00    0.35813E+00    0.35813E+00
  26    0.433013      0.250000    0.250000    0.250000     92.664484   92.664484  228.414870  488.852323  495.845411  495.845411          0.51395E-01    0.51395E-01    0.31900E-01    0.11312E+00    0.37638E+00    0.37638E+00
  27    0.450333      0.240000    0.240000    0.240000     90.553937   90.553937  220.165810  491.437685  496.993691  496.993691          0.50720E-01    0.50720E-01    0.37067E-01    0.11068E+00    0.36622E+00    0.36622E+00
  28    0.467654      0.230000    0.230000    0.230000     88.257985   88.257985  211.799556  493.893274  498.178647  498.178647          0.51370E-01    0.51370E-01    0.40163E-01    0.10359E+00    0.33108E+00    0.33108E+00
  29    0.484974      0.220000    0.220000    0.220000     85.780365   85.780365  203.321645  496.217298  499.392598  499.392598          0.53789E-01    0.53789E-01    0.42241E-01    0.90517E-01    0.29340E+00    0.29340E+00
  30    0.502295      0.210000    0.210000    0.210000     83.125851   83.125851  194.737811  498.408643  500.627429  500.627429          0.55410E-01    0.55410E-01    0.44054E-01    0.82163E-01    0.27073E+00    0.27073E+00
  31    0.519615      0.200000    0.200000    0.200000     80.300116   80.300116  186.053936  500.466894  501.874719  501.874719          0.44749E-01    0.44749E-01    0.44040E-01    0.74736E-01    0.26374E+00    0.26374E+00
  32    0.536936      0.190000    0.190000    0.190000     77.309597   77.309597  177.275999  502.392350  503.125865  503.125865          0.49024E-01    0.49024E-01    0.45706E-01    0.75635E-01    0.27615E+00    0.27615E+00
  33    0.554256      0.180000    0.180000    0.180000     74.161367   74.161367  168.410026  504.186011  504.372203  504.372203          0.44410E-01    0.44410E-01    0.40922E-01    0.75234E-01    0.29600E+00    0.29600E+00
  34    0.571577      0.170000    0.170000    0.170000     70.863009   70.863009  159.462045  505.605118  505.605118  505.849563          0.45861E-01    0.45861E-01    0.33836E-01    0.31853E+00    0.31853E+00    0.78999E-01
  35    0.588897      0.160000    0.160000    0.160000     67.422507   67.422507  150.438039  506.816145  506.816145  507.385340          0.51807E-01    0.51807E-01    0.31680E-01    0.33480E+00    0.33480E+00    0.79906E-01
  36    0.606218      0.150000    0.150000    0.150000     63.848146   63.848146  141.343907  507.997056  507.997056  508.796271          0.57937E-01    0.57937E-01    0.27603E-01    0.34113E+00    0.34113E+00    0.79023E-01
  37    0.623538      0.140000    0.140000    0.140000     60.148420   60.148420  132.185430  509.139943  509.139943  510.085824          0.58046E-01    0.58046E-01    0.24425E-01    0.34007E+00    0.34007E+00    0.79371E-01
  38    0.640859      0.130000    0.130000    0.130000     56.331957   56.331957  122.968239  510.237278  510.237278  511.257926          0.54187E-01    0.54187E-01    0.19042E-01    0.33567E+00    0.33567E+00    0.81330E-01
  39    0.658179      0.120000    0.120000    0.120000     52.407459   52.407459  113.697787  511.281966  511.281966  512.316877          0.49423E-01    0.49423E-01    0.14325E-01    0.32913E+00    0.32913E+00    0.82398E-01
  40    0.675500      0.110000    0.110000    0.110000     48.383642   48.383642  104.379332  512.267390  512.267390  513.267260          0.45807E-01    0.45807E-01    0.11456E-01    0.32087E+00    0.32087E+00    0.81211E-01
  41    0.692820      0.100000    0.100000    0.100000     44.269204   44.269204   95.017921  513.187437  513.187437  514.113832          0.40505E-01    0.40505E-01    0.98250E-02    0.31131E+00    0.31131E+00    0.75299E-01
  42    0.710141      0.090000    0.090000    0.090000     40.072787   40.072787   85.618382  514.036520  514.036520  514.861424          0.37849E-01    0.37849E-01    0.78166E-02    0.31186E+00    0.31186E+00    0.79637E-01
  43    0.727461      0.080000    0.080000    0.080000     35.802958   35.802958   76.185318  514.809596  514.809596  515.514829          0.31949E-01    0.31949E-01    0.64471E-02    0.31226E+00    0.31226E+00    0.80236E-01
  44    0.744782      0.070000    0.070000    0.070000     31.468197   31.468197   66.723114  515.502167  515.502167  516.078694          0.27373E-01    0.27373E-01    0.55160E-02    0.30900E+00    0.30900E+00    0.80571E-01
  45    0.762102      0.060000    0.060000    0.060000     27.076888   27.076888   57.235944  516.110282  516.110282  516.557413          0.24815E-01    0.24815E-01    0.40379E-02    0.29776E+00    0.29776E+00    0.78270E-01
  46    0.779423      0.050000    0.050000    0.050000     22.637320   22.637320   47.727781  516.630539  516.630539  516.955024          0.21302E-01    0.21302E-01    0.27896E-02    0.28431E+00    0.28431E+00    0.75168E-01
  47    0.796743      0.040000    0.040000    0.040000     18.157692   18.157692   38.202421  517.060073  517.060073  517.275122          0.15103E-01    0.15103E-01    0.19415E-02    0.27798E+00    0.27798E+00    0.72929E-01
  48    0.814064      0.030000    0.030000    0.030000     13.646123   13.646123   28.663502  517.396554  517.396554  517.520769          0.82538E-02    0.82538E-02    0.13712E-02    0.28112E+00    0.28112E+00    0.75034E-01
  49    0.831384      0.020000    0.020000    0.020000      9.110660    9.110660   19.114532  517.638179  517.638179  517.694422          0.31538E-02    0.31538E-02    0.95556E-03    0.28927E+00    0.28927E+00    0.80242E-01
  50    0.848705      0.010000    0.010000    0.010000      4.559300    4.559300    9.558918  517.783666  517.783666  517.797883          0.49160E-03    0.49160E-03    0.37838E-03    0.29689E+00    0.29689E+00    0.86005E-01
  51    0.866025      0.000000    0.000000    0.000000     -0.000011   -0.000010    0.000007  517.832247  517.832247  517.832247          0.00000E+00    0.00000E+00    0.00000E+00    0.22610E+00    0.22610E+00    0.22610E+00
  52    0.891025      0.000000    0.000000    0.025000      7.293626    7.293626   13.057980  517.703760  517.703760  517.814969          0.93409E-03    0.93409E-03    0.42319E-03    0.22596E+00    0.22596E+00    0.22775E+00
  53    0.916025      0.000000    0.000000    0.050000     14.576516   14.576516   26.095580  517.317993  517.317993  517.761202          0.38679E-02    0.38679E-02    0.12710E-02    0.22036E+00    0.22036E+00    0.22680E+00
  54    0.941025      0.000000    0.000000    0.075000     21.837733   21.837733   39.092670  516.674121  516.674121  517.665240          0.56678E-02    0.56678E-02    0.20561E-02    0.21798E+00    0.21798E+00    0.23045E+00
  55    0.966025      0.000000    0.000000    0.100000     29.065940   29.065940   52.029618  515.771065  515.771065  517.517890          0.72646E-02    0.72646E-02    0.24332E-02    0.22622E+00    0.22622E+00    0.24364E+00
  56    0.991025      0.000000    0.000000    0.125000     36.249171   36.249171   64.887507  514.607920  514.607920  517.306933          0.89705E-02    0.89705E-02    0.30671E-02    0.23850E+00    0.23850E+00    0.25719E+00
  57    1.016025      0.000000    0.000000    0.150000     43.374595   43.374595   77.648341  513.184517  513.184517  517.017714          0.11447E-01    0.11447E-01    0.31645E-02    0.24188E+00    0.24188E+00    0.25994E+00
  58    1.041025      0.000000    0.000000    0.175000     50.428247   50.428247   90.295207  511.502084  511.502084  516.633841          0.13742E-01    0.13742E-01    0.31540E-02    0.24632E+00    0.24632E+00    0.25760E+00
  59    1.066025      0.000000    0.000000    0.200000     57.394756   57.394756  102.812410  509.563964  509.563964  516.137934          0.15453E-01    0.15453E-01    0.42997E-02    0.23969E+00    0.23969E+00    0.25910E+00
  60    1.091025      0.000000    0.000000    0.225000     64.257057   64.257057  115.185567  507.376345  507.376345  515.512390          0.17029E-01    0.17029E-01    0.63939E-02    0.22339E+00    0.22339E+00    0.26650E+00
  61    1.116025      0.000000    0.000000    0.250000     70.996123   70.996123  127.401664  504.948958  504.948958  514.740109          0.17377E-01    0.17377E-01    0.92503E-02    0.21264E+00    0.21264E+00    0.26406E+00
  62    1.141025      0.000000    0.000000    0.275000     77.590717   77.590717  139.449081  502.295698  502.295698  513.805150          0.18538E-01    0.18538E-01    0.12674E-01    0.21110E+00    0.21110E+00    0.25137E+00
  63    1.166025      0.000000    0.000000    0.300000     84.017216   84.017216  151.317587  499.435112  499.435112  512.693279          0.21302E-01    0.21302E-01    0.15065E-01    0.20377E+00    0.20377E+00    0.23673E+00
  64    1.191025      0.000000    0.000000    0.325000     90.249510   90.249510  162.998311  496.390724  496.390724  511.392391          0.21350E-01    0.21350E-01    0.17529E-01    0.20777E+00    0.20777E+00    0.22673E+00
  65    1.216025      0.000000    0.000000    0.350000     96.259038   96.259038  174.483699  493.191149  493.191149  509.892777          0.20352E-01    0.20352E-01    0.22953E-01    0.21766E+00    0.21766E+00    0.21962E+00
  66    1.241025      0.000000    0.000000    0.375000    102.014970  102.014970  185.767451  489.869973  489.869973  508.187258          0.21830E-01    0.21830E-01    0.24304E-01    0.22177E+00    0.22177E+00    0.21465E+00
  67    1.266025      0.000000    0.000000    0.400000    107.484589  107.484589  196.844469  486.465359  486.465359  506.271160          0.24000E-01    0.24000E-01    0.29354E-01    0.22009E+00    0.22009E+00    0.21039E+00
  68    1.291025      0.000000    0.000000    0.425000    112.633886  112.633886  207.710789  483.019369  483.019369  504.142168          0.24790E-01    0.24790E-01    0.40148E-01    0.21125E+00    0.21125E+00    0.20871E+00
  69    1.316025      0.000000    0.000000    0.450000    117.428412  117.428412  218.363531  479.577002  479.577002  501.800071          0.25567E-01    0.25567E-01    0.56035E-01    0.18906E+00    0.18906E+00    0.21122E+00
  70    1.341025      0.000000    0.000000    0.475000    121.834364  121.834364  228.800843  476.184936  476.184936  499.246415          0.27048E-01    0.27048E-01    0.72591E-01    0.16697E+00    0.16697E+00    0.22024E+00
  71    1.366025      0.000000    0.000000    0.500000    125.819927  125.819927  239.021861  472.890034  472.890034  496.484118          0.27240E-01    0.27240E-01    0.10302E+00    0.16338E+00    0.16338E+00    0.22796E+00
  72    1.391025      0.000000    0.000000    0.525000    129.356803  129.356803  249.026663  469.737639  469.737639  493.517045          0.30606E-01    0.30606E-01    0.12895E+00    0.15749E+00    0.15749E+00    0.22463E+00
  73    1.416025      0.000000    0.000000    0.550000    132.421876  132.421876  258.816224  466.769772  466.769772  490.349603          0.34286E-01    0.34286E-01    0.14888E+00    0.15365E+00    0.15365E+00    0.21937E+00
  74    1.441025      0.000000    0.000000    0.575000    134.998913  134.998913  268.392373  464.023331  464.023331  486.986361          0.38537E-01    0.38537E-01    0.14701E+00    0.14742E+00    0.14742E+00    0.22235E+00
  75    1.466025      0.000000    0.000000    0.600000    137.080151  137.080151  277.757727  461.528431  461.528431  483.431730          0.44112E-01    0.44112E-01    0.14984E+00    0.14557E+00    0.14557E+00    0.21961E+00
  76    1.491025      0.000000    0.000000    0.625000    138.667661  138.667661  286.915616  459.307042  459.307042  479.689716          0.50170E-01    0.50170E-01    0.19543E+00    0.15131E+00    0.15131E+00    0.21014E+00
  77    1.516025      0.000000    0.000000    0.650000    139.774313  139.774313  295.869992  457.372050  457.372050  475.763746          0.53445E-01    0.53445E-01    0.20702E+00    0.14897E+00    0.14897E+00    0.19412E+00
  78    1.541025      0.000000    0.000000    0.675000    140.424262  140.424262  304.625307  455.726844  455.726844  471.656590          0.53579E-01    0.53579E-01    0.21143E+00    0.14454E+00    0.14454E+00    0.18633E+00
  79    1.566025      0.000000    0.000000    0.700000    140.652856  140.652856  313.186376  454.365496  454.365496  467.370348          0.51780E-01    0.51780E-01    0.21460E+00    0.14380E+00    0.14380E+00    0.18622E+00
  80    1.591025      0.000000    0.000000    0.725000    140.505967  140.505967  321.558217  453.273488  453.273488  462.906518          0.52123E-01    0.52123E-01    0.18502E+00    0.13947E+00    0.13947E+00    0.18261E+00
  81    1.616025      0.000000    0.000000    0.750000    140.038773  140.038773  329.745884  452.428947  452.428947  458.266111          0.55447E-01    0.55447E-01    0.16910E+00    0.13299E+00    0.13299E+00    0.16365E+00
  82    1.641025      0.000000    0.000000    0.775000    139.314063  139.314063  337.754282  451.804227  451.804227  453.449797          0.57716E-01    0.57716E-01    0.17321E+00    0.13215E+00    0.13215E+00    0.14446E+00
  83    1.666025      0.000000    0.000000    0.800000    138.400167  138.400167  345.587994  448.458079  451.367717  451.367717          0.58747E-01    0.58747E-01    0.18495E+00    0.12814E+00    0.13433E+00    0.13433E+00
  84    1.691025      0.000000    0.000000    0.825000    137.368601  137.368601  353.251119  443.291449  451.085708  451.085708          0.64247E-01    0.64247E-01    0.19959E+00    0.11862E+00    0.13646E+00    0.13646E+00
  85    1.716025      0.000000    0.000000    0.850000    136.291519  136.291519  360.747130  437.950527  450.924197  450.924197          0.66780E-01    0.66780E-01    0.16834E+00    0.11717E+00    0.13938E+00    0.13938E+00
  86    1.741025      0.000000    0.000000    0.875000    135.239047  135.239047  368.078767  432.436166  450.850528  450.850528          0.68140E-01    0.68140E-01    0.13923E+00    0.10192E+00    0.14858E+00    0.14858E+00
  87    1.766025      0.000000    0.000000    0.900000    134.276582  134.276582  375.247974  426.749508  450.834817  450.834817          0.70809E-01    0.70809E-01    0.13629E+00    0.77060E-01    0.15554E+00    0.15554E+00
  88    1.791025      0.000000    0.000000    0.925000    133.462145  133.462145  382.255880  420.891987  450.851125  450.851125          0.72930E-01    0.72930E-01    0.11028E+00    0.68512E-01    0.15610E+00    0.15610E+00
  89    1.816025      0.000000    0.000000    0.950000    132.843900  132.843900  389.102821  414.865284  450.878382  450.878382          0.76963E-01    0.76963E-01    0.68140E-01    0.77086E-01    0.15963E+00    0.15963E+00
  90    1.841025      0.000000    0.000000    0.975000    132.457986  132.457986  395.788423  408.671237  450.901069  450.901069          0.81445E-01    0.81445E-01    0.46847E-01    0.62355E-01    0.16549E+00    0.16549E+00
  91    1.866025      0.000000    0.000000    1.000000    132.326816  132.326816  402.311706  402.311706  450.909696  450.909696          0.80949E-01    0.80949E-01    0.51651E-01    0.51651E-01    0.16710E+00    0.16710E+00
  92    1.891025      0.000000    0.025000    1.000000    132.839695  132.839695  402.019615  402.019615  450.973077  450.973077          0.83883E-01    0.83883E-01    0.51744E-01    0.51744E-01    0.16710E+00    0.16710E+00
  93    1.916025      0.000000    0.050000    1.000000    134.359130  134.359130  401.152509  401.152509  451.156690  451.156690          0.80794E-01    0.80794E-01    0.52738E-01    0.52738E-01    0.16308E+00    0.16308E+00
  94    1.941025      0.000000    0.075000    1.000000    136.829703  136.829703  399.736437  399.736437  451.442447  451.442447          0.79219E-01    0.79219E-01    0.56638E-01    0.56638E-01    0.15850E+00    0.15850E+00
  95    1.966025      0.000000    0.100000    1.000000    140.165712  140.165712  397.810649  397.810649  451.804551  451.804551          0.78929E-01    0.78929E-01    0.62996E-01    0.62996E-01    0.15330E+00    0.15330E+00
  96    1.991025      0.000000    0.125000    1.000000    144.259303  144.259303  395.423188  395.423188  452.214180  452.214180          0.79642E-01    0.79642E-01    0.72560E-01    0.72560E-01    0.14766E+00    0.14766E+00
  97    2.016025      0.000000    0.150000    1.000000    148.988931  148.988931  392.627197  392.627197  452.643564  452.643564          0.76694E-01    0.76694E-01    0.80451E-01    0.80451E-01    0.14579E+00    0.14579E+00
  98    2.041025      0.000000    0.175000    1.000000    154.226679  154.226679  389.478678  389.478678  453.068742  453.068742          0.77185E-01    0.77185E-01    0.83240E-01    0.83240E-01    0.14489E+00    0.14489E+00
  99    2.066025      0.000000    0.200000    1.000000    159.843581  159.843581  386.035743  386.035743  453.470937  453.470937          0.79704E-01    0.79704E-01    0.89161E-01    0.89161E-01    0.13537E+00    0.13537E+00
 100    2.091025      0.000000    0.225000    1.000000    165.712730  165.712730  382.359068  382.359068  453.836871  453.836871          0.92832E-01    0.92832E-01    0.10298E+00    0.10298E+00    0.12439E+00    0.12439E+00
 101    2.116025      0.000000    0.250000    1.000000    171.710388  171.710388  378.513153  378.513153  454.158420  454.158420          0.10217E+00    0.10217E+00    0.12573E+00    0.12573E+00    0.11436E+00    0.11436E+00
 102    2.141025      0.000000    0.275000    1.000000    177.715499  177.715499  374.568052  374.568052  454.431906  454.431906          0.10234E+00    0.10234E+00    0.15168E+00    0.15168E+00    0.10421E+00    0.10421E+00
 103    2.166025      0.000000    0.300000    1.000000    183.608099  183.608099  370.601306  370.601306  454.657249  454.657249          0.97286E-01    0.97286E-01    0.17119E+00    0.17119E+00    0.93790E-01    0.93790E-01
 104    2.191025      0.000000    0.325000    1.000000    189.267142  189.267142  366.699808  366.699808  454.837094  454.837094          0.98680E-01    0.98680E-01    0.19221E+00    0.19221E+00    0.88400E-01    0.88400E-01
 105    2.216025      0.000000    0.350000    1.000000    194.568377  194.568377  362.961180  362.961180  454.975964  454.975964          0.98023E-01    0.98023E-01    0.21996E+00    0.21996E+00    0.84410E-01    0.84410E-01
 106    2.241025      0.000000    0.375000    1.000000    199.383083  199.383083  359.494058  359.494058  455.079480  455.079480          0.10015E+00    0.10015E+00    0.25292E+00    0.25292E+00    0.80509E-01    0.80509E-01
 107    2.266025      0.000000    0.400000    1.000000    203.578743  203.578743  356.416331  356.416331  455.153661  455.153661          0.98168E-01    0.98168E-01    0.27966E+00    0.27966E+00    0.77030E-01    0.77030E-01
 108    2.291025      0.000000    0.425000    1.000000    207.022898  207.022898  353.850212  353.850212  455.204313  455.204313          0.91413E-01    0.91413E-01    0.30212E+00    0.30212E+00    0.76362E-01    0.76362E-01
 109    2.316025      0.000000    0.450000    1.000000    209.591168  209.591168  351.913241  351.913241  455.236506  455.236506          0.84412E-01    0.84412E-01    0.32147E+00    0.32147E+00    0.73933E-01    0.73933E-01
 110    2.341025      0.000000    0.475000    1.000000    211.179291  211.179291  350.705421  350.705421  455.254166  455.254166          0.79452E-01    0.79452E-01    0.33631E+00    0.33631E+00    0.71553E-01    0.71553E-01
 111    2.366025      0.000000    0.500000    1.000000    211.716972  211.716972  350.294749  350.294749  455.259771  455.259771          0.76607E-01    0.76607E-01    0.34158E+00    0.34158E+00    0.70842E-01    0.70842E-01
 112    2.393976      0.000000    0.487500    0.975000    209.358062  213.484095  347.536318  353.235575  454.634004  456.083468          0.82060E-01    0.83622E-01    0.28632E+00    0.34987E+00    0.81264E-01    0.64791E-01
 113    2.421927      0.000000    0.475000    0.950000    206.808583  214.269779  344.505265  356.819098  454.285361  457.016565          0.90256E-01    0.97566E-01    0.28587E+00    0.29024E+00    0.84563E-01    0.69937E-01
 114    2.449878      0.000000    0.462500    0.925000    204.059013  214.146711  341.205864  361.017152  454.209420  458.041517          0.92726E-01    0.10732E+00    0.27773E+00    0.24754E+00    0.90133E-01    0.78242E-01
 115    2.477829      0.000000    0.450000    0.900000    201.102699  213.232043  337.645749  365.764252  454.397163  459.137877          0.90199E-01    0.10884E+00    0.27041E+00    0.21940E+00    0.97613E-01    0.89006E-01
 116    2.505780      0.000000    0.437500    0.875000    197.936196  211.666425  333.834749  370.972723  454.837195  460.283952          0.92658E-01    0.10460E+00    0.26342E+00    0.19916E+00    0.10931E+00    0.98672E-01
 117    2.533731      0.000000    0.425000    0.850000    194.559379  209.593944  329.783639  376.547499  455.517548  461.458551          0.98267E-01    0.99392E-01    0.25764E+00    0.17086E+00    0.12441E+00    0.10789E+00
 118    2.561681      0.000000    0.412500    0.825000    190.975306  207.146433  325.502906  382.397294  456.426967  462.642687          0.10115E+00    0.98444E-01    0.26128E+00    0.13688E+00    0.13903E+00    0.12078E+00
 119    2.589632      0.000000    0.400000    0.800000    187.189904  204.433212  321.001595  388.441284  457.555668  463.821093          0.99671E-01    0.10028E+00    0.26244E+00    0.11012E+00    0.15316E+00    0.13592E+00
 120    2.617583      0.000000    0.387500    0.775000    183.211497  201.535683  316.286243  394.611965  458.895591  464.983465          0.98707E-01    0.10282E+00    0.25728E+00    0.10742E+00    0.16768E+00    0.14695E+00
 121    2.645534      0.000000    0.375000    0.750000    179.050250  198.505715  311.359962  400.855397  460.440212  466.125348          0.94809E-01    0.10285E+00    0.26148E+00    0.10283E+00    0.17847E+00    0.15261E+00
 122    2.673485      0.000000    0.362500    0.725000    174.717569  195.366794  306.221657  407.129894  462.183976  467.248623          0.98171E-01    0.95817E-01    0.27448E+00    0.10690E+00    0.18400E+00    0.15576E+00
 123    2.701436      0.000000    0.350000    0.700000    170.225503  192.117168  300.865430  413.403916  464.121459  468.361559          0.10047E+00    0.89290E-01    0.27568E+00    0.12500E+00    0.19370E+00    0.15911E+00
 124    2.729386      0.000000    0.337500    0.675000    165.586194  188.734398  295.280213  419.653633  466.246366  469.478401          0.94159E-01    0.85085E-01    0.27038E+00    0.15297E+00    0.20967E+00    0.16505E+00
 125    2.757337      0.000000    0.325000    0.650000    160.811401  185.180805  289.449674  425.860424  468.550514  470.618522          0.86239E-01    0.85517E-01    0.25897E+00    0.18073E+00    0.22348E+00    0.17129E+00
 126    2.785288      0.000000    0.312500    0.625000    155.912099  181.409353  283.352448  432.008500  471.022911  471.805134          0.76927E-01    0.88075E-01    0.27893E+00    0.17430E+00    0.23665E+00    0.17560E+00
 127    2.813239      0.000000    0.300000    0.600000    150.898161  177.369481  276.962744  438.082787  473.063643  473.649054          0.71711E-01    0.86633E-01    0.28124E+00    0.16574E+00    0.17901E+00    0.24390E+00
 128    2.841190      0.000000    0.287500    0.575000    145.778114  173.012465  270.251316  444.067209  474.419740  476.410521          0.70413E-01    0.84055E-01    0.25203E+00    0.17326E+00    0.18202E+00    0.24325E+00
 129    2.869141      0.000000    0.275000    0.550000    140.558945  168.295924  263.186772  449.943519  475.897356  479.284863          0.65248E-01    0.76113E-01    0.24522E+00    0.18991E+00    0.18661E+00    0.24891E+00
 130    2.897092      0.000000    0.262500    0.525000    135.245965  163.187248  255.737129  455.690747  477.516653  482.245780          0.59399E-01    0.67643E-01    0.22537E+00    0.19882E+00    0.19550E+00    0.26437E+00
 131    2.925042      0.000000    0.250000    0.500000    129.842704  157.665818  247.871490  461.285341  479.292224  485.263515          0.53471E-01    0.63119E-01    0.20540E+00    0.22651E+00    0.20679E+00    0.27526E+00
 132    2.952993      0.000000    0.237500    0.475000    124.350856  151.724048  239.561699  466.701928  481.231663  488.305404          0.50610E-01    0.55880E-01    0.17912E+00    0.26363E+00    0.21228E+00    0.27049E+00
 133    2.980944      0.000000    0.225000    0.450000    118.770281  145.367367  230.783816  471.914559  483.334629  491.336555          0.47027E-01    0.48512E-01    0.13526E+00    0.26576E+00    0.20940E+00    0.26331E+00
 134    3.008895      0.000000    0.212500    0.425000    113.099082  138.613345  221.519313  476.898216  485.592484  494.320646          0.44581E-01    0.44698E-01    0.90046E-01    0.24103E+00    0.20667E+00    0.26224E+00
 135    3.036846      0.000000    0.200000    0.400000    107.333774  131.490168  211.755905  481.630310  487.988494  497.220891          0.40589E-01    0.38805E-01    0.65178E-01    0.22136E+00    0.20524E+00    0.26017E+00
 136    3.064797      0.000000    0.187500    0.375000    101.469563  124.034691  201.487999  486.091899  490.498545  500.001221          0.37398E-01    0.34006E-01    0.55269E-01    0.21611E+00    0.21422E+00    0.25803E+00
 137    3.092747      0.000000    0.175000    0.350000     95.500722  116.290238  190.716790  490.268423  493.092263  502.627687          0.35656E-01    0.29299E-01    0.42118E-01    0.22672E+00    0.22482E+00    0.25140E+00
 138    3.120698      0.000000    0.162500    0.325000     89.421085  108.304309  179.450052  494.149885  495.734407  505.070040          0.35406E-01    0.24184E-01    0.35121E-01    0.22648E+00    0.22413E+00    0.25037E+00
 139    3.148649      0.000000    0.150000    0.300000     83.224605  100.126309  167.701714  497.730515  498.386393  507.303317          0.34064E-01    0.24688E-01    0.29857E-01    0.21518E+00    0.21564E+00    0.24826E+00
 140    3.176600      0.000000    0.137500    0.275000     76.905964   91.805376  155.491286  501.007831  501.008073  509.309236          0.31613E-01    0.26073E-01    0.25039E-01    0.21313E+00    0.21837E+00    0.24156E+00
 141    3.204551      0.000000    0.125000    0.250000     70.461189   83.388384  142.843218  503.557963  503.982999  511.077163          0.29609E-01    0.28253E-01    0.21913E-01    0.22101E+00    0.23043E+00    0.23124E+00
 142    3.232502      0.000000    0.112500    0.225000     63.888234   74.918152  129.786237  505.996933  506.657576  512.604488          0.27115E-01    0.29284E-01    0.16944E-01    0.22599E+00    0.23503E+00    0.22907E+00
 143    3.260453      0.000000    0.100000    0.200000     57.187482   66.431936  116.352706  508.286856  509.035221  513.896346          0.24405E-01    0.29311E-01    0.12444E-01    0.22621E+00    0.23456E+00    0.23694E+00
 144    3.288403      0.000000    0.087500    0.175000     50.362135   57.960219  102.578037  510.392660  511.119947  514.964690          0.20873E-01    0.25363E-01    0.74666E-02    0.22880E+00    0.23992E+00    0.24461E+00
 145    3.316354      0.000000    0.075000    0.150000     43.418468   49.525860   88.500156  512.282710  512.915967  515.826845          0.18496E-01    0.20719E-01    0.54625E-02    0.23468E+00    0.24878E+00    0.24201E+00
 146    3.344305      0.000000    0.062500    0.125000     36.365917   41.143635   74.159034  513.929238  514.427416  516.503679          0.17692E-01    0.16852E-01    0.48861E-02    0.23228E+00    0.25182E+00    0.23296E+00
 147    3.372256      0.000000    0.050000    0.100000     29.217014   32.820214   59.596286  515.308612  515.658145  517.017565          0.13380E-01    0.14984E-01    0.53248E-02    0.22762E+00    0.24806E+00    0.22262E+00
 148    3.400207      0.000000    0.037500    0.075000     21.987155   24.554581   44.854809  516.401473  516.611550  517.390307          0.82980E-02    0.10789E-01    0.37044E-02    0.21761E+00    0.23782E+00    0.20761E+00
 149    3.428158      0.000000    0.025000    0.050000     14.694225   16.338901   29.978477  517.192788  517.290437  517.641191          0.57817E-02    0.59596E-02    0.26275E-02    0.21557E+00    0.23878E+00    0.20075E+00
 150    3.456109      0.000000    0.012500    0.025000      7.358090    8.159801   15.011864  517.671849  517.696904  517.785306          0.14163E-02    0.14789E-02    0.92514E-03    0.22407E+00    0.24784E+00    0.20311E+00
 151    3.484059      0.000000    0.000000    0.000000     -0.000011   -0.000010    0.000007  517.832247  517.832247  517.832247          0.00000E+00    0.00000E+00    0.00000E+00    0.22610E+00    0.22610E+00    0.22610E+00
