 # calculation of linewidth (gamma_n)
#      1     T=  10.0    sigma=  50.0
   1    0.006944      0.000000    0.000000    0.000000      0.000077    0.000158    0.000283  919.022185 1509.096033 1509.096033          0.00000E+00    0.00000E+00    0.00000E+00    0.81374E-01    0.63317E+02    0.63317E+02
   2    0.006944      0.000000    0.096225    0.000000     75.868088  155.533717  280.609772  904.116349 1505.820012 1512.820200          0.11579E-03    0.33739E-01    0.15024E+00    0.95846E-01    0.50528E+02    0.75202E+02
   3    0.006944      0.000000    0.192450    0.000000    150.661212  304.629940  551.066282  861.373640 1495.991743 1519.725732          0.57356E-03    0.23560E+00    0.19640E+01    0.12745E+00    0.48107E+02    0.74665E+02
   4    0.006944      0.000000    0.288675    0.000000    223.552709  439.651275  796.711433  801.335364 1480.174757 1518.871782          0.10787E-02    0.58433E+00    0.14074E+00    0.83012E+01    0.45051E+02    0.78421E+02
   5    0.006944      0.000000    0.384900    0.000000    293.358236  550.763173  720.227353 1021.982455 1460.921059 1496.840414          0.12544E-02    0.66788E+00    0.10272E+00    0.26876E+02    0.26299E+02    0.10119E+03
   6    0.006944      0.000000    0.481125    0.000000    354.493505  625.756053  648.538248 1205.080647 1441.746699 1444.010328          0.93275E-03    0.63054E+00    0.39901E-01    0.15475E+02    0.53697E+02    0.11079E+02
   7    0.003472      0.000000   -0.577350    0.000000    383.718439  614.498353  652.570685 1341.617155 1349.411828 1437.080991          0.58688E-03    0.31302E-01    0.50313E+00    0.28011E+01    0.58446E+02    0.59245E+01
   8    0.003472      0.000000    0.577350    0.000000    383.718439  614.498353  652.570685 1341.617155 1349.411828 1437.080991          0.58688E-03    0.31302E-01    0.50313E+00    0.28011E+01    0.58446E+02    0.59245E+01
   9    0.006944      0.000000   -0.481125    0.000000    354.493505  625.756053  648.538248 1205.080647 1441.746699 1444.010328          0.93248E-03    0.63040E+00    0.39903E-01    0.15475E+02    0.53697E+02    0.11079E+02
  10    0.006944      0.000000   -0.384900    0.000000    293.358236  550.763173  720.227353 1021.982455 1460.921059 1496.840414          0.12538E-02    0.66762E+00    0.10272E+00    0.26876E+02    0.26299E+02    0.10119E+03
  11    0.006944      0.000000   -0.288675    0.000000    223.552709  439.651275  796.711433  801.335364 1480.174757 1518.871782          0.10780E-02    0.58403E+00    0.14074E+00    0.83009E+01    0.45051E+02    0.78421E+02
  12    0.006944      0.000000   -0.192450    0.000000    150.661212  304.629940  551.066282  861.373640 1495.991743 1519.725732          0.57300E-03    0.23536E+00    0.19638E+01    0.12745E+00    0.48107E+02    0.74666E+02
  13    0.006944      0.000000   -0.096225    0.000000     75.868088  155.533717  280.609772  904.116349 1505.820012 1512.820200          0.11554E-03    0.33610E-01    0.15016E+00    0.95846E-01    0.50528E+02    0.75202E+02
  14    0.006944      0.083333    0.048113    0.000000     50.910691  160.261553  289.472619  905.864471 1505.324178 1511.149365          0.11087E-03    0.16592E-01    0.10143E+00    0.88332E-01    0.67010E+02    0.55630E+02
  15    0.006944      0.083333    0.144338    0.000000    120.571907  272.824391  481.681954  876.741433 1500.106254 1515.561514          0.42381E-03    0.47167E+00    0.10141E+01    0.11302E+00    0.51716E+02    0.68038E+02
  16    0.006944      0.083333    0.240563    0.000000    194.047512  412.394204  707.637867  822.392838 1489.036460 1517.491582          0.92386E-03    0.31811E+01    0.48109E+01    0.13778E+00    0.44475E+02    0.69677E+02
  17    0.006944      0.083333    0.336788    0.000000    265.765175  538.456870  750.609660  924.644320 1472.790651 1505.358680          0.12788E-02    0.52959E+01    0.12914E+00    0.13301E+02    0.34694E+02    0.74586E+02
  18    0.006944      0.083333    0.433013    0.000000    332.926984  634.772807  673.778082 1115.866675 1450.912804 1471.057968          0.11712E-02    0.27355E+01    0.98545E-01    0.32412E+02    0.40995E+02    0.53618E+02
  19    0.006944      0.083333    0.529238    0.000000    383.718439  614.498353  687.786241 1271.518634 1386.446324 1449.088054          0.63496E-03    0.67996E-01    0.83066E+00    0.17361E+02    0.31315E+02    0.12184E+02
  20    0.006944      0.083333   -0.529238    0.000000    383.718439  614.498353  687.786241 1271.518634 1386.446324 1449.088054          0.64399E-03    0.68012E-01    0.83132E+00    0.17367E+02    0.31312E+02    0.12184E+02
  21    0.006944      0.083333   -0.433013    0.000000    332.926984  634.772807  673.778082 1115.866675 1450.912804 1471.057968          0.11955E-02    0.27377E+01    0.98680E-01    0.32421E+02    0.40993E+02    0.53619E+02
  22    0.006944      0.083333   -0.336788    0.000000    265.765175  538.456870  750.609660  924.644320 1472.790651 1505.358680          0.13138E-02    0.52994E+01    0.12915E+00    0.13312E+02    0.34692E+02    0.74589E+02
  23    0.006944      0.083333   -0.240563    0.000000    194.047512  412.394204  707.637867  822.392838 1489.036460 1517.491582          0.95979E-03    0.31849E+01    0.48173E+01    0.13778E+00    0.44483E+02    0.69684E+02
  24    0.006944      0.083333   -0.144338    0.000000    120.571907  272.824391  481.681954  876.741433 1500.106254 1515.561514          0.44677E-03    0.47415E+00    0.10168E+01    0.11302E+00    0.51726E+02    0.68040E+02
  25    0.006944      0.083333   -0.048113    0.000000     50.910691  160.261553  289.472619  905.864471 1505.324178 1511.149365          0.10621E-03    0.17150E-01    0.10078E+00    0.88331E-01    0.67009E+02    0.55632E+02
  26    0.006944      0.166667    0.096225    0.000000    110.006833  312.234654  566.105760  867.503225 1494.423038 1514.187774          0.37485E-03    0.11237E+00    0.13148E+01    0.10668E+00    0.60443E+02    0.51024E+02
  27    0.006944      0.166667    0.192450    0.000000    178.319617  412.518217  715.861109  825.945840 1489.203811 1513.431272          0.89691E-03    0.82995E+00    0.38480E+01    0.12745E+00    0.47282E+02    0.54783E+02
  28    0.006944      0.166667    0.288675    0.000000    250.393047  551.944427  762.927932  879.868651 1482.130553 1500.813987          0.13947E-02    0.71611E+01    0.13666E+00    0.10297E+02    0.33007E+02    0.52946E+02
  29    0.006944      0.166667    0.384900    0.000000    320.362334  679.864028  687.673595 1039.172901 1462.144309 1478.221289          0.15169E-02    0.15742E+02    0.15413E+00    0.22893E+02    0.37187E+02    0.37503E+02
  30    0.006944      0.166667    0.481125    0.000000    383.718439  614.498353  767.380425 1184.188046 1401.041877 1468.947500          0.10206E-02    0.17714E+00    0.70032E+01    0.22278E+02    0.30572E+02    0.12932E+02
  31    0.003472      0.166667   -0.577350    0.000000    417.096662  576.479544  798.421569 1299.648421 1314.531961 1465.495398          0.32452E-03    0.72419E-01    0.15703E+01    0.58440E+01    0.28240E+02    0.11348E+02
  32    0.003472      0.166667    0.577350    0.000000    417.096662  576.479544  798.421569 1299.648421 1314.531961 1465.495398          0.32452E-03    0.72419E-01    0.15703E+01    0.58440E+01    0.28240E+02    0.11348E+02
  33    0.006944      0.166667   -0.481125    0.000000    383.718439  614.498353  767.380425 1184.188046 1401.041877 1468.947500          0.10479E-02    0.17715E+00    0.70063E+01    0.22291E+02    0.30569E+02    0.12932E+02
  34    0.006944      0.166667   -0.384900    0.000000    320.362334  679.864028  687.673595 1039.172901 1462.144309 1478.221289          0.15604E-02    0.15747E+02    0.15454E+00    0.22906E+02    0.37186E+02    0.37505E+02
  35    0.006944      0.166667   -0.288675    0.000000    250.393047  551.944427  762.927932  879.868651 1482.130553 1500.813987          0.14406E-02    0.71668E+01    0.13666E+00    0.10305E+02    0.33008E+02    0.52950E+02
  36    0.006944      0.166667   -0.192450    0.000000    178.319617  412.518217  715.861109  825.945840 1489.203811 1513.431272          0.92331E-03    0.83487E+00    0.38464E+01    0.12744E+00    0.47288E+02    0.54785E+02
  37    0.006944      0.166667   -0.096225    0.000000    110.006833  312.234654  566.105760  867.503225 1494.423038 1514.187774          0.36116E-03    0.11456E+00    0.13134E+01    0.10668E+00    0.60444E+02    0.51028E+02
  38    0.006944      0.166667    0.000000    0.000000     72.872135  289.589558  491.252606  881.987969 1497.040219 1512.407180          0.25233E-03    0.44209E-01    0.59200E+00    0.96483E-01    0.70787E+02    0.43952E+02
  39    0.006944      0.250000    0.144338    0.000000    181.224494  447.233737  807.392472  818.137272 1477.901396 1509.887831          0.75629E-03    0.30822E+00    0.12799E+00    0.61285E+01    0.53564E+02    0.45475E+02
  40    0.006944      0.250000    0.240563    0.000000    248.455234  537.900382  756.515688  934.724757 1473.530987 1498.592412          0.15047E-02    0.99484E+00    0.14491E+00    0.11536E+02    0.34202E+02    0.37917E+02
  41    0.006944      0.250000    0.336788    0.000000    317.451676  678.487901  689.022084 1042.226916 1463.071797 1475.783764          0.19935E-02    0.68537E+01    0.19324E+00    0.21235E+02    0.32428E+02    0.19721E+02
  42    0.006944      0.250000    0.433013    0.000000    383.718439  614.498353  816.624318 1135.732732 1404.988277 1476.869314          0.19644E-02    0.27618E+00    0.17180E+02    0.36149E+02    0.21893E+02    0.13223E+02
  43    0.006944      0.250000    0.529238    0.000000    443.317937  546.861755  903.128445 1225.315055 1322.756358 1479.076262          0.10556E-02    0.45154E-01    0.73736E+01    0.18242E+02    0.12917E+02    0.14951E+02
  44    0.006944      0.250000   -0.529238    0.000000    443.317937  546.861755  903.128445 1225.315055 1322.756358 1479.076262          0.10781E-02    0.45161E-01    0.73754E+01    0.18253E+02    0.12914E+02    0.14950E+02
  45    0.006944      0.250000   -0.433013    0.000000    383.718439  614.498353  816.624318 1135.732732 1404.988277 1476.869314          0.20007E-02    0.27619E+00    0.17184E+02    0.36160E+02    0.21894E+02    0.13222E+02
  46    0.006944      0.250000   -0.336788    0.000000    317.451676  678.487901  689.022084 1042.226916 1463.071797 1475.783764          0.20301E-02    0.68606E+01    0.19355E+00    0.21238E+02    0.32436E+02    0.19722E+02
  47    0.006944      0.250000   -0.240563    0.000000    248.455234  537.900382  756.515688  934.724757 1473.530987 1498.592412          0.15221E-02    0.10025E+01    0.14491E+00    0.11536E+02    0.34210E+02    0.37917E+02
  48    0.006944      0.250000   -0.144338    0.000000    181.224494  447.233737  807.392472  818.137272 1477.901396 1509.887831          0.73816E-03    0.31265E+00    0.12798E+00    0.61270E+01    0.53569E+02    0.45465E+02
  49    0.006944      0.250000   -0.048113    0.000000    131.627383  431.563904  724.273193  834.660798 1483.863442 1509.357756          0.37281E-03    0.24375E+00    0.29405E+01    0.11946E+00    0.74795E+02    0.39154E+02
  50    0.006944      0.250000    0.048113    0.000000    131.627383  431.563904  724.273193  834.660798 1483.863442 1509.357756          0.40089E-03    0.24221E+00    0.29404E+01    0.11946E+00    0.74794E+02    0.39157E+02
  51    0.006944      0.333333    0.192450    0.000000    262.422981  555.734450  732.066031 1035.893108 1459.037228 1487.247403          0.13402E-02    0.56730E+00    0.16185E+00    0.30057E+02    0.34102E+02    0.41282E+02
  52    0.006944      0.333333    0.288675    0.000000    324.692912  633.596917  677.784474 1122.398127 1450.861726 1466.639733          0.23350E-02    0.69047E+00    0.21797E+00    0.46036E+02    0.35023E+02    0.17204E+02
  53    0.006944      0.333333    0.384900    0.000000    383.718439  614.498353  767.380426 1184.188046 1401.041877 1468.947499          0.28179E-02    0.28509E+00    0.22865E+01    0.32000E+02    0.21237E+02    0.12379E+02
  54    0.006944      0.333333    0.481125    0.000000    436.102646  552.632838  906.417657 1221.710028 1324.339800 1478.629324          0.28336E-02    0.27463E-01    0.45788E+01    0.19944E+02    0.16916E+02    0.11855E+02
  55    0.002315     -0.666667    0.000000    0.000000    472.495872  511.494383  976.446104 1255.416407 1255.866855 1483.180677          0.97891E-03    0.10238E-01    0.81563E+00    0.82676E+01    0.34588E+01    0.20781E+02
  56    0.002315      0.333333   -0.577350    0.000000    472.495872  511.494383  976.446104 1255.416407 1255.866855 1483.180677          0.97891E-03    0.10238E-01    0.81563E+00    0.82676E+01    0.34588E+01    0.20781E+02
  57    0.002315      0.333333    0.577350    0.000000    472.495872  511.494383  976.446104 1255.416407 1255.866855 1483.180677          0.97891E-03    0.10238E-01    0.81563E+00    0.82676E+01    0.34588E+01    0.20781E+02
  58    0.006944      0.333333   -0.481125    0.000000    436.102646  552.632838  906.417657 1221.710028 1324.339800 1478.629324          0.28579E-02    0.27444E-01    0.45814E+01    0.19952E+02    0.16917E+02    0.11854E+02
  59    0.006944      0.333333   -0.384900    0.000000    383.718439  614.498353  767.380426 1184.188046 1401.041877 1468.947499          0.28444E-02    0.28508E+00    0.22931E+01    0.32005E+02    0.21242E+02    0.12380E+02
  60    0.006944      0.333333   -0.288675    0.000000    324.692912  633.596917  677.784474 1122.398127 1450.861726 1466.639733          0.23455E-02    0.69929E+00    0.21801E+00    0.46038E+02    0.35038E+02    0.17207E+02
  61    0.006944      0.333333   -0.192450    0.000000    262.422981  555.734450  732.066031 1035.893108 1459.037228 1487.247403          0.13251E-02    0.57323E+00    0.16183E+00    0.30057E+02    0.34113E+02    0.41282E+02
  62    0.006944      0.333333   -0.096225    0.000000    208.647046  554.769986  768.448046  942.456743 1467.317155 1493.688688          0.51812E-03    0.88039E+00    0.14775E+00    0.10539E+02    0.47377E+02    0.36934E+02
  63    0.006944      0.333333    0.000000    0.000000    185.602360  575.745550  781.221781  894.121596 1473.794504 1491.629474          0.36208E-03    0.15466E+00    0.14243E+00    0.54423E+01    0.59815E+02    0.26237E+02
  64    0.006944      0.333333    0.096225    0.000000    208.647046  554.769986  768.448046  942.456743 1467.317155 1493.688688          0.54758E-03    0.87715E+00    0.14776E+00    0.10537E+02    0.47370E+02    0.36936E+02
  65    0.006944      0.416667    0.240563    0.000000    342.299433  627.335056  655.056183 1212.657793 1435.379389 1443.325046          0.22894E-02    0.54784E+00    0.22029E+00    0.20763E+02    0.32395E+02    0.18713E+02
  66    0.006944      0.416667    0.336788    0.000000    383.718439  614.498353  687.786243 1271.518635 1386.446324 1449.088052          0.28855E-02    0.23642E+00    0.57446E+00    0.19541E+02    0.28532E+02    0.17906E+02
  67    0.003472     -0.583333   -0.144338    0.000000    403.527374  586.057974  803.793359 1295.105345 1317.390594 1464.013136          0.20324E-02    0.85697E-01    0.10127E+01    0.14512E+02    0.27918E+02    0.10890E+02
  68    0.003472      0.416667    0.433013    0.000000    403.527374  586.057974  803.793359 1295.105345 1317.390594 1464.013136          0.20324E-02    0.85697E-01    0.10127E+01    0.14512E+02    0.27918E+02    0.10890E+02
  69    0.006944     -0.583333   -0.048113    0.000000    404.439534  576.209367  914.737233 1228.129210 1315.715471 1475.884881          0.35448E-03    0.10086E+00    0.12194E+01    0.23242E+02    0.35752E+02    0.12068E+02
  70    0.006944     -0.583333    0.048113    0.000000    404.439534  576.209367  914.737233 1228.129210 1315.715471 1475.884881          0.35944E-03    0.10084E+00    0.12217E+01    0.23248E+02    0.35753E+02    0.12068E+02
  71    0.003472     -0.583333    0.144338    0.000000    403.527374  586.057974  803.793359 1295.105345 1317.390594 1464.013136          0.20437E-02    0.85661E-01    0.10175E+01    0.14525E+02    0.27919E+02    0.10891E+02
  72    0.003472      0.416667   -0.433013    0.000000    403.527374  586.057974  803.793359 1295.105345 1317.390594 1464.013136          0.20437E-02    0.85661E-01    0.10175E+01    0.14525E+02    0.27919E+02    0.10891E+02
  73    0.006944      0.416667   -0.336788    0.000000    383.718439  614.498353  687.786243 1271.518635 1386.446324 1449.088052          0.28924E-02    0.23640E+00    0.58137E+00    0.19545E+02    0.28537E+02    0.17910E+02
  74    0.006944      0.416667   -0.240563    0.000000    342.299433  627.335056  655.056183 1212.657793 1435.379389 1443.325046          0.22824E-02    0.55352E+00    0.22026E+00    0.20764E+02    0.32404E+02    0.18730E+02
  75    0.006944      0.416667   -0.144338    0.000000    294.166996  645.360496  691.580118 1129.606094 1445.454563 1461.306084          0.94715E-03    0.93027E+00    0.17566E+00    0.39048E+02    0.16762E+02    0.34661E+02
  76    0.006944      0.416667   -0.048113    0.000000    260.483737  700.210133  712.513313 1053.779950 1452.836383 1467.521587          0.27761E-03    0.14064E+01    0.16160E+00    0.16324E+02    0.16360E+02    0.33841E+02
  77    0.006944      0.416667    0.048113    0.000000    260.483737  700.210133  712.513313 1053.779950 1452.836383 1467.521587          0.28774E-03    0.14034E+01    0.16163E+00    0.16320E+02    0.16350E+02    0.33839E+02
  78    0.006944      0.416667    0.144338    0.000000    294.166996  645.360496  691.580118 1129.606094 1445.454563 1461.306084          0.96440E-03    0.92648E+00    0.17570E+00    0.39044E+02    0.16746E+02    0.34654E+02
  79    0.003472     -0.500000   -0.288675    0.000000    383.718439  614.498353  652.570687 1341.617158 1349.411827 1437.080988          0.27132E-02    0.20775E+00    0.54777E+00    0.17264E+02    0.17909E+02    0.21798E+02
  80    0.003472      0.500000    0.288675    0.000000    383.718439  614.498353  652.570687 1341.617158 1349.411827 1437.080988          0.27132E-02    0.20775E+00    0.54777E+00    0.17264E+02    0.17909E+02    0.21798E+02
  81    0.006944     -0.500000   -0.192450    0.000000    369.519641  623.139874  692.052353 1278.186247 1380.381159 1446.979771          0.20105E-02    0.18427E+00    0.67006E+00    0.21061E+02    0.23124E+02    0.24331E+02
  82    0.006944     -0.500000   -0.096225    0.000000    342.787769  638.235546  780.564364 1194.016645 1391.428484 1463.171024          0.57170E-03    0.19044E+00    0.17174E+01    0.23022E+02    0.15660E+02    0.16932E+02
  83    0.006944     -0.500000    0.000000    0.000000    329.948005  644.966961  835.399036 1144.988481 1393.906662 1469.705138          0.60373E-04    0.20145E+00    0.56744E+00    0.23701E+02    0.10213E+02    0.17600E+02
  84    0.006944     -0.500000    0.096225    0.000000    342.787769  638.235546  780.564364 1194.016645 1391.428484 1463.171024          0.56967E-03    0.19042E+00    0.17214E+01    0.23031E+02    0.15665E+02    0.16935E+02
  85    0.006944     -0.500000    0.192450    0.000000    369.519641  623.139874  692.052353 1278.186247 1380.381159 1446.979771          0.20072E-02    0.18423E+00    0.67456E+00    0.21066E+02    0.23129E+02    0.24336E+02
  86    0.003472     -0.500000    0.288675    0.000000    383.718439  614.498353  652.570687 1341.617158 1349.411827 1437.080988          0.27099E-02    0.20770E+00    0.55290E+00    0.17278E+02    0.17901E+02    0.21803E+02
  87    0.003472      0.500000   -0.288675    0.000000    383.718439  614.498353  652.570687 1341.617158 1349.411827 1437.080988          0.27099E-02    0.20770E+00    0.55290E+00    0.17278E+02    0.17901E+02    0.21803E+02
  88    0.006944      0.500000   -0.192450    0.000000    369.519641  623.139874  692.052353 1278.186247 1380.381159 1446.979771          0.20069E-02    0.18423E+00    0.67454E+00    0.21066E+02    0.23129E+02    0.24336E+02
  89    0.006944      0.500000   -0.096225    0.000000    342.787769  638.235546  780.564364 1194.016645 1391.428484 1463.171024          0.56951E-03    0.19042E+00    0.17214E+01    0.23031E+02    0.15665E+02    0.16935E+02
  90    0.006944      0.500000    0.000000    0.000000    329.948005  644.966961  835.399036 1144.988481 1393.906662 1469.705138          0.60388E-04    0.20145E+00    0.56740E+00    0.23701E+02    0.10213E+02    0.17600E+02
  91    0.006944      0.500000    0.096225    0.000000    342.787769  638.235546  780.564364 1194.016645 1391.428484 1463.171024          0.57163E-03    0.19044E+00    0.17174E+01    0.23022E+02    0.15660E+02    0.16932E+02
  92    0.006944      0.500000    0.192450    0.000000    369.519641  623.139874  692.052353 1278.186247 1380.381159 1446.979771          0.20100E-02    0.18427E+00    0.67013E+00    0.21061E+02    0.23124E+02    0.24331E+02
  93    0.006944     -0.416667   -0.240563    0.000000    342.299433  627.335056  655.056183 1212.657793 1435.379389 1443.325046          0.22901E-02    0.54786E+00    0.22029E+00    0.20763E+02    0.32395E+02    0.18713E+02
  94    0.006944     -0.416667   -0.144338    0.000000    294.166996  645.360496  691.580118 1129.606094 1445.454563 1461.306084          0.96444E-03    0.92645E+00    0.17570E+00    0.39044E+02    0.16746E+02    0.34654E+02
  95    0.006944     -0.416667   -0.048113    0.000000    260.483737  700.210133  712.513313 1053.779950 1452.836383 1467.521587          0.28756E-03    0.14034E+01    0.16163E+00    0.16320E+02    0.16350E+02    0.33839E+02
  96    0.006944     -0.416667    0.048113    0.000000    260.483737  700.210133  712.513313 1053.779950 1452.836383 1467.521587          0.27754E-03    0.14065E+01    0.16160E+00    0.16325E+02    0.16360E+02    0.33841E+02
  97    0.006944     -0.416667    0.144338    0.000000    294.166996  645.360496  691.580118 1129.606094 1445.454563 1461.306084          0.94713E-03    0.93036E+00    0.17566E+00    0.39048E+02    0.16762E+02    0.34661E+02
  98    0.006944     -0.416667    0.240563    0.000000    342.299433  627.335056  655.056183 1212.657793 1435.379389 1443.325046          0.22824E-02    0.55367E+00    0.22026E+00    0.20764E+02    0.32404E+02    0.18730E+02
  99    0.006944     -0.416667    0.336788    0.000000    383.718439  614.498353  687.786243 1271.518635 1386.446324 1449.088052          0.28924E-02    0.23640E+00    0.58147E+00    0.19545E+02    0.28537E+02    0.17910E+02
 100    0.003472     -0.416667    0.433013    0.000000    403.527374  586.057974  803.793359 1295.105345 1317.390594 1464.013136          0.20431E-02    0.85661E-01    0.10175E+01    0.14526E+02    0.27919E+02    0.10891E+02
 101    0.003472      0.583333   -0.144338    0.000000    403.527374  586.057974  803.793359 1295.105345 1317.390594 1464.013136          0.20431E-02    0.85661E-01    0.10175E+01    0.14526E+02    0.27919E+02    0.10891E+02
 102    0.006944      0.583333   -0.048113    0.000000    404.439534  576.209367  914.737233 1228.129210 1315.715471 1475.884881          0.35911E-03    0.10084E+00    0.12217E+01    0.23248E+02    0.35753E+02    0.12068E+02
 103    0.006944      0.583333    0.048113    0.000000    404.439534  576.209367  914.737233 1228.129210 1315.715471 1475.884881          0.35427E-03    0.10086E+00    0.12193E+01    0.23242E+02    0.35752E+02    0.12068E+02
 104    0.003472     -0.416667   -0.433013    0.000000    403.527374  586.057974  803.793359 1295.105345 1317.390594 1464.013136          0.20322E-02    0.85697E-01    0.10127E+01    0.14512E+02    0.27918E+02    0.10890E+02
 105    0.003472      0.583333    0.144338    0.000000    403.527374  586.057974  803.793359 1295.105345 1317.390594 1464.013136          0.20322E-02    0.85697E-01    0.10127E+01    0.14512E+02    0.27918E+02    0.10890E+02
 106    0.006944     -0.416667   -0.336788    0.000000    383.718439  614.498353  687.786243 1271.518635 1386.446324 1449.088052          0.28864E-02    0.23642E+00    0.57456E+00    0.19541E+02    0.28532E+02    0.17906E+02
 107    0.006944     -0.333333   -0.192450    0.000000    262.422981  555.734450  732.066031 1035.893108 1459.037228 1487.247403          0.13404E-02    0.56734E+00    0.16185E+00    0.30057E+02    0.34102E+02    0.41282E+02
 108    0.006944     -0.333333   -0.096225    0.000000    208.647046  554.769986  768.448046  942.456743 1467.317155 1493.688688          0.54742E-03    0.87715E+00    0.14776E+00    0.10537E+02    0.47370E+02    0.36936E+02
 109    0.006944     -0.333333    0.000000    0.000000    185.602360  575.745550  781.221781  894.121596 1473.794504 1491.629474          0.36184E-03    0.15470E+00    0.14244E+00    0.54424E+01    0.59815E+02    0.26237E+02
 110    0.006944     -0.333333    0.096225    0.000000    208.647046  554.769986  768.448046  942.456743 1467.317155 1493.688688          0.51804E-03    0.88046E+00    0.14775E+00    0.10539E+02    0.47377E+02    0.36934E+02
 111    0.006944     -0.333333    0.192450    0.000000    262.422981  555.734450  732.066031 1035.893108 1459.037228 1487.247403          0.13250E-02    0.57340E+00    0.16183E+00    0.30057E+02    0.34113E+02    0.41282E+02
 112    0.006944     -0.333333    0.288675    0.000000    324.692912  633.596917  677.784474 1122.398127 1450.861726 1466.639733          0.23455E-02    0.69943E+00    0.21802E+00    0.46038E+02    0.35038E+02    0.17207E+02
 113    0.006944     -0.333333    0.384900    0.000000    383.718439  614.498353  767.380426 1184.188046 1401.041877 1468.947499          0.28444E-02    0.28508E+00    0.22931E+01    0.32005E+02    0.21242E+02    0.12379E+02
 114    0.006944     -0.333333    0.481125    0.000000    436.102646  552.632838  906.417657 1221.710028 1324.339800 1478.629324          0.28577E-02    0.27445E-01    0.45814E+01    0.19952E+02    0.16917E+02    0.11854E+02
 115    0.002315     -0.333333   -0.577350    0.000000    472.495872  511.494383  976.446104 1255.416407 1255.866855 1483.180677          0.97800E-03    0.10237E-01    0.81563E+00    0.82676E+01    0.34588E+01    0.20781E+02
 116    0.002315     -0.333333    0.577350    0.000000    472.495872  511.494383  976.446104 1255.416407 1255.866855 1483.180677          0.97800E-03    0.10237E-01    0.81563E+00    0.82676E+01    0.34588E+01    0.20781E+02
 117    0.002315      0.666667    0.000000    0.000000    472.495872  511.494383  976.446104 1255.416407 1255.866855 1483.180677          0.97800E-03    0.10237E-01    0.81563E+00    0.82676E+01    0.34588E+01    0.20781E+02
 118    0.006944     -0.333333   -0.481125    0.000000    436.102646  552.632838  906.417657 1221.710028 1324.339800 1478.629324          0.28345E-02    0.27462E-01    0.45788E+01    0.19944E+02    0.16916E+02    0.11855E+02
 119    0.006944     -0.333333   -0.384900    0.000000    383.718439  614.498353  767.380426 1184.188046 1401.041877 1468.947499          0.28189E-02    0.28509E+00    0.22866E+01    0.32000E+02    0.21237E+02    0.12379E+02
 120    0.006944     -0.333333   -0.288675    0.000000    324.692912  633.596917  677.784474 1122.398127 1450.861726 1466.639733          0.23356E-02    0.69058E+00    0.21798E+00    0.46036E+02    0.35024E+02    0.17204E+02
 121    0.006944     -0.250000   -0.144338    0.000000    181.224494  447.233737  807.392472  818.137272 1477.901396 1509.887831          0.75643E-03    0.30826E+00    0.12799E+00    0.61285E+01    0.53564E+02    0.45475E+02
 122    0.006944     -0.250000   -0.048113    0.000000    131.627383  431.563904  724.273193  834.660798 1483.863442 1509.357756          0.40070E-03    0.24222E+00    0.29404E+01    0.11946E+00    0.74794E+02    0.39157E+02
 123    0.006944     -0.250000    0.048113    0.000000    131.627383  431.563904  724.273193  834.660798 1483.863442 1509.357756          0.37266E-03    0.24379E+00    0.29405E+01    0.11946E+00    0.74795E+02    0.39154E+02
 124    0.006944     -0.250000    0.144338    0.000000    181.224494  447.233737  807.392472  818.137272 1477.901396 1509.887831          0.73815E-03    0.31276E+00    0.12797E+00    0.61271E+01    0.53569E+02    0.45464E+02
 125    0.006944     -0.250000    0.240563    0.000000    248.455234  537.900382  756.515688  934.724757 1473.530987 1498.592412          0.15222E-02    0.10026E+01    0.14491E+00    0.11536E+02    0.34210E+02    0.37917E+02
 126    0.006944     -0.250000    0.336788    0.000000    317.451676  678.487901  689.022084 1042.226916 1463.071797 1475.783764          0.20303E-02    0.68606E+01    0.19355E+00    0.21238E+02    0.32436E+02    0.19722E+02
 127    0.006944     -0.250000    0.433013    0.000000    383.718439  614.498353  816.624318 1135.732732 1404.988277 1476.869314          0.20009E-02    0.27619E+00    0.17184E+02    0.36160E+02    0.21894E+02    0.13222E+02
 128    0.006944     -0.250000    0.529238    0.000000    443.317937  546.861755  903.128445 1225.315055 1322.756358 1479.076262          0.10784E-02    0.45162E-01    0.73754E+01    0.18253E+02    0.12914E+02    0.14950E+02
 129    0.006944     -0.250000   -0.529238    0.000000    443.317937  546.861755  903.128445 1225.315055 1322.756358 1479.076262          0.10558E-02    0.45154E-01    0.73736E+01    0.18242E+02    0.12917E+02    0.14951E+02
 130    0.006944     -0.250000   -0.433013    0.000000    383.718439  614.498353  816.624318 1135.732732 1404.988277 1476.869314          0.19648E-02    0.27618E+00    0.17180E+02    0.36149E+02    0.21893E+02    0.13223E+02
 131    0.006944     -0.250000   -0.336788    0.000000    317.451676  678.487901  689.022084 1042.226916 1463.071797 1475.783764          0.19938E-02    0.68538E+01    0.19324E+00    0.21235E+02    0.32428E+02    0.19722E+02
 132    0.006944     -0.250000   -0.240563    0.000000    248.455234  537.900382  756.515688  934.724757 1473.530987 1498.592412          0.15049E-02    0.99495E+00    0.14491E+00    0.11536E+02    0.34202E+02    0.37917E+02
 133    0.006944     -0.166667   -0.096225    0.000000    110.006833  312.234654  566.105760  867.503225 1494.423038 1514.187774          0.37505E-03    0.11240E+00    0.13148E+01    0.10668E+00    0.60443E+02    0.51024E+02
 134    0.006944     -0.166667    0.000000    0.000000     72.872135  289.589558  491.252606  881.987969 1497.040219 1512.407180          0.25211E-03    0.44227E-01    0.59203E+00    0.96483E-01    0.70786E+02    0.43952E+02
 135    0.006944     -0.166667    0.096225    0.000000    110.006833  312.234654  566.105760  867.503225 1494.423038 1514.187774          0.36118E-03    0.11461E+00    0.13134E+01    0.10668E+00    0.60444E+02    0.51028E+02
 136    0.006944     -0.166667    0.192450    0.000000    178.319617  412.518217  715.861109  825.945840 1489.203811 1513.431272          0.92343E-03    0.83491E+00    0.38464E+01    0.12744E+00    0.47288E+02    0.54785E+02
 137    0.006944     -0.166667    0.288675    0.000000    250.393047  551.944427  762.927932  879.868651 1482.130553 1500.813987          0.14408E-02    0.71669E+01    0.13666E+00    0.10305E+02    0.33008E+02    0.52950E+02
 138    0.006944     -0.166667    0.384900    0.000000    320.362334  679.864028  687.673595 1039.172901 1462.144309 1478.221289          0.15607E-02    0.15748E+02    0.15452E+00    0.22906E+02    0.37186E+02    0.37505E+02
 139    0.006944     -0.166667    0.481125    0.000000    383.718439  614.498353  767.380425 1184.188046 1401.041877 1468.947500          0.10480E-02    0.17715E+00    0.70063E+01    0.22291E+02    0.30569E+02    0.12932E+02
 140    0.003472     -0.166667   -0.577350    0.000000    417.096662  576.479544  798.421569 1299.648421 1314.531961 1465.495398          0.32429E-03    0.72419E-01    0.15702E+01    0.58440E+01    0.28240E+02    0.11348E+02
 141    0.003472     -0.166667    0.577350    0.000000    417.096662  576.479544  798.421569 1299.648421 1314.531961 1465.495398          0.32429E-03    0.72419E-01    0.15702E+01    0.58440E+01    0.28240E+02    0.11348E+02
 142    0.006944     -0.166667   -0.481125    0.000000    383.718439  614.498353  767.380425 1184.188046 1401.041877 1468.947500          0.10205E-02    0.17714E+00    0.70031E+01    0.22278E+02    0.30572E+02    0.12932E+02
 143    0.006944     -0.166667   -0.384900    0.000000    320.362334  679.864028  687.673595 1039.172901 1462.144309 1478.221289          0.15167E-02    0.15742E+02    0.15414E+00    0.22893E+02    0.37187E+02    0.37503E+02
 144    0.006944     -0.166667   -0.288675    0.000000    250.393047  551.944427  762.927932  879.868651 1482.130553 1500.813987          0.13945E-02    0.71612E+01    0.13666E+00    0.10297E+02    0.33008E+02    0.52946E+02
 145    0.006944     -0.166667   -0.192450    0.000000    178.319617  412.518217  715.861109  825.945840 1489.203811 1513.431272          0.89691E-03    0.83009E+00    0.38480E+01    0.12745E+00    0.47282E+02    0.54783E+02
 146    0.006944     -0.083333   -0.048113    0.000000     50.910691  160.261553  289.472619  905.864471 1505.324178 1511.149365          0.11105E-03    0.16607E-01    0.10143E+00    0.88332E-01    0.67010E+02    0.55630E+02
 147    0.006944     -0.083333    0.048113    0.000000     50.910691  160.261553  289.472619  905.864471 1505.324178 1511.149365          0.10619E-03    0.17163E-01    0.10078E+00    0.88331E-01    0.67009E+02    0.55632E+02
 148    0.006944     -0.083333    0.144338    0.000000    120.571907  272.824391  481.681954  876.741433 1500.106254 1515.561514          0.44702E-03    0.47421E+00    0.10168E+01    0.11302E+00    0.51726E+02    0.68040E+02
 149    0.006944     -0.083333    0.240563    0.000000    194.047512  412.394204  707.637867  822.392838 1489.036460 1517.491582          0.96023E-03    0.31852E+01    0.48174E+01    0.13778E+00    0.44483E+02    0.69684E+02
 150    0.006944     -0.083333    0.336788    0.000000    265.765175  538.456870  750.609660  924.644320 1472.790651 1505.358680          0.13143E-02    0.52996E+01    0.12915E+00    0.13312E+02    0.34692E+02    0.74589E+02
 151    0.006944     -0.083333    0.433013    0.000000    332.926984  634.772807  673.778082 1115.866675 1450.912804 1471.057968          0.11958E-02    0.27378E+01    0.98671E-01    0.32421E+02    0.40993E+02    0.53619E+02
 152    0.006944     -0.083333    0.529238    0.000000    383.718439  614.498353  687.786241 1271.518634 1386.446324 1449.088054          0.64394E-03    0.68013E-01    0.83126E+00    0.17367E+02    0.31312E+02    0.12184E+02
 153    0.006944     -0.083333   -0.529238    0.000000    383.718439  614.498353  687.786241 1271.518634 1386.446324 1449.088054          0.63471E-03    0.67995E-01    0.83047E+00    0.17361E+02    0.31315E+02    0.12184E+02
 154    0.006944     -0.083333   -0.433013    0.000000    332.926984  634.772807  673.778082 1115.866675 1450.912804 1471.057968          0.11708E-02    0.27353E+01    0.98553E-01    0.32412E+02    0.40995E+02    0.53618E+02
 155    0.006944     -0.083333   -0.336788    0.000000    265.765175  538.456870  750.609660  924.644320 1472.790651 1505.358680          0.12782E-02    0.52957E+01    0.12914E+00    0.13301E+02    0.34694E+02    0.74586E+02
 156    0.006944     -0.083333   -0.240563    0.000000    194.047512  412.394204  707.637867  822.392838 1489.036460 1517.491582          0.92334E-03    0.31812E+01    0.48108E+01    0.13778E+00    0.44475E+02    0.69677E+02
 157    0.006944     -0.083333   -0.144338    0.000000    120.571907  272.824391  481.681954  876.741433 1500.106254 1515.561514          0.42357E-03    0.47179E+00    0.10141E+01    0.11302E+00    0.51716E+02    0.68038E+02
