 # calculation of linewidth (gamma_n)
#      1     T=  10.0    sigma=  50.0
   1    0.000000      0.500000    0.000000    0.000000    329.948005  644.966961  835.399036 1144.988481 1393.906662 1469.705138          0.60388E-04    0.20145E+00    0.56740E+00    0.23701E+02    0.10213E+02    0.17600E+02
   2    0.025000      0.475000    0.000000    0.000000    307.480688  666.206921  800.022816 1117.949412 1414.375520 1468.235083          0.98917E-04    0.19783E+00    0.50223E+00    0.18229E+02    0.11132E+02    0.19344E+02
   3    0.050000      0.450000    0.000000    0.000000    285.107783  687.374959  762.993666 1087.286307 1432.904848 1467.474794          0.14693E-03    0.18241E+00    0.45019E+00    0.14835E+02    0.12957E+02    0.23854E+02
   4    0.075000      0.425000    0.000000    0.000000    262.957458  708.333763  724.612025 1052.857657 1449.348464 1467.491310          0.20057E-03    0.16422E+00    0.45715E+00    0.12212E+02    0.15345E+02    0.31748E+02
   5    0.100000      0.400000    0.000000    0.000000    241.154405  685.116535  728.947300 1014.602056 1463.652716 1468.290216          0.25303E-03    0.53441E+00    0.15360E+00    0.99285E+01    0.18119E+02    0.40263E+02
   6    0.125000      0.375000    0.000000    0.000000    219.818542  644.703186  749.081786  972.528157 1469.826862 1475.833843          0.30120E-03    0.34984E+00    0.14917E+00    0.79714E+01    0.47867E+02    0.21103E+02
   7    0.150000      0.350000    0.000000    0.000000    199.063587  603.537091  768.606614  926.702417 1472.019690 1485.962524          0.34049E-03    0.17251E+00    0.14553E+00    0.63540E+01    0.55036E+02    0.24190E+02
   8    0.175000      0.325000    0.000000    0.000000    178.995470  561.759787  787.395235  877.237473 1474.762819 1494.152658          0.37153E-03    0.15186E+00    0.14060E+00    0.50381E+01    0.62278E+02    0.27277E+02
   9    0.200000      0.300000    0.000000    0.000000    159.710551  519.493769  805.325995  824.282528 1477.936464 1500.552584          0.38650E-03    0.13887E+00    0.13403E+00    0.40638E+01    0.70273E+02    0.30278E+02
  10    0.225000      0.275000    0.000000    0.000000    141.293575  476.845311  768.016053  822.282923 1481.414877 1505.337658          0.38854E-03    0.12147E+00    0.32201E+01    0.12644E+00    0.78044E+02    0.33190E+02
  11    0.250000      0.250000    0.000000    0.000000    123.815309  433.906203  708.640501  838.156472 1485.072103 1508.703540          0.37565E-03    0.10311E+00    0.24213E+01    0.11858E+00    0.79743E+02    0.35936E+02
  12    0.275000      0.225000    0.000000    0.000000    107.329810  390.754851  646.378526  852.844209 1488.786024 1510.859759          0.35364E-03    0.84041E-01    0.17248E+01    0.11104E+00    0.75367E+02    0.38572E+02
  13    0.300000      0.200000    0.000000    0.000000     91.871267  347.456986  581.470210  866.251458 1492.441191 1512.023363          0.31550E-03    0.65866E-01    0.11508E+01    0.10418E+00    0.71728E+02    0.40996E+02
  14    0.325000      0.175000    0.000000    0.000000     77.450453  304.066212  514.170920  878.291885 1495.930820 1512.412506          0.26913E-03    0.49305E-01    0.70924E+00    0.98244E-01    0.70742E+02    0.43247E+02
  15    0.350000      0.150000    0.000000    0.000000     64.050896  260.624536  444.749500  888.888028 1499.158226 1512.240008          0.21550E-03    0.34851E-01    0.39766E+00    0.93296E-01    0.71135E+02    0.45263E+02
  16    0.375000      0.125000    0.000000    0.000000     51.625049  217.162993  373.486628  897.971773 1502.037892 1511.706921          0.16250E-03    0.22281E-01    0.19772E+00    0.89339E-01    0.72010E+02    0.46999E+02
  17    0.400000      0.100000    0.000000    0.000000     40.091028  173.702457  300.673222  905.484773 1504.496270 1510.996270          0.10840E-03    0.12412E-01    0.83348E-01    0.86288E-01    0.73088E+02    0.48475E+02
  18    0.425000      0.075000    0.000000    0.000000     29.330686  130.254716  226.608836  911.378796 1506.472411 1510.267158          0.61890E-04    0.55739E-02    0.27151E-01    0.84055E-01    0.74093E+02    0.49642E+02
  19    0.450000      0.050000    0.000000    0.000000     19.190085   86.823811  151.600016  915.616023 1507.918437 1509.649462          0.25833E-04    0.17532E-02    0.57624E-02    0.82534E-01    0.74749E+02    0.50489E+02
  20    0.475000      0.025000    0.000000    0.000000      9.483287   43.407672   75.958603  918.169277 1508.799900 1509.239378          0.48297E-05    0.26073E-03    0.55817E-03    0.81661E-01    0.75205E+02    0.51019E+02
  21    0.500000      0.000000    0.000000    0.000000     -0.000018    0.000040    0.000083  919.022185 1509.096033 1509.096033          0.00000E+00    0.00000E+00    0.00000E+00    0.81374E-01    0.63317E+02    0.63317E+02
  22    0.529463      0.020833    0.020833    0.000000     18.282115   48.355429   88.616386  917.724007 1508.775480 1509.347954          0.14974E-04    0.76656E-03    0.19563E-02    0.82284E-01    0.62269E+02    0.63979E+02
  23    0.558926      0.041667    0.041667    0.000000     36.743403   96.629652  176.792358  913.839980 1507.820394 1510.068572          0.50189E-04    0.49323E-02    0.19999E-01    0.84999E-01    0.61836E+02    0.63751E+02
  24    0.588388      0.062500    0.062500    0.000000     55.553839  144.737728  264.091772  907.401626 1506.250431 1511.154083          0.10743E-03    0.16289E-01    0.86626E-01    0.89395E-01    0.60916E+02    0.63147E+02
  25    0.617851      0.083333    0.083333    0.000000     74.865670  192.587394  350.087004  898.461530 1504.098134 1512.436783          0.19202E-03    0.39410E-01    0.24811E+00    0.95231E-01    0.59666E+02    0.62282E+02
  26    0.647314      0.104167    0.104167    0.000000     94.806095  240.075770  434.363174  887.093451 1501.408586 1513.692615          0.29505E-03    0.80286E-01    0.55461E+00    0.10209E+00    0.58015E+02    0.61093E+02
  27    0.676777      0.125000    0.125000    0.000000    115.471429  287.086433  516.522318  873.392570 1498.238826 1514.651018          0.43098E-03    0.14113E+00    0.10593E+01    0.10935E+00    0.56034E+02    0.59458E+02
  28    0.706239      0.145833    0.145833    0.000000    136.922773  333.486884  596.187516  857.475982 1494.656916 1515.006573          0.57527E-03    0.22996E+00    0.18225E+01    0.11624E+00    0.53566E+02    0.57294E+02
  29    0.735702      0.166667    0.166666    0.000000    159.182878  379.126414  673.006986  839.483635 1490.740329 1514.432059          0.74497E-03    0.35343E+00    0.29458E+01    0.12209E+00    0.50672E+02    0.54557E+02
  30    0.765165      0.187500    0.187500    0.000000    182.233669  423.834299  746.658136  819.580014 1486.572906 1512.593047          0.92403E-03    0.50805E+00    0.43780E+01    0.12690E+00    0.46964E+02    0.51217E+02
  31    0.794628      0.208333    0.208333    0.000000    206.013588  467.418279  797.957086  816.851647 1482.238431 1509.165426          0.11301E-02    0.68624E+00    0.13239E+00    0.63551E+01    0.42316E+02    0.47194E+02
  32    0.824090      0.229167    0.229166    0.000000    230.413527  509.663280  774.839427  883.335613 1477.804854 1503.861333          0.13456E-02    0.91921E+00    0.13927E+00    0.87898E+01    0.37421E+02    0.42318E+02
  33    0.853553      0.250000    0.250000    0.000000    255.269485  550.330383  750.493132  945.899820 1473.277398 1496.484867          0.15775E-02    0.12709E+01    0.14615E+00    0.12258E+02    0.32992E+02    0.36659E+02
  34    0.883016      0.270833    0.270833    0.000000    280.348748  589.156135  725.241461 1004.380235 1468.420719 1487.117060          0.18246E-02    0.13501E+01    0.15781E+00    0.17643E+02    0.29784E+02    0.29965E+02
  35    0.912479      0.291667    0.291666    0.000000    305.323909  625.852347  699.492786 1058.663720 1461.967093 1476.912870          0.20810E-02    0.13263E+01    0.18215E+00    0.28033E+02    0.28830E+02    0.21733E+02
  36    0.941941      0.312500    0.312500    0.000000    329.724162  660.106634  673.791294 1108.692788 1450.423278 1469.297513          0.23588E-02    0.12875E+01    0.23463E+00    0.48162E+02    0.27309E+02    0.15596E+02
  37    0.971404      0.333333    0.333333    0.000000    352.845151  648.909135  691.583917 1154.469620 1432.877548 1465.161243          0.26506E-02    0.30476E+00    0.11568E+01    0.37076E+02    0.25865E+02    0.13086E+02
  38    1.002461      0.347222    0.305555    0.000000    342.281869  656.251815  659.551074 1156.333692 1440.354741 1461.668902          0.25674E-02    0.70711E+00    0.26245E+00    0.31842E+02    0.34350E+02    0.13327E+02
  39    1.033517      0.361111    0.277778    0.000000    332.515042  628.941617  668.461726 1157.608203 1445.427025 1458.922998          0.24137E-02    0.56692E+00    0.22862E+00    0.29091E+02    0.36431E+02    0.15462E+02
  40    1.064574      0.375000    0.250000    0.000000    323.665522  612.178727  675.487222 1157.801096 1447.830897 1457.448918          0.21911E-02    0.53883E+00    0.20790E+00    0.27933E+02    0.29363E+02    0.22168E+02
  41    1.095630      0.388889    0.222222    0.000000    315.923462  607.601714  680.504945 1156.621169 1447.918078 1457.119920          0.19106E-02    0.55321E+00    0.19517E+00    0.27813E+02    0.20845E+02    0.29839E+02
  42    1.126687      0.402778    0.194444    0.000000    309.553003  615.603512  683.422620 1153.972041 1446.588898 1457.190347          0.15904E-02    0.60648E+00    0.18686E+00    0.28525E+02    0.16518E+02    0.33860E+02
  43    1.157743      0.416667    0.166666    0.000000    304.883157  635.217138  684.179464 1149.967809 1443.878387 1457.691096          0.12499E-02    0.74050E+00    0.18146E+00    0.30163E+02    0.15560E+02    0.34725E+02
  44    1.188800      0.430556    0.138889    0.000000    302.282815  664.322192  682.748778 1144.965535 1439.375899 1459.011426          0.92536E-03    0.10258E+01    0.17897E+00    0.33165E+02    0.15430E+02    0.31165E+02
  45    1.219856      0.444444    0.111111    0.000000    302.119248  679.141964  700.013707 1139.625963 1433.033988 1461.108163          0.64214E-03    0.18063E+00    0.14616E+01    0.37778E+02    0.14625E+02    0.24526E+02
  46    1.250913      0.458333    0.083333    0.000000    304.703069  673.414554  738.894995 1135.023405 1425.074518 1463.625034          0.41119E-03    0.18678E+00    0.18941E+01    0.40991E+02    0.13431E+02    0.20644E+02
  47    1.281969      0.472222    0.055555    0.000000    310.227259  665.675517  777.177911 1132.803285 1415.760663 1466.143699          0.23516E-03    0.19458E+00    0.18727E+01    0.36264E+02    0.12199E+02    0.18975E+02
  48    1.313025      0.486111    0.027778    0.000000    318.710086  656.102400  810.713835 1135.266287 1405.318666 1468.276825          0.11658E-03    0.20048E+00    0.11176E+01    0.26602E+02    0.10953E+02    0.18160E+02
  49    1.344082      0.500000    0.000000    0.000000    329.948005  644.966961  835.399036 1144.988481 1393.906662 1469.705138          0.60388E-04    0.20145E+00    0.56740E+00    0.23701E+02    0.10213E+02    0.17600E+02
