--------------------------------------------------------------------------
[[25122,1],0]: A high-performance Open MPI point-to-point messaging module
was unable to find any relevant network interfaces:

Module: OpenFabrics (openib)
  Host: H388X

Another transport will be used instead, although this may result in
lower performance.

NOTE: You can disable this warning by setting the MCA parameter
btl_base_warn_component_unused to 0.
--------------------------------------------------------------------------
At line 792 of file PROGRAM_q2r.f90
Fortran runtime warning: An array temporary was created
At line 792 of file PROGRAM_q2r.f90
Fortran runtime warning: An array temporary was created
At line 792 of file PROGRAM_q2r.f90
Fortran runtime warning: An array temporary was created
At line 792 of file PROGRAM_q2r.f90
Fortran runtime warning: An array temporary was created
At line 792 of file PROGRAM_q2r.f90
Fortran runtime warning: An array temporary was created
At line 792 of file PROGRAM_q2r.f90
Fortran runtime warning: An array temporary was created
At line 792 of file PROGRAM_q2r.f90
Fortran runtime warning: An array temporary was created
At line 792 of file PROGRAM_q2r.f90
Fortran runtime warning: An array temporary was created
At line 792 of file PROGRAM_q2r.f90
Fortran runtime warning: An array temporary was created
At line 792 of file PROGRAM_q2r.f90
Fortran runtime warning: An array temporary was created
At line 792 of file PROGRAM_q2r.f90
Fortran runtime warning: An array temporary was created
At line 792 of file PROGRAM_q2r.f90
Fortran runtime warning: An array temporary was created
At line 792 of file PROGRAM_q2r.f90
Fortran runtime warning: An array temporary was created
At line 792 of file PROGRAM_q2r.f90
Fortran runtime warning: An array temporary was created
At line 792 of file PROGRAM_q2r.f90
Fortran runtime warning: An array temporary was created
At line 792 of file PROGRAM_q2r.f90
Fortran runtime warning: An array temporary was created
At line 792 of file PROGRAM_q2r.f90
Fortran runtime warning: An array temporary was created
At line 792 of file PROGRAM_q2r.f90
Fortran runtime warning: An array temporary was created
At line 792 of file PROGRAM_q2r.f90
Fortran runtime warning: An array temporary was created
At line 792 of file PROGRAM_q2r.f90
Fortran runtime warning: An array temporary was created
At line 792 of file PROGRAM_q2r.f90
Fortran runtime warning: An array temporary was created
At line 792 of file PROGRAM_q2r.f90
Fortran runtime warning: An array temporary was created
At line 792 of file PROGRAM_q2r.f90
Fortran runtime warning: An array temporary was created
At line 792 of file PROGRAM_q2r.f90
Fortran runtime warning: An array temporary was created
At line 792 of file PROGRAM_q2r.f90
Fortran runtime warning: An array temporary was created
At line 792 of file PROGRAM_q2r.f90
Fortran runtime warning: An array temporary was created
At line 792 of file PROGRAM_q2r.f90
Fortran runtime warning: An array temporary was created
At line 792 of file PROGRAM_q2r.f90
Fortran runtime warning: An array temporary was created
At line 792 of file PROGRAM_q2r.f90
Fortran runtime warning: An array temporary was created
At line 792 of file PROGRAM_q2r.f90
Fortran runtime warning: An array temporary was created
At line 792 of file PROGRAM_q2r.f90
Fortran runtime warning: An array temporary was created
At line 792 of file PROGRAM_q2r.f90
Fortran runtime warning: An array temporary was created
At line 792 of file PROGRAM_q2r.f90
Fortran runtime warning: An array temporary was created
At line 792 of file PROGRAM_q2r.f90
Fortran runtime warning: An array temporary was created
At line 792 of file PROGRAM_q2r.f90
Fortran runtime warning: An array temporary was created
At line 792 of file PROGRAM_q2r.f90
Fortran runtime warning: An array temporary was created

     Program D3_Q2R v.6.7GPU starts on 19Apr2021 at 10:59:31 

     This program is part of the open-source Quantum ESPRESSO suite
     for quantum simulation of materials; please cite
         "P. Giannozzi et al., J. Phys.:Condens. Matter 21 395502 (2009);
         "P. Giannozzi et al., J. Phys.:Condens. Matter 29 465901 (2017);
         "P. Giannozzi et al., J. Chem. Phys. 152 154105 (2020);
          URL http://www.quantum-espresso.org", 
     in publications or presentations arising from this work. More details at
     http://www.quantum-espresso.org/quote

     Parallel version (MPI), running on     1 processors

     MPI processes distributed on     1 nodes

     reading grid info from file dyn0
  reading force constants from file dyn1
 macroscopic fields = T
  24.59017  -0.00000  -0.00000
  -0.00000  24.59017   0.00000
   0.00000   0.00000  24.59017
  na=            1
  -1.22722  -0.00000   0.00000
   0.00000  -1.22722   0.00000
  -0.00000  -0.00000  -1.22722
  na=            2
  -1.22722   0.00000   0.00000
   0.00000  -1.22722  -0.00000
   0.00000  -0.00000  -1.22722
Norm of the difference between old and new effective charges:    3.00605960414335093844
  nqs=            1
         0.000000    0.000000    0.000000
  reading force constants from file dyn2
  nqs=            8
        -0.250000    0.250000   -0.250000
         0.250000   -0.250000   -0.250000
         0.250000   -0.250000    0.250000
         0.250000    0.250000    0.250000
        -0.250000   -0.250000   -0.250000
        -0.250000   -0.250000    0.250000
        -0.250000    0.250000    0.250000
         0.250000    0.250000   -0.250000
  reading force constants from file dyn3
  nqs=            4
         0.500000   -0.500000    0.500000
         0.500000    0.500000    0.500000
        -0.500000    0.500000    0.500000
         0.500000    0.500000   -0.500000
  reading force constants from file dyn4
  nqs=            6
         0.000000    0.500000    0.000000
         0.000000   -0.500000    0.000000
         0.500000    0.000000    0.000000
         0.000000    0.000000    0.500000
         0.000000    0.000000   -0.500000
        -0.500000    0.000000    0.000000
  reading force constants from file dyn5
  nqs=           24
         0.750000   -0.250000    0.750000
         0.750000   -0.250000   -0.750000
        -0.750000   -0.250000   -0.750000
        -0.750000   -0.250000    0.750000
        -0.750000    0.250000   -0.750000
        -0.250000    0.750000   -0.750000
        -0.750000    0.750000   -0.250000
         0.750000    0.250000    0.750000
        -0.750000    0.250000    0.750000
         0.750000    0.250000   -0.750000
        -0.750000    0.750000    0.250000
        -0.250000    0.750000    0.750000
         0.250000    0.750000   -0.750000
        -0.250000   -0.750000   -0.750000
         0.750000    0.750000   -0.250000
         0.750000   -0.750000    0.250000
        -0.750000   -0.750000   -0.250000
         0.250000   -0.750000    0.750000
        -0.750000   -0.750000    0.250000
         0.250000    0.750000    0.750000
        -0.250000   -0.750000    0.750000
         0.750000    0.750000    0.250000
         0.250000   -0.750000   -0.750000
         0.750000   -0.750000   -0.250000
  reading force constants from file dyn6
  nqs=           12
         0.500000    0.000000    0.500000
        -0.500000    0.000000    0.500000
        -0.500000    0.000000   -0.500000
         0.500000    0.000000   -0.500000
         0.000000    0.500000   -0.500000
        -0.500000    0.500000    0.000000
         0.000000    0.500000    0.500000
         0.000000   -0.500000   -0.500000
         0.500000    0.500000    0.000000
         0.500000   -0.500000    0.000000
        -0.500000   -0.500000    0.000000
         0.000000   -0.500000    0.500000
  reading force constants from file dyn7
  nqs=            3
         0.000000   -1.000000    0.000000
        -1.000000    0.000000    0.000000
         0.000000    0.000000   -1.000000
  reading force constants from file dyn8
  nqs=            6
        -0.500000   -1.000000    0.000000
         0.000000    1.000000    0.500000
         0.000000   -1.000000   -0.500000
         0.500000    1.000000    0.000000
        -1.000000   -0.500000    0.000000
         0.000000   -0.500000   -1.000000

      q-space grid ok, #points =   64

     D3_Q2R       :      0.03s CPU      0.03s WALL


   This run was terminated on:  10:59:31  19Apr2021            

=------------------------------------------------------------------------------=
   JOB DONE.
=------------------------------------------------------------------------------=
